#
# There is insufficient memory for the Java Runtime Environment to continue.
# Native memory allocation (malloc) failed to allocate 1034896 bytes for Chunk::new
# Possible reasons:
#   The system is out of physical RAM or swap space
#   The process is running with CompressedOops enabled, and the Java Heap may be blocking the growth of the native heap
# Possible solutions:
#   Reduce memory load on the system
#   Increase physical memory or swap space
#   Check if swap backing store is full
#   Decrease Java heap size (-Xmx/-Xms)
#   Decrease number of Java threads
#   Decrease Java thread stack sizes (-Xss)
#   Set larger code cache with -XX:ReservedCodeCacheSize=
#   JVM is running with Unscaled Compressed Oops mode in which the Java heap is
#     placed in the first 4GB address space. The Java Heap base address is the
#     maximum limit for the native heap growth. Please use -XX:HeapBaseMinAddress
#     to set the Java Heap base and to place the Java Heap above 4GB virtual address.
# This output file may be truncated or incomplete.
#
#  Out of Memory Error (./src/hotspot/share/memory/arena.cpp:197), pid=10952, tid=6296
#
# JRE version: OpenJDK Runtime Environment (11.0.13) (build 11.0.13+0-b1751.21-8125866)
# Java VM: OpenJDK 64-Bit Server VM (11.0.13+0-b1751.21-8125866, mixed mode, tiered, compressed oops, g1 gc, windows-amd64)
# No core dump will be written. Minidumps are not enabled by default on client versions of Windows
#

---------------  S U M M A R Y ------------

Command Line: --add-opens=java.base/java.util=ALL-UNNAMED --add-opens=java.base/java.lang=ALL-UNNAMED --add-opens=java.base/java.lang.invoke=ALL-UNNAMED --add-opens=java.base/java.util=ALL-UNNAMED --add-opens=java.prefs/java.util.prefs=ALL-UNNAMED --add-opens=java.prefs/java.util.prefs=ALL-UNNAMED --add-opens=java.base/java.nio.charset=ALL-UNNAMED --add-opens=java.base/java.net=ALL-UNNAMED --add-opens=java.base/java.util.concurrent.atomic=ALL-UNNAMED -Xmx2048m -Dfile.encoding=UTF-8 -Duser.country=IN -Duser.language=en -Duser.variant org.gradle.launcher.daemon.bootstrap.GradleDaemon 7.4

Host: Intel(R) Core(TM) i5-4210U CPU @ 1.70GHz, 4 cores, 7G,  Windows 10 , 64 bit Build 19041 (10.0.19041.3636)
Time: Thu Feb 22 10:54:46 2024 India Standard Time elapsed time: 132.766633 seconds (0d 0h 2m 12s)

---------------  T H R E A D  ---------------

Current thread (0x000001e15f256800):  JavaThread "C2 CompilerThread1" daemon [_thread_in_native, id=6296, stack(0x000000250c200000,0x000000250c300000)]


Current CompileTask:
C2: 132766 18706 %     4       com.android.tools.r8.dex.i::l @ 64 (2158 bytes)

Stack: [0x000000250c200000,0x000000250c300000]
Native frames: (J=compiled Java code, j=interpreted, Vv=VM code, C=native code)
V  [jvm.dll+0x6100fa]
V  [jvm.dll+0x747090]
V  [jvm.dll+0x7486ad]
V  [jvm.dll+0x748d83]
V  [jvm.dll+0x24ab48]
V  [jvm.dll+0xc04dc]
V  [jvm.dll+0xc0a0c]
V  [jvm.dll+0x35eb9d]
V  [jvm.dll+0x19d9bc]
V  [jvm.dll+0x2033be]
V  [jvm.dll+0x202437]
V  [jvm.dll+0x188e01]
V  [jvm.dll+0x21106b]
V  [jvm.dll+0x20f8c1]
V  [jvm.dll+0x70de0f]
V  [jvm.dll+0x706a75]
V  [jvm.dll+0x60ed66]
C  [ucrtbase.dll+0x21bb2]
C  [KERNEL32.DLL+0x17344]
C  [ntdll.dll+0x526b1]


---------------  P R O C E S S  ---------------

Threads class SMR info:
_java_thread_list=0x000001e15f48c310, length=93, elements={
0x000001e13b7a3000, 0x000001e157303000, 0x000001e157306800, 0x000001e157ca2800,
0x000001e157320800, 0x000001e157322000, 0x000001e157325000, 0x000001e157cdf000,
0x000001e157cf2800, 0x000001e157dd2800, 0x000001e158ffa800, 0x000001e158ade000,
0x000001e1580ce000, 0x000001e158c45000, 0x000001e158c46000, 0x000001e1595fb000,
0x000001e1595fc000, 0x000001e15899d800, 0x000001e159827800, 0x000001e15903f000,
0x000001e15903c800, 0x000001e15903b000, 0x000001e15903d800, 0x000001e15903b800,
0x000001e15903e000, 0x000001e159039000, 0x000001e159040000, 0x000001e15903a000,
0x000001e15bbf7800, 0x000001e15bbfa000, 0x000001e15bbf9800, 0x000001e15bbf7000,
0x000001e15bbf8800, 0x000001e15bbfb000, 0x000001e15bbf5000, 0x000001e15bc00800,
0x000001e15bbfc800, 0x000001e15bc01800, 0x000001e15bbfb800, 0x000001e15bc02000,
0x000001e15bc03000, 0x000001e15bbfd800, 0x000001e15bc04000, 0x000001e15bbfe000,
0x000001e15bbff000, 0x000001e15bc00000, 0x000001e15bd2f000, 0x000001e15bd2e000,
0x000001e15bd2c800, 0x000001e15bd29000, 0x000001e15bd2d000, 0x000001e15bd2b000,
0x000001e15bd2f800, 0x000001e15bd2a000, 0x000001e15bd31800, 0x000001e15bd30800,
0x000001e15bd2b800, 0x000001e15bd35800, 0x000001e15bd37000, 0x000001e15bd36000,
0x000001e15bd32000, 0x000001e15bd38000, 0x000001e15bd33000, 0x000001e15bd34000,
0x000001e15bd34800, 0x000001e15a867000, 0x000001e15a863000, 0x000001e15a864000,
0x000001e15a865000, 0x000001e15a86b800, 0x000001e15a869000, 0x000001e15a869800,
0x000001e15a86a800, 0x000001e15a865800, 0x000001e15a86c000, 0x000001e15a866800,
0x000001e15a86d000, 0x000001e15a868000, 0x000001e15a86f800, 0x000001e15a871000,
0x000001e15a86e000, 0x000001e15a86e800, 0x000001e15a872000, 0x000001e15c138800,
0x000001e15c135000, 0x000001e15c132800, 0x000001e15c139000, 0x000001e15c13a000,
0x000001e15c134000, 0x000001e15c13a800, 0x000001e15c137800, 0x000001e15c13c800,
0x000001e15f256800
}

Java Threads: ( => current thread )
  0x000001e13b7a3000 JavaThread "main" [_thread_blocked, id=13400, stack(0x0000002506600000,0x0000002506700000)]
  0x000001e157303000 JavaThread "Reference Handler" daemon [_thread_blocked, id=8916, stack(0x0000002506d00000,0x0000002506e00000)]
  0x000001e157306800 JavaThread "Finalizer" daemon [_thread_blocked, id=10916, stack(0x0000002506e00000,0x0000002506f00000)]
  0x000001e157ca2800 JavaThread "Signal Dispatcher" daemon [_thread_blocked, id=9180, stack(0x0000002506f00000,0x0000002507000000)]
  0x000001e157320800 JavaThread "Attach Listener" daemon [_thread_blocked, id=15376, stack(0x0000002507000000,0x0000002507100000)]
  0x000001e157322000 JavaThread "Service Thread" daemon [_thread_blocked, id=6352, stack(0x0000002507100000,0x0000002507200000)]
  0x000001e157325000 JavaThread "C2 CompilerThread0" daemon [_thread_in_native, id=2372, stack(0x0000002507200000,0x0000002507300000)]
  0x000001e157cdf000 JavaThread "C1 CompilerThread0" daemon [_thread_blocked, id=7808, stack(0x0000002507300000,0x0000002507400000)]
  0x000001e157cf2800 JavaThread "Sweeper thread" daemon [_thread_blocked, id=15680, stack(0x0000002507400000,0x0000002507500000)]
  0x000001e157dd2800 JavaThread "Common-Cleaner" daemon [_thread_blocked, id=12512, stack(0x0000002507500000,0x0000002507600000)]
  0x000001e158ffa800 JavaThread "Daemon health stats" [_thread_blocked, id=9668, stack(0x0000002507a00000,0x0000002507b00000)]
  0x000001e158ade000 JavaThread "Incoming local TCP Connector on port 38524" [_thread_in_native, id=16156, stack(0x0000002507b00000,0x0000002507c00000)]
  0x000001e1580ce000 JavaThread "Daemon periodic checks" [_thread_blocked, id=14400, stack(0x0000002507c00000,0x0000002507d00000)]
  0x000001e158c45000 JavaThread "Daemon" [_thread_blocked, id=15616, stack(0x0000002507d00000,0x0000002507e00000)]
  0x000001e158c46000 JavaThread "Handler for socket connection from /127.0.0.1:38524 to /127.0.0.1:38525" [_thread_in_native, id=13268, stack(0x0000002507e00000,0x0000002507f00000)]
  0x000001e1595fb000 JavaThread "Cancel handler" [_thread_blocked, id=11168, stack(0x0000002507f00000,0x0000002508000000)]
  0x000001e1595fc000 JavaThread "Daemon worker" [_thread_blocked, id=8596, stack(0x0000002508000000,0x0000002508100000)]
  0x000001e15899d800 JavaThread "Asynchronous log dispatcher for DefaultDaemonConnection: socket connection from /127.0.0.1:38524 to /127.0.0.1:38525" [_thread_blocked, id=2088, stack(0x0000002508100000,0x0000002508200000)]
  0x000001e159827800 JavaThread "Daemon client event forwarder" [_thread_blocked, id=9156, stack(0x0000002508300000,0x0000002508400000)]
  0x000001e15903f000 JavaThread "Cache worker for journal cache (C:\Users\Admin\.gradle\wrapper\dists\gradle-7.3.2-bin\caches\journal-1)" [_thread_blocked, id=7916, stack(0x0000002508400000,0x0000002508500000)]
  0x000001e15903c800 JavaThread "File lock request listener" [_thread_in_native, id=14720, stack(0x0000002508500000,0x0000002508600000)]
  0x000001e15903b000 JavaThread "Cache worker for file hash cache (C:\Users\Admin\.gradle\wrapper\dists\gradle-7.3.2-bin\caches\7.4\fileHashes)" [_thread_blocked, id=14124, stack(0x0000002508600000,0x0000002508700000)]
  0x000001e15903d800 JavaThread "File watcher server" daemon [_thread_in_native, id=11144, stack(0x0000002508800000,0x0000002508900000)]
  0x000001e15903b800 JavaThread "File watcher consumer" daemon [_thread_blocked, id=8940, stack(0x0000002508900000,0x0000002508a00000)]
  0x000001e15903e000 JavaThread "Cache worker for checksums cache (E:\copy\INS_KOCHI_LIbrary\.gradle\7.4\checksums)" [_thread_blocked, id=12656, stack(0x0000002508a00000,0x0000002508b00000)]
  0x000001e159039000 JavaThread "Cache worker for cache directory md-rule (C:\Users\Admin\.gradle\wrapper\dists\gradle-7.3.2-bin\caches\7.4\md-rule)" [_thread_blocked, id=2764, stack(0x0000002508b00000,0x0000002508c00000)]
  0x000001e159040000 JavaThread "Cache worker for file hash cache (E:\copy\INS_KOCHI_LIbrary\.gradle\7.4\fileHashes)" [_thread_blocked, id=6104, stack(0x0000002508c00000,0x0000002508d00000)]
  0x000001e15903a000 JavaThread "Cache worker for cache directory md-supplier (C:\Users\Admin\.gradle\wrapper\dists\gradle-7.3.2-bin\caches\7.4\md-supplier)" [_thread_blocked, id=12464, stack(0x0000002508d00000,0x0000002508e00000)]
  0x000001e15bbf7800 JavaThread "Cache worker for execution history cache (C:\Users\Admin\.gradle\wrapper\dists\gradle-7.3.2-bin\caches\7.4\executionHistory)" [_thread_blocked, id=13652, stack(0x0000002508e00000,0x0000002508f00000)]
  0x000001e15bbfa000 JavaThread "jar transforms" [_thread_blocked, id=1160, stack(0x0000002508700000,0x0000002508800000)]
  0x000001e15bbf9800 JavaThread "Cache worker for file content cache (C:\Users\Admin\.gradle\wrapper\dists\gradle-7.3.2-bin\caches\7.4\fileContent)" [_thread_blocked, id=13160, stack(0x0000002508f00000,0x0000002509000000)]
  0x000001e15bbf7000 JavaThread "jar transforms Thread 2" [_thread_blocked, id=2528, stack(0x0000002509000000,0x0000002509100000)]
  0x000001e15bbf8800 JavaThread "Cache worker for dependencies-accessors (E:\copy\INS_KOCHI_LIbrary\.gradle\7.4\dependencies-accessors)" [_thread_blocked, id=9936, stack(0x0000002509100000,0x0000002509200000)]
  0x000001e15bbfb000 JavaThread "jar transforms Thread 3" [_thread_blocked, id=15932, stack(0x0000002509200000,0x0000002509300000)]
  0x000001e15bbf5000 JavaThread "Cache worker for Build Output Cleanup Cache (E:\copy\INS_KOCHI_LIbrary\.gradle\buildOutputCleanup)" [_thread_blocked, id=16132, stack(0x0000002509300000,0x0000002509400000)]
  0x000001e15bc00800 JavaThread "Unconstrained build operations" [_thread_blocked, id=9628, stack(0x0000002509500000,0x0000002509600000)]
  0x000001e15bbfc800 JavaThread "Unconstrained build operations Thread 2" [_thread_blocked, id=9532, stack(0x0000002509600000,0x0000002509700000)]
  0x000001e15bc01800 JavaThread "Unconstrained build operations Thread 3" [_thread_blocked, id=13220, stack(0x0000002509700000,0x0000002509800000)]
  0x000001e15bbfb800 JavaThread "Unconstrained build operations Thread 4" [_thread_blocked, id=4792, stack(0x0000002509800000,0x0000002509900000)]
  0x000001e15bc02000 JavaThread "Unconstrained build operations Thread 5" [_thread_blocked, id=11836, stack(0x0000002509900000,0x0000002509a00000)]
  0x000001e15bc03000 JavaThread "Unconstrained build operations Thread 6" [_thread_blocked, id=11524, stack(0x0000002509a00000,0x0000002509b00000)]
  0x000001e15bbfd800 JavaThread "Unconstrained build operations Thread 7" [_thread_blocked, id=14944, stack(0x0000002509b00000,0x0000002509c00000)]
  0x000001e15bc04000 JavaThread "Unconstrained build operations Thread 8" [_thread_blocked, id=9904, stack(0x0000002509c00000,0x0000002509d00000)]
  0x000001e15bbfe000 JavaThread "Unconstrained build operations Thread 9" [_thread_blocked, id=9708, stack(0x0000002509d00000,0x0000002509e00000)]
  0x000001e15bbff000 JavaThread "Unconstrained build operations Thread 10" [_thread_blocked, id=5356, stack(0x0000002509e00000,0x0000002509f00000)]
  0x000001e15bc00000 JavaThread "Unconstrained build operations Thread 11" [_thread_blocked, id=7800, stack(0x0000002509f00000,0x000000250a000000)]
  0x000001e15bd2f000 JavaThread "Unconstrained build operations Thread 12" [_thread_blocked, id=4048, stack(0x000000250a000000,0x000000250a100000)]
  0x000001e15bd2e000 JavaThread "Unconstrained build operations Thread 13" [_thread_blocked, id=15712, stack(0x000000250a100000,0x000000250a200000)]
  0x000001e15bd2c800 JavaThread "Unconstrained build operations Thread 14" [_thread_blocked, id=7524, stack(0x000000250a200000,0x000000250a300000)]
  0x000001e15bd29000 JavaThread "Unconstrained build operations Thread 15" [_thread_blocked, id=14748, stack(0x000000250a300000,0x000000250a400000)]
  0x000001e15bd2d000 JavaThread "Unconstrained build operations Thread 16" [_thread_blocked, id=7784, stack(0x000000250a400000,0x000000250a500000)]
  0x000001e15bd2b000 JavaThread "Unconstrained build operations Thread 17" [_thread_blocked, id=10080, stack(0x000000250a500000,0x000000250a600000)]
  0x000001e15bd2f800 JavaThread "Unconstrained build operations Thread 18" [_thread_blocked, id=15840, stack(0x000000250a600000,0x000000250a700000)]
  0x000001e15bd2a000 JavaThread "Unconstrained build operations Thread 19" [_thread_blocked, id=3844, stack(0x000000250a700000,0x000000250a800000)]
  0x000001e15bd31800 JavaThread "Unconstrained build operations Thread 20" [_thread_blocked, id=15292, stack(0x000000250a800000,0x000000250a900000)]
  0x000001e15bd30800 JavaThread "Unconstrained build operations Thread 21" [_thread_blocked, id=7724, stack(0x000000250a900000,0x000000250aa00000)]
  0x000001e15bd2b800 JavaThread "Unconstrained build operations Thread 22" [_thread_blocked, id=14744, stack(0x000000250aa00000,0x000000250ab00000)]
  0x000001e15bd35800 JavaThread "Unconstrained build operations Thread 23" [_thread_blocked, id=12212, stack(0x000000250ab00000,0x000000250ac00000)]
  0x000001e15bd37000 JavaThread "Unconstrained build operations Thread 24" [_thread_blocked, id=14268, stack(0x000000250ac00000,0x000000250ad00000)]
  0x000001e15bd36000 JavaThread "Unconstrained build operations Thread 25" [_thread_blocked, id=6920, stack(0x000000250ad00000,0x000000250ae00000)]
  0x000001e15bd32000 JavaThread "Unconstrained build operations Thread 26" [_thread_blocked, id=5868, stack(0x000000250ae00000,0x000000250af00000)]
  0x000001e15bd38000 JavaThread "Unconstrained build operations Thread 27" [_thread_blocked, id=4924, stack(0x000000250af00000,0x000000250b000000)]
  0x000001e15bd33000 JavaThread "Unconstrained build operations Thread 28" [_thread_blocked, id=16180, stack(0x000000250b000000,0x000000250b100000)]
  0x000001e15bd34000 JavaThread "Unconstrained build operations Thread 29" [_thread_blocked, id=9052, stack(0x000000250b100000,0x000000250b200000)]
  0x000001e15bd34800 JavaThread "Unconstrained build operations Thread 30" [_thread_blocked, id=10596, stack(0x000000250b200000,0x000000250b300000)]
  0x000001e15a867000 JavaThread "Unconstrained build operations Thread 31" [_thread_blocked, id=1720, stack(0x000000250b300000,0x000000250b400000)]
  0x000001e15a863000 JavaThread "Unconstrained build operations Thread 32" [_thread_blocked, id=15600, stack(0x000000250b400000,0x000000250b500000)]
  0x000001e15a864000 JavaThread "Unconstrained build operations Thread 33" [_thread_blocked, id=2320, stack(0x000000250b500000,0x000000250b600000)]
  0x000001e15a865000 JavaThread "Unconstrained build operations Thread 34" [_thread_blocked, id=10948, stack(0x000000250b600000,0x000000250b700000)]
  0x000001e15a86b800 JavaThread "Unconstrained build operations Thread 35" [_thread_blocked, id=2436, stack(0x000000250b700000,0x000000250b800000)]
  0x000001e15a869000 JavaThread "Unconstrained build operations Thread 36" [_thread_blocked, id=572, stack(0x000000250b800000,0x000000250b900000)]
  0x000001e15a869800 JavaThread "Unconstrained build operations Thread 37" [_thread_blocked, id=1760, stack(0x000000250b900000,0x000000250ba00000)]
  0x000001e15a86a800 JavaThread "Unconstrained build operations Thread 38" [_thread_blocked, id=15148, stack(0x000000250ba00000,0x000000250bb00000)]
  0x000001e15a865800 JavaThread "Unconstrained build operations Thread 39" [_thread_blocked, id=14500, stack(0x000000250bb00000,0x000000250bc00000)]
  0x000001e15a86c000 JavaThread "Unconstrained build operations Thread 40" [_thread_blocked, id=7464, stack(0x000000250bc00000,0x000000250bd00000)]
  0x000001e15a866800 JavaThread "jar transforms Thread 4" [_thread_blocked, id=13624, stack(0x000000250bd00000,0x000000250be00000)]
  0x000001e15a86d000 JavaThread "Memory manager" [_thread_blocked, id=3268, stack(0x000000250be00000,0x000000250bf00000)]
  0x000001e15a868000 JavaThread "build event listener" [_thread_blocked, id=4532, stack(0x0000002506300000,0x0000002506400000)]
  0x000001e15a86f800 JavaThread "included builds" [_thread_blocked, id=7932, stack(0x0000002506400000,0x0000002506500000)]
  0x000001e15a871000 JavaThread "Execution worker for ':'" [_thread_blocked, id=15040, stack(0x0000002506500000,0x0000002506600000)]
  0x000001e15a86e000 JavaThread "Execution worker for ':' Thread 2" [_thread_blocked, id=504, stack(0x0000002508200000,0x0000002508300000)]
  0x000001e15a86e800 JavaThread "Execution worker for ':' Thread 3" [_thread_blocked, id=4440, stack(0x000000250c000000,0x000000250c100000)]
  0x000001e15a872000 JavaThread "Cache worker for execution history cache (E:\copy\INS_KOCHI_LIbrary\.gradle\7.4\executionHistory)" [_thread_blocked, id=5816, stack(0x000000250c100000,0x000000250c200000)]
  0x000001e15c138800 JavaThread "WorkerExecutor Queue" [_thread_blocked, id=16044, stack(0x000000250c300000,0x000000250c400000)]
  0x000001e15c135000 JavaThread "WorkerExecutor Queue Thread 3" [_thread_in_Java, id=2212, stack(0x000000250c500000,0x000000250c600000)]
  0x000001e15c132800 JavaThread "WorkerExecutor Queue Thread 4" [_thread_blocked, id=380, stack(0x000000250c600000,0x000000250c700000)]
  0x000001e15c139000 JavaThread "pool-3-thread-1" [_thread_blocked, id=8544, stack(0x000000250c700000,0x000000250c800000)]
  0x000001e15c13a000 JavaThread "stderr" [_thread_in_native, id=880, stack(0x000000250c800000,0x000000250c900000)]
  0x000001e15c134000 JavaThread "stdout" [_thread_in_native, id=13900, stack(0x000000250c900000,0x000000250ca00000)]
  0x000001e15c13a800 JavaThread "File lock release action executor" [_thread_blocked, id=3152, stack(0x000000250ca00000,0x000000250cb00000)]
  0x000001e15c137800 JavaThread "Thread-77" [_thread_in_native, id=14216, stack(0x000000250cb00000,0x000000250cc00000)]
  0x000001e15c13c800 JavaThread "WorkerExecutor Queue Thread 5" [_thread_blocked, id=13284, stack(0x000000250cc00000,0x000000250cd00000)]
=>0x000001e15f256800 JavaThread "C2 CompilerThread1" daemon [_thread_in_native, id=6296, stack(0x000000250c200000,0x000000250c300000)]

Other Threads:
  0x000001e1572fe800 VMThread "VM Thread" [stack: 0x0000002506c00000,0x0000002506d00000] [id=6996]
  0x000001e157e29000 WatcherThread [stack: 0x0000002507600000,0x0000002507700000] [id=16320]
  0x000001e13b7bc800 GCTaskThread "GC Thread#0" [stack: 0x0000002506700000,0x0000002506800000] [id=10256]
  0x000001e1580f9000 GCTaskThread "GC Thread#1" [stack: 0x0000002507800000,0x0000002507900000] [id=3724]
  0x000001e1580d8000 GCTaskThread "GC Thread#2" [stack: 0x0000002507900000,0x0000002507a00000] [id=9984]
  0x000001e1595e8000 GCTaskThread "GC Thread#3" [stack: 0x0000002507700000,0x0000002507800000] [id=5552]
  0x000001e13b7eb800 ConcurrentGCThread "G1 Main Marker" [stack: 0x0000002506800000,0x0000002506900000] [id=2072]
  0x000001e13b7ee000 ConcurrentGCThread "G1 Conc#0" [stack: 0x0000002506900000,0x0000002506a00000] [id=12892]
  0x000001e13b87b000 ConcurrentGCThread "G1 Refine#0" [stack: 0x0000002506a00000,0x0000002506b00000] [id=5516]
  0x000001e13b87c000 ConcurrentGCThread "G1 Young RemSet Sampling" [stack: 0x0000002506b00000,0x0000002506c00000] [id=13168]

Threads with active compile tasks:
C2 CompilerThread0 132821 18637       4       javax.management.ObjectName::construct (1135 bytes)
C2 CompilerThread1 132821 18706 %     4       com.android.tools.r8.dex.i::l @ 64 (2158 bytes)

VM state:not at safepoint (normal execution)

VM Mutex/Monitor currently owned by a thread: None

Heap address: 0x0000000080000000, size: 2048 MB, Compressed Oops mode: 32-bit
Narrow klass base: 0x0000000000000000, Narrow klass shift: 3
Compressed class space size: 1073741824 Address: 0x0000000100000000

Heap:
 garbage-first heap   total 312320K, used 224676K [0x0000000080000000, 0x0000000100000000)
  region size 1024K, 24 young (24576K), 2 survivors (2048K)
 Metaspace       used 114857K, capacity 117645K, committed 117924K, reserved 1150976K
  class space    used 14512K, capacity 15603K, committed 15692K, reserved 1048576K
Heap Regions: E=young(eden), S=young(survivor), O=old, HS=humongous(starts), HC=humongous(continues), CS=collection set, F=free, A=archive, TAMS=top-at-mark-start (previous, next)
|   0|0x0000000080000000, 0x0000000080100000, 0x0000000080100000|100%|HS|  |TAMS 0x0000000080100000, 0x0000000080000000| Complete 
|   1|0x0000000080100000, 0x0000000080200000, 0x0000000080200000|100%|HC|  |TAMS 0x0000000080200000, 0x0000000080100000| Complete 
|   2|0x0000000080200000, 0x0000000080300000, 0x0000000080300000|100%|HC|  |TAMS 0x0000000080300000, 0x0000000080200000| Complete 
|   3|0x0000000080300000, 0x0000000080400000, 0x0000000080400000|100%| O|  |TAMS 0x0000000080400000, 0x0000000080300000| Untracked 
|   4|0x0000000080400000, 0x0000000080500000, 0x0000000080500000|100%| O|  |TAMS 0x0000000080500000, 0x0000000080400000| Untracked 
|   5|0x0000000080500000, 0x0000000080600000, 0x0000000080600000|100%| O|  |TAMS 0x0000000080600000, 0x0000000080500000| Untracked 
|   6|0x0000000080600000, 0x0000000080700000, 0x0000000080700000|100%| O|  |TAMS 0x0000000080700000, 0x0000000080600000| Untracked 
|   7|0x0000000080700000, 0x0000000080800000, 0x0000000080800000|100%| O|  |TAMS 0x0000000080800000, 0x0000000080700000| Untracked 
|   8|0x0000000080800000, 0x0000000080900000, 0x0000000080900000|100%| O|  |TAMS 0x0000000080900000, 0x0000000080800000| Untracked 
|   9|0x0000000080900000, 0x0000000080a00000, 0x0000000080a00000|100%| O|  |TAMS 0x0000000080a00000, 0x0000000080900000| Untracked 
|  10|0x0000000080a00000, 0x0000000080b00000, 0x0000000080b00000|100%| O|  |TAMS 0x0000000080b00000, 0x0000000080a00000| Untracked 
|  11|0x0000000080b00000, 0x0000000080c00000, 0x0000000080c00000|100%| O|  |TAMS 0x0000000080c00000, 0x0000000080b00000| Untracked 
|  12|0x0000000080c00000, 0x0000000080d00000, 0x0000000080d00000|100%| O|  |TAMS 0x0000000080d00000, 0x0000000080c00000| Untracked 
|  13|0x0000000080d00000, 0x0000000080e00000, 0x0000000080e00000|100%| O|  |TAMS 0x0000000080e00000, 0x0000000080d00000| Untracked 
|  14|0x0000000080e00000, 0x0000000080f00000, 0x0000000080f00000|100%| O|  |TAMS 0x0000000080f00000, 0x0000000080e00000| Untracked 
|  15|0x0000000080f00000, 0x0000000081000000, 0x0000000081000000|100%| O|  |TAMS 0x0000000081000000, 0x0000000080f00000| Untracked 
|  16|0x0000000081000000, 0x0000000081100000, 0x0000000081100000|100%| O|  |TAMS 0x0000000081100000, 0x0000000081000000| Untracked 
|  17|0x0000000081100000, 0x0000000081200000, 0x0000000081200000|100%| O|  |TAMS 0x0000000081200000, 0x0000000081100000| Untracked 
|  18|0x0000000081200000, 0x0000000081300000, 0x0000000081300000|100%| O|  |TAMS 0x0000000081300000, 0x0000000081200000| Untracked 
|  19|0x0000000081300000, 0x0000000081400000, 0x0000000081400000|100%| O|  |TAMS 0x0000000081400000, 0x0000000081300000| Untracked 
|  20|0x0000000081400000, 0x0000000081500000, 0x0000000081500000|100%| O|  |TAMS 0x0000000081500000, 0x0000000081400000| Untracked 
|  21|0x0000000081500000, 0x0000000081600000, 0x0000000081600000|100%| O|  |TAMS 0x0000000081600000, 0x0000000081500000| Untracked 
|  22|0x0000000081600000, 0x0000000081700000, 0x0000000081700000|100%| O|  |TAMS 0x0000000081700000, 0x0000000081600000| Untracked 
|  23|0x0000000081700000, 0x0000000081800000, 0x0000000081800000|100%| O|  |TAMS 0x0000000081800000, 0x0000000081700000| Untracked 
|  24|0x0000000081800000, 0x0000000081900000, 0x0000000081900000|100%| O|  |TAMS 0x0000000081900000, 0x0000000081800000| Untracked 
|  25|0x0000000081900000, 0x0000000081a00000, 0x0000000081a00000|100%| O|  |TAMS 0x0000000081a00000, 0x0000000081900000| Untracked 
|  26|0x0000000081a00000, 0x0000000081b00000, 0x0000000081b00000|100%| O|  |TAMS 0x0000000081b00000, 0x0000000081a00000| Untracked 
|  27|0x0000000081b00000, 0x0000000081c00000, 0x0000000081c00000|100%|HS|  |TAMS 0x0000000081c00000, 0x0000000081b00000| Complete 
|  28|0x0000000081c00000, 0x0000000081d00000, 0x0000000081d00000|100%|HS|  |TAMS 0x0000000081d00000, 0x0000000081c00000| Complete 
|  29|0x0000000081d00000, 0x0000000081e00000, 0x0000000081e00000|100%|HS|  |TAMS 0x0000000081e00000, 0x0000000081d00000| Complete 
|  30|0x0000000081e00000, 0x0000000081f00000, 0x0000000081f00000|100%|HS|  |TAMS 0x0000000081f00000, 0x0000000081e00000| Complete 
|  31|0x0000000081f00000, 0x0000000082000000, 0x0000000082000000|100%|HC|  |TAMS 0x0000000082000000, 0x0000000081f00000| Complete 
|  32|0x0000000082000000, 0x0000000082100000, 0x0000000082100000|100%|HC|  |TAMS 0x0000000082100000, 0x0000000082000000| Complete 
|  33|0x0000000082100000, 0x0000000082200000, 0x0000000082200000|100%|HC|  |TAMS 0x0000000082200000, 0x0000000082100000| Complete 
|  34|0x0000000082200000, 0x0000000082300000, 0x0000000082300000|100%| O|  |TAMS 0x0000000082300000, 0x0000000082200000| Untracked 
|  35|0x0000000082300000, 0x0000000082400000, 0x0000000082400000|100%|HS|  |TAMS 0x0000000082400000, 0x0000000082300000| Complete 
|  36|0x0000000082400000, 0x0000000082500000, 0x0000000082500000|100%|HC|  |TAMS 0x0000000082500000, 0x0000000082400000| Complete 
|  37|0x0000000082500000, 0x0000000082600000, 0x0000000082600000|100%| O|  |TAMS 0x0000000082600000, 0x0000000082500000| Untracked 
|  38|0x0000000082600000, 0x0000000082700000, 0x0000000082700000|100%| O|  |TAMS 0x0000000082700000, 0x0000000082600000| Untracked 
|  39|0x0000000082700000, 0x0000000082800000, 0x0000000082800000|100%| O|  |TAMS 0x0000000082800000, 0x0000000082700000| Untracked 
|  40|0x0000000082800000, 0x0000000082800000, 0x0000000082900000|  0%| F|  |TAMS 0x0000000082800000, 0x0000000082800000| Untracked 
|  41|0x0000000082900000, 0x0000000082900000, 0x0000000082a00000|  0%| F|  |TAMS 0x0000000082900000, 0x0000000082900000| Untracked 
|  42|0x0000000082a00000, 0x0000000082b00000, 0x0000000082b00000|100%| O|  |TAMS 0x0000000082b00000, 0x0000000082a00000| Untracked 
|  43|0x0000000082b00000, 0x0000000082c00000, 0x0000000082c00000|100%| O|  |TAMS 0x0000000082c00000, 0x0000000082b00000| Untracked 
|  44|0x0000000082c00000, 0x0000000082d00000, 0x0000000082d00000|100%| O|  |TAMS 0x0000000082d00000, 0x0000000082c00000| Untracked 
|  45|0x0000000082d00000, 0x0000000082e00000, 0x0000000082e00000|100%| O|  |TAMS 0x0000000082e00000, 0x0000000082d00000| Untracked 
|  46|0x0000000082e00000, 0x0000000082f00000, 0x0000000082f00000|100%| O|  |TAMS 0x0000000082f00000, 0x0000000082e00000| Untracked 
|  47|0x0000000082f00000, 0x0000000082f00000, 0x0000000083000000|  0%| F|  |TAMS 0x0000000082f00000, 0x0000000082f00000| Untracked 
|  48|0x0000000083000000, 0x0000000083100000, 0x0000000083100000|100%| O|  |TAMS 0x0000000083100000, 0x0000000083000000| Untracked 
|  49|0x0000000083100000, 0x0000000083200000, 0x0000000083200000|100%| O|  |TAMS 0x0000000083200000, 0x0000000083100000| Untracked 
|  50|0x0000000083200000, 0x0000000083300000, 0x0000000083300000|100%| O|  |TAMS 0x0000000083300000, 0x0000000083200000| Untracked 
|  51|0x0000000083300000, 0x0000000083300000, 0x0000000083400000|  0%| F|  |TAMS 0x0000000083300000, 0x0000000083300000| Untracked 
|  52|0x0000000083400000, 0x0000000083500000, 0x0000000083500000|100%| O|  |TAMS 0x0000000083500000, 0x0000000083400000| Untracked 
|  53|0x0000000083500000, 0x0000000083600000, 0x0000000083600000|100%| O|  |TAMS 0x0000000083600000, 0x0000000083500000| Untracked 
|  54|0x0000000083600000, 0x0000000083700000, 0x0000000083700000|100%| O|  |TAMS 0x0000000083700000, 0x0000000083600000| Untracked 
|  55|0x0000000083700000, 0x0000000083800000, 0x0000000083800000|100%| O|  |TAMS 0x0000000083800000, 0x0000000083700000| Untracked 
|  56|0x0000000083800000, 0x0000000083900000, 0x0000000083900000|100%| O|  |TAMS 0x0000000083900000, 0x0000000083800000| Untracked 
|  57|0x0000000083900000, 0x0000000083a00000, 0x0000000083a00000|100%| O|  |TAMS 0x0000000083a00000, 0x0000000083900000| Untracked 
|  58|0x0000000083a00000, 0x0000000083b00000, 0x0000000083b00000|100%| O|  |TAMS 0x0000000083b00000, 0x0000000083a00000| Untracked 
|  59|0x0000000083b00000, 0x0000000083c00000, 0x0000000083c00000|100%| O|  |TAMS 0x0000000083c00000, 0x0000000083b00000| Untracked 
|  60|0x0000000083c00000, 0x0000000083d00000, 0x0000000083d00000|100%| O|  |TAMS 0x0000000083d00000, 0x0000000083c00000| Untracked 
|  61|0x0000000083d00000, 0x0000000083e00000, 0x0000000083e00000|100%| O|  |TAMS 0x0000000083e00000, 0x0000000083d00000| Untracked 
|  62|0x0000000083e00000, 0x0000000083f00000, 0x0000000083f00000|100%| O|  |TAMS 0x0000000083f00000, 0x0000000083e00000| Untracked 
|  63|0x0000000083f00000, 0x0000000084000000, 0x0000000084000000|100%| O|  |TAMS 0x0000000084000000, 0x0000000083f00000| Untracked 
|  64|0x0000000084000000, 0x0000000084100000, 0x0000000084100000|100%| O|  |TAMS 0x0000000084100000, 0x0000000084000000| Untracked 
|  65|0x0000000084100000, 0x0000000084200000, 0x0000000084200000|100%| O|  |TAMS 0x0000000084200000, 0x0000000084100000| Untracked 
|  66|0x0000000084200000, 0x0000000084300000, 0x0000000084300000|100%| O|  |TAMS 0x0000000084300000, 0x0000000084200000| Untracked 
|  67|0x0000000084300000, 0x0000000084400000, 0x0000000084400000|100%| O|  |TAMS 0x0000000084400000, 0x0000000084300000| Untracked 
|  68|0x0000000084400000, 0x0000000084500000, 0x0000000084500000|100%| O|  |TAMS 0x0000000084500000, 0x0000000084400000| Untracked 
|  69|0x0000000084500000, 0x0000000084600000, 0x0000000084600000|100%| O|  |TAMS 0x0000000084600000, 0x0000000084500000| Untracked 
|  70|0x0000000084600000, 0x0000000084700000, 0x0000000084700000|100%| O|  |TAMS 0x0000000084700000, 0x0000000084600000| Untracked 
|  71|0x0000000084700000, 0x0000000084800000, 0x0000000084800000|100%| O|  |TAMS 0x0000000084800000, 0x0000000084700000| Untracked 
|  72|0x0000000084800000, 0x0000000084900000, 0x0000000084900000|100%| O|  |TAMS 0x0000000084900000, 0x0000000084800000| Untracked 
|  73|0x0000000084900000, 0x0000000084a00000, 0x0000000084a00000|100%| O|  |TAMS 0x0000000084a00000, 0x0000000084900000| Untracked 
|  74|0x0000000084a00000, 0x0000000084b00000, 0x0000000084b00000|100%| O|  |TAMS 0x0000000084b00000, 0x0000000084a00000| Untracked 
|  75|0x0000000084b00000, 0x0000000084c00000, 0x0000000084c00000|100%| O|  |TAMS 0x0000000084c00000, 0x0000000084b00000| Untracked 
|  76|0x0000000084c00000, 0x0000000084d00000, 0x0000000084d00000|100%| O|  |TAMS 0x0000000084d00000, 0x0000000084c00000| Untracked 
|  77|0x0000000084d00000, 0x0000000084e00000, 0x0000000084e00000|100%| O|  |TAMS 0x0000000084e00000, 0x0000000084d00000| Untracked 
|  78|0x0000000084e00000, 0x0000000084f00000, 0x0000000084f00000|100%| O|  |TAMS 0x0000000084f00000, 0x0000000084e00000| Untracked 
|  79|0x0000000084f00000, 0x0000000085000000, 0x0000000085000000|100%| O|  |TAMS 0x0000000085000000, 0x0000000084f00000| Untracked 
|  80|0x0000000085000000, 0x0000000085100000, 0x0000000085100000|100%| O|  |TAMS 0x0000000085100000, 0x0000000085000000| Untracked 
|  81|0x0000000085100000, 0x0000000085200000, 0x0000000085200000|100%| O|  |TAMS 0x0000000085200000, 0x0000000085100000| Untracked 
|  82|0x0000000085200000, 0x0000000085300000, 0x0000000085300000|100%| O|  |TAMS 0x0000000085300000, 0x0000000085200000| Untracked 
|  83|0x0000000085300000, 0x0000000085400000, 0x0000000085400000|100%| O|  |TAMS 0x0000000085400000, 0x0000000085300000| Untracked 
|  84|0x0000000085400000, 0x0000000085500000, 0x0000000085500000|100%| O|  |TAMS 0x0000000085500000, 0x0000000085400000| Untracked 
|  85|0x0000000085500000, 0x0000000085600000, 0x0000000085600000|100%| O|  |TAMS 0x0000000085600000, 0x0000000085500000| Untracked 
|  86|0x0000000085600000, 0x0000000085700000, 0x0000000085700000|100%| O|  |TAMS 0x0000000085700000, 0x0000000085600000| Untracked 
|  87|0x0000000085700000, 0x0000000085800000, 0x0000000085800000|100%| O|  |TAMS 0x0000000085800000, 0x0000000085700000| Untracked 
|  88|0x0000000085800000, 0x0000000085900000, 0x0000000085900000|100%| O|  |TAMS 0x0000000085900000, 0x0000000085800000| Untracked 
|  89|0x0000000085900000, 0x0000000085a00000, 0x0000000085a00000|100%| O|  |TAMS 0x0000000085a00000, 0x0000000085900000| Untracked 
|  90|0x0000000085a00000, 0x0000000085b00000, 0x0000000085b00000|100%| O|  |TAMS 0x0000000085b00000, 0x0000000085a00000| Untracked 
|  91|0x0000000085b00000, 0x0000000085b00000, 0x0000000085c00000|  0%| F|  |TAMS 0x0000000085b00000, 0x0000000085b00000| Untracked 
|  92|0x0000000085c00000, 0x0000000085c00000, 0x0000000085d00000|  0%| F|  |TAMS 0x0000000085c00000, 0x0000000085c00000| Untracked 
|  93|0x0000000085d00000, 0x0000000085e00000, 0x0000000085e00000|100%| O|  |TAMS 0x0000000085e00000, 0x0000000085d00000| Untracked 
|  94|0x0000000085e00000, 0x0000000085f00000, 0x0000000085f00000|100%| O|  |TAMS 0x0000000085f00000, 0x0000000085e00000| Untracked 
|  95|0x0000000085f00000, 0x0000000086000000, 0x0000000086000000|100%| O|  |TAMS 0x0000000086000000, 0x0000000085f00000| Untracked 
|  96|0x0000000086000000, 0x0000000086100000, 0x0000000086100000|100%| O|  |TAMS 0x0000000086100000, 0x0000000086000000| Untracked 
|  97|0x0000000086100000, 0x0000000086100000, 0x0000000086200000|  0%| F|  |TAMS 0x0000000086100000, 0x0000000086100000| Untracked 
|  98|0x0000000086200000, 0x0000000086300000, 0x0000000086300000|100%| O|  |TAMS 0x0000000086300000, 0x0000000086200000| Untracked 
|  99|0x0000000086300000, 0x0000000086400000, 0x0000000086400000|100%| O|  |TAMS 0x0000000086400000, 0x0000000086300000| Untracked 
| 100|0x0000000086400000, 0x0000000086500000, 0x0000000086500000|100%| O|  |TAMS 0x0000000086500000, 0x0000000086400000| Untracked 
| 101|0x0000000086500000, 0x0000000086500000, 0x0000000086600000|  0%| F|  |TAMS 0x0000000086500000, 0x0000000086500000| Untracked 
| 102|0x0000000086600000, 0x0000000086600000, 0x0000000086700000|  0%| F|  |TAMS 0x0000000086600000, 0x0000000086600000| Untracked 
| 103|0x0000000086700000, 0x0000000086800000, 0x0000000086800000|100%| O|  |TAMS 0x0000000086800000, 0x0000000086700000| Untracked 
| 104|0x0000000086800000, 0x0000000086800000, 0x0000000086900000|  0%| F|  |TAMS 0x0000000086800000, 0x0000000086800000| Untracked 
| 105|0x0000000086900000, 0x0000000086900000, 0x0000000086a00000|  0%| F|  |TAMS 0x0000000086900000, 0x0000000086900000| Untracked 
| 106|0x0000000086a00000, 0x0000000086b00000, 0x0000000086b00000|100%| O|  |TAMS 0x0000000086b00000, 0x0000000086a00000| Untracked 
| 107|0x0000000086b00000, 0x0000000086c00000, 0x0000000086c00000|100%| O|  |TAMS 0x0000000086c00000, 0x0000000086b00000| Untracked 
| 108|0x0000000086c00000, 0x0000000086c00000, 0x0000000086d00000|  0%| F|  |TAMS 0x0000000086c00000, 0x0000000086c00000| Untracked 
| 109|0x0000000086d00000, 0x0000000086d00000, 0x0000000086e00000|  0%| F|  |TAMS 0x0000000086d00000, 0x0000000086d00000| Untracked 
| 110|0x0000000086e00000, 0x0000000086e00000, 0x0000000086f00000|  0%| F|  |TAMS 0x0000000086e00000, 0x0000000086e00000| Untracked 
| 111|0x0000000086f00000, 0x0000000086f00000, 0x0000000087000000|  0%| F|  |TAMS 0x0000000086f00000, 0x0000000086f00000| Untracked 
| 112|0x0000000087000000, 0x0000000087000000, 0x0000000087100000|  0%| F|  |TAMS 0x0000000087000000, 0x0000000087000000| Untracked 
| 113|0x0000000087100000, 0x0000000087100000, 0x0000000087200000|  0%| F|  |TAMS 0x0000000087100000, 0x0000000087100000| Untracked 
| 114|0x0000000087200000, 0x0000000087200000, 0x0000000087300000|  0%| F|  |TAMS 0x0000000087200000, 0x0000000087200000| Untracked 
| 115|0x0000000087300000, 0x0000000087300000, 0x0000000087400000|  0%| F|  |TAMS 0x0000000087300000, 0x0000000087300000| Untracked 
| 116|0x0000000087400000, 0x0000000087400000, 0x0000000087500000|  0%| F|  |TAMS 0x0000000087400000, 0x0000000087400000| Untracked 
| 117|0x0000000087500000, 0x0000000087500000, 0x0000000087600000|  0%| F|  |TAMS 0x0000000087500000, 0x0000000087500000| Untracked 
| 118|0x0000000087600000, 0x0000000087700000, 0x0000000087700000|100%|HS|  |TAMS 0x0000000087600000, 0x0000000087600000| Complete 
| 119|0x0000000087700000, 0x0000000087800000, 0x0000000087800000|100%| O|  |TAMS 0x0000000087700000, 0x0000000087700000| Untracked 
| 120|0x0000000087800000, 0x0000000087900000, 0x0000000087900000|100%| O|  |TAMS 0x0000000087900000, 0x0000000087800000| Untracked 
| 121|0x0000000087900000, 0x0000000087900000, 0x0000000087a00000|  0%| F|  |TAMS 0x0000000087900000, 0x0000000087900000| Untracked 
| 122|0x0000000087a00000, 0x0000000087b00000, 0x0000000087b00000|100%|HS|  |TAMS 0x0000000087a00000, 0x0000000087a00000| Complete 
| 123|0x0000000087b00000, 0x0000000087c00000, 0x0000000087c00000|100%|HC|  |TAMS 0x0000000087b00000, 0x0000000087b00000| Complete 
| 124|0x0000000087c00000, 0x0000000087d00000, 0x0000000087d00000|100%| O|  |TAMS 0x0000000087c00000, 0x0000000087c00000| Untracked 
| 125|0x0000000087d00000, 0x0000000087d00000, 0x0000000087e00000|  0%| F|  |TAMS 0x0000000087d00000, 0x0000000087d00000| Untracked 
| 126|0x0000000087e00000, 0x0000000087f00000, 0x0000000087f00000|100%|HS|  |TAMS 0x0000000087e00000, 0x0000000087e00000| Complete 
| 127|0x0000000087f00000, 0x0000000087f00000, 0x0000000088000000|  0%| F|  |TAMS 0x0000000087f00000, 0x0000000087f00000| Untracked 
| 128|0x0000000088000000, 0x0000000088000000, 0x0000000088100000|  0%| F|  |TAMS 0x0000000088000000, 0x0000000088000000| Untracked 
| 129|0x0000000088100000, 0x0000000088100000, 0x0000000088200000|  0%| F|  |TAMS 0x0000000088100000, 0x0000000088100000| Untracked 
| 130|0x0000000088200000, 0x0000000088200000, 0x0000000088300000|  0%| F|  |TAMS 0x0000000088200000, 0x0000000088200000| Untracked 
| 131|0x0000000088300000, 0x0000000088300000, 0x0000000088400000|  0%| F|  |TAMS 0x0000000088300000, 0x0000000088300000| Untracked 
| 132|0x0000000088400000, 0x0000000088500000, 0x0000000088500000|100%| O|  |TAMS 0x0000000088500000, 0x0000000088400000| Untracked 
| 133|0x0000000088500000, 0x0000000088600000, 0x0000000088600000|100%|HS|  |TAMS 0x0000000088600000, 0x0000000088500000| Complete 
| 134|0x0000000088600000, 0x0000000088700000, 0x0000000088700000|100%| O|  |TAMS 0x0000000088700000, 0x0000000088600000| Untracked 
| 135|0x0000000088700000, 0x0000000088800000, 0x0000000088800000|100%|HS|  |TAMS 0x0000000088800000, 0x0000000088700000| Complete 
| 136|0x0000000088800000, 0x0000000088900000, 0x0000000088900000|100%|HC|  |TAMS 0x0000000088900000, 0x0000000088800000| Complete 
| 137|0x0000000088900000, 0x0000000088a00000, 0x0000000088a00000|100%|HS|  |TAMS 0x0000000088a00000, 0x0000000088900000| Complete 
| 138|0x0000000088a00000, 0x0000000088b00000, 0x0000000088b00000|100%|HS|  |TAMS 0x0000000088b00000, 0x0000000088a00000| Complete 
| 139|0x0000000088b00000, 0x0000000088c00000, 0x0000000088c00000|100%|HC|  |TAMS 0x0000000088c00000, 0x0000000088b00000| Complete 
| 140|0x0000000088c00000, 0x0000000088d00000, 0x0000000088d00000|100%|HS|  |TAMS 0x0000000088d00000, 0x0000000088c00000| Complete 
| 141|0x0000000088d00000, 0x0000000088e00000, 0x0000000088e00000|100%|HC|  |TAMS 0x0000000088e00000, 0x0000000088d00000| Complete 
| 142|0x0000000088e00000, 0x0000000088f00000, 0x0000000088f00000|100%|HS|  |TAMS 0x0000000088f00000, 0x0000000088e00000| Complete 
| 143|0x0000000088f00000, 0x0000000089000000, 0x0000000089000000|100%|HC|  |TAMS 0x0000000089000000, 0x0000000088f00000| Complete 
| 144|0x0000000089000000, 0x0000000089100000, 0x0000000089100000|100%|HS|  |TAMS 0x0000000089100000, 0x0000000089000000| Complete 
| 145|0x0000000089100000, 0x0000000089200000, 0x0000000089200000|100%|HC|  |TAMS 0x0000000089200000, 0x0000000089100000| Complete 
| 146|0x0000000089200000, 0x0000000089300000, 0x0000000089300000|100%|HC|  |TAMS 0x0000000089300000, 0x0000000089200000| Complete 
| 147|0x0000000089300000, 0x0000000089400000, 0x0000000089400000|100%|HS|  |TAMS 0x0000000089400000, 0x0000000089300000| Complete 
| 148|0x0000000089400000, 0x0000000089500000, 0x0000000089500000|100%|HC|  |TAMS 0x0000000089500000, 0x0000000089400000| Complete 
| 149|0x0000000089500000, 0x0000000089600000, 0x0000000089600000|100%|HC|  |TAMS 0x0000000089600000, 0x0000000089500000| Complete 
| 150|0x0000000089600000, 0x0000000089700000, 0x0000000089700000|100%|HC|  |TAMS 0x0000000089700000, 0x0000000089600000| Complete 
| 151|0x0000000089700000, 0x0000000089800000, 0x0000000089800000|100%|HS|  |TAMS 0x0000000089800000, 0x0000000089700000| Complete 
| 152|0x0000000089800000, 0x0000000089900000, 0x0000000089900000|100%|HC|  |TAMS 0x0000000089900000, 0x0000000089800000| Complete 
| 153|0x0000000089900000, 0x0000000089a00000, 0x0000000089a00000|100%|HC|  |TAMS 0x0000000089a00000, 0x0000000089900000| Complete 
| 154|0x0000000089a00000, 0x0000000089b00000, 0x0000000089b00000|100%|HC|  |TAMS 0x0000000089b00000, 0x0000000089a00000| Complete 
| 155|0x0000000089b00000, 0x0000000089c00000, 0x0000000089c00000|100%|HS|  |TAMS 0x0000000089c00000, 0x0000000089b00000| Complete 
| 156|0x0000000089c00000, 0x0000000089d00000, 0x0000000089d00000|100%|HS|  |TAMS 0x0000000089d00000, 0x0000000089c00000| Complete 
| 157|0x0000000089d00000, 0x0000000089e00000, 0x0000000089e00000|100%|HC|  |TAMS 0x0000000089e00000, 0x0000000089d00000| Complete 
| 158|0x0000000089e00000, 0x0000000089f00000, 0x0000000089f00000|100%|HC|  |TAMS 0x0000000089f00000, 0x0000000089e00000| Complete 
| 159|0x0000000089f00000, 0x000000008a000000, 0x000000008a000000|100%|HS|  |TAMS 0x000000008a000000, 0x0000000089f00000| Complete 
| 160|0x000000008a000000, 0x000000008a100000, 0x000000008a100000|100%|HS|  |TAMS 0x000000008a100000, 0x000000008a000000| Complete 
| 161|0x000000008a100000, 0x000000008a200000, 0x000000008a200000|100%| O|  |TAMS 0x000000008a200000, 0x000000008a100000| Untracked 
| 162|0x000000008a200000, 0x000000008a300000, 0x000000008a300000|100%| O|  |TAMS 0x000000008a300000, 0x000000008a200000| Untracked 
| 163|0x000000008a300000, 0x000000008a400000, 0x000000008a400000|100%| O|  |TAMS 0x000000008a400000, 0x000000008a300000| Untracked 
| 164|0x000000008a400000, 0x000000008a500000, 0x000000008a500000|100%|HS|  |TAMS 0x000000008a400000, 0x000000008a400000| Complete 
| 165|0x000000008a500000, 0x000000008a600000, 0x000000008a600000|100%|HC|  |TAMS 0x000000008a500000, 0x000000008a500000| Complete 
| 166|0x000000008a600000, 0x000000008a700000, 0x000000008a700000|100%|HC|  |TAMS 0x000000008a600000, 0x000000008a600000| Complete 
| 167|0x000000008a700000, 0x000000008a800000, 0x000000008a800000|100%|HS|  |TAMS 0x000000008a700000, 0x000000008a700000| Complete 
| 168|0x000000008a800000, 0x000000008a900000, 0x000000008a900000|100%|HC|  |TAMS 0x000000008a800000, 0x000000008a800000| Complete 
| 169|0x000000008a900000, 0x000000008aa00000, 0x000000008aa00000|100%|HC|  |TAMS 0x000000008a900000, 0x000000008a900000| Complete 
| 170|0x000000008aa00000, 0x000000008ab00000, 0x000000008ab00000|100%| O|  |TAMS 0x000000008aa00000, 0x000000008aa00000| Untracked 
| 171|0x000000008ab00000, 0x000000008ac00000, 0x000000008ac00000|100%|HS|  |TAMS 0x000000008ab00000, 0x000000008ab00000| Complete 
| 172|0x000000008ac00000, 0x000000008ad00000, 0x000000008ad00000|100%| O|  |TAMS 0x000000008ac00000, 0x000000008ac00000| Untracked 
| 173|0x000000008ad00000, 0x000000008ae00000, 0x000000008ae00000|100%|HS|  |TAMS 0x000000008ad00000, 0x000000008ad00000| Complete 
| 174|0x000000008ae00000, 0x000000008af00000, 0x000000008af00000|100%| O|  |TAMS 0x000000008ae00000, 0x000000008ae00000| Untracked 
| 175|0x000000008af00000, 0x000000008b000000, 0x000000008b000000|100%| O|  |TAMS 0x000000008af00000, 0x000000008af00000| Untracked 
| 176|0x000000008b000000, 0x000000008b100000, 0x000000008b100000|100%| O|  |TAMS 0x000000008b000000, 0x000000008b000000| Untracked 
| 177|0x000000008b100000, 0x000000008b200000, 0x000000008b200000|100%| O|  |TAMS 0x000000008b100000, 0x000000008b100000| Untracked 
| 178|0x000000008b200000, 0x000000008b300000, 0x000000008b300000|100%| O|  |TAMS 0x000000008b300000, 0x000000008b200000| Untracked 
| 179|0x000000008b300000, 0x000000008b400000, 0x000000008b400000|100%| O|  |TAMS 0x000000008b400000, 0x000000008b300000| Untracked 
| 180|0x000000008b400000, 0x000000008b500000, 0x000000008b500000|100%| O|  |TAMS 0x000000008b500000, 0x000000008b400000| Untracked 
| 181|0x000000008b500000, 0x000000008b600000, 0x000000008b600000|100%| O|  |TAMS 0x000000008b600000, 0x000000008b500000| Untracked 
| 182|0x000000008b600000, 0x000000008b700000, 0x000000008b700000|100%| O|  |TAMS 0x000000008b700000, 0x000000008b600000| Untracked 
| 183|0x000000008b700000, 0x000000008b800000, 0x000000008b800000|100%| O|  |TAMS 0x000000008b800000, 0x000000008b700000| Untracked 
| 184|0x000000008b800000, 0x000000008b900000, 0x000000008b900000|100%| O|  |TAMS 0x000000008b900000, 0x000000008b800000| Untracked 
| 185|0x000000008b900000, 0x000000008ba00000, 0x000000008ba00000|100%| O|  |TAMS 0x000000008b908c00, 0x000000008b900000| Untracked 
| 186|0x000000008ba00000, 0x000000008bb00000, 0x000000008bb00000|100%|HS|  |TAMS 0x000000008ba00000, 0x000000008ba00000| Complete 
| 187|0x000000008bb00000, 0x000000008bc00000, 0x000000008bc00000|100%|HC|  |TAMS 0x000000008bb00000, 0x000000008bb00000| Complete 
| 188|0x000000008bc00000, 0x000000008bd00000, 0x000000008bd00000|100%| O|  |TAMS 0x000000008bc00000, 0x000000008bc00000| Untracked 
| 189|0x000000008bd00000, 0x000000008be00000, 0x000000008be00000|100%| O|  |TAMS 0x000000008bd00000, 0x000000008bd00000| Untracked 
| 190|0x000000008be00000, 0x000000008bf00000, 0x000000008bf00000|100%|HS|  |TAMS 0x000000008be00000, 0x000000008be00000| Complete 
| 191|0x000000008bf00000, 0x000000008c000000, 0x000000008c000000|100%|HC|  |TAMS 0x000000008bf00000, 0x000000008bf00000| Complete 
| 192|0x000000008c000000, 0x000000008c100000, 0x000000008c100000|100%| O|  |TAMS 0x000000008c000000, 0x000000008c000000| Untracked 
| 193|0x000000008c100000, 0x000000008c169000, 0x000000008c200000| 41%| O|  |TAMS 0x000000008c100000, 0x000000008c100000| Untracked 
| 194|0x000000008c200000, 0x000000008c200000, 0x000000008c300000|  0%| F|  |TAMS 0x000000008c200000, 0x000000008c200000| Untracked 
| 195|0x000000008c300000, 0x000000008c400000, 0x000000008c400000|100%|HS|  |TAMS 0x000000008c300000, 0x000000008c300000| Complete 
| 196|0x000000008c400000, 0x000000008c500000, 0x000000008c500000|100%|HC|  |TAMS 0x000000008c400000, 0x000000008c400000| Complete 
| 197|0x000000008c500000, 0x000000008c500000, 0x000000008c600000|  0%| F|  |TAMS 0x000000008c500000, 0x000000008c500000| Untracked 
| 198|0x000000008c600000, 0x000000008c600000, 0x000000008c700000|  0%| F|  |TAMS 0x000000008c600000, 0x000000008c600000| Untracked 
| 199|0x000000008c700000, 0x000000008c700000, 0x000000008c800000|  0%| F|  |TAMS 0x000000008c700000, 0x000000008c700000| Untracked 
| 200|0x000000008c800000, 0x000000008c800000, 0x000000008c900000|  0%| F|  |TAMS 0x000000008c800000, 0x000000008c800000| Untracked 
| 201|0x000000008c900000, 0x000000008c900000, 0x000000008ca00000|  0%| F|  |TAMS 0x000000008c900000, 0x000000008c900000| Untracked 
| 202|0x000000008ca00000, 0x000000008ca00000, 0x000000008cb00000|  0%| F|  |TAMS 0x000000008ca00000, 0x000000008ca00000| Untracked 
| 203|0x000000008cb00000, 0x000000008cc00000, 0x000000008cc00000|100%|HS|  |TAMS 0x000000008cb00000, 0x000000008cb00000| Complete 
| 204|0x000000008cc00000, 0x000000008cd00000, 0x000000008cd00000|100%|HC|  |TAMS 0x000000008cc00000, 0x000000008cc00000| Complete 
| 205|0x000000008cd00000, 0x000000008ce00000, 0x000000008ce00000|100%|HC|  |TAMS 0x000000008cd00000, 0x000000008cd00000| Complete 
| 206|0x000000008ce00000, 0x000000008ce00000, 0x000000008cf00000|  0%| F|  |TAMS 0x000000008ce00000, 0x000000008ce00000| Untracked 
| 207|0x000000008cf00000, 0x000000008cf00000, 0x000000008d000000|  0%| F|  |TAMS 0x000000008cf00000, 0x000000008cf00000| Untracked 
| 208|0x000000008d000000, 0x000000008d000000, 0x000000008d100000|  0%| F|  |TAMS 0x000000008d000000, 0x000000008d000000| Untracked 
| 209|0x000000008d100000, 0x000000008d100000, 0x000000008d200000|  0%| F|  |TAMS 0x000000008d100000, 0x000000008d100000| Untracked 
| 210|0x000000008d200000, 0x000000008d200000, 0x000000008d300000|  0%| F|  |TAMS 0x000000008d200000, 0x000000008d200000| Untracked 
| 211|0x000000008d300000, 0x000000008d300000, 0x000000008d400000|  0%| F|  |TAMS 0x000000008d300000, 0x000000008d300000| Untracked 
| 212|0x000000008d400000, 0x000000008d500000, 0x000000008d500000|100%|HS|  |TAMS 0x000000008d400000, 0x000000008d400000| Complete 
| 213|0x000000008d500000, 0x000000008d600000, 0x000000008d600000|100%|HC|  |TAMS 0x000000008d500000, 0x000000008d500000| Complete 
| 214|0x000000008d600000, 0x000000008d700000, 0x000000008d700000|100%|HC|  |TAMS 0x000000008d600000, 0x000000008d600000| Complete 
| 215|0x000000008d700000, 0x000000008d800000, 0x000000008d800000|100%|HC|  |TAMS 0x000000008d700000, 0x000000008d700000| Complete 
| 216|0x000000008d800000, 0x000000008d800000, 0x000000008d900000|  0%| F|  |TAMS 0x000000008d800000, 0x000000008d800000| Untracked 
| 217|0x000000008d900000, 0x000000008d900000, 0x000000008da00000|  0%| F|  |TAMS 0x000000008d900000, 0x000000008d900000| Untracked 
| 218|0x000000008da00000, 0x000000008da00000, 0x000000008db00000|  0%| F|  |TAMS 0x000000008da00000, 0x000000008da00000| Untracked 
| 219|0x000000008db00000, 0x000000008db00000, 0x000000008dc00000|  0%| F|  |TAMS 0x000000008db00000, 0x000000008db00000| Untracked 
| 220|0x000000008dc00000, 0x000000008dc00000, 0x000000008dd00000|  0%| F|  |TAMS 0x000000008dc00000, 0x000000008dc00000| Untracked 
| 221|0x000000008dd00000, 0x000000008dd00000, 0x000000008de00000|  0%| F|  |TAMS 0x000000008dd00000, 0x000000008dd00000| Untracked 
| 222|0x000000008de00000, 0x000000008df00000, 0x000000008df00000|100%|HS|  |TAMS 0x000000008de00000, 0x000000008de00000| Complete 
| 223|0x000000008df00000, 0x000000008e000000, 0x000000008e000000|100%|HC|  |TAMS 0x000000008df00000, 0x000000008df00000| Complete 
| 224|0x000000008e000000, 0x000000008e100000, 0x000000008e100000|100%|HC|  |TAMS 0x000000008e000000, 0x000000008e000000| Complete 
| 225|0x000000008e100000, 0x000000008e200000, 0x000000008e200000|100%|HC|  |TAMS 0x000000008e100000, 0x000000008e100000| Complete 
| 226|0x000000008e200000, 0x000000008e200000, 0x000000008e300000|  0%| F|  |TAMS 0x000000008e200000, 0x000000008e200000| Untracked 
| 227|0x000000008e300000, 0x000000008e400000, 0x000000008e400000|100%|HS|  |TAMS 0x000000008e300000, 0x000000008e300000| Complete 
| 228|0x000000008e400000, 0x000000008e400000, 0x000000008e500000|  0%| F|  |TAMS 0x000000008e400000, 0x000000008e400000| Untracked 
| 229|0x000000008e500000, 0x000000008e500000, 0x000000008e600000|  0%| F|  |TAMS 0x000000008e500000, 0x000000008e500000| Untracked 
| 230|0x000000008e600000, 0x000000008e600000, 0x000000008e700000|  0%| F|  |TAMS 0x000000008e600000, 0x000000008e600000| Untracked 
| 231|0x000000008e700000, 0x000000008e700000, 0x000000008e800000|  0%| F|  |TAMS 0x000000008e700000, 0x000000008e700000| Untracked 
| 232|0x000000008e800000, 0x000000008e800000, 0x000000008e900000|  0%| F|  |TAMS 0x000000008e800000, 0x000000008e800000| Untracked 
| 233|0x000000008e900000, 0x000000008e900000, 0x000000008ea00000|  0%| F|  |TAMS 0x000000008e900000, 0x000000008e900000| Untracked 
| 234|0x000000008ea00000, 0x000000008eb00000, 0x000000008eb00000|100%|HS|  |TAMS 0x000000008ea00000, 0x000000008ea00000| Complete 
| 235|0x000000008eb00000, 0x000000008ec00000, 0x000000008ec00000|100%|HC|  |TAMS 0x000000008eb00000, 0x000000008eb00000| Complete 
| 236|0x000000008ec00000, 0x000000008ed00000, 0x000000008ed00000|100%|HC|  |TAMS 0x000000008ec00000, 0x000000008ec00000| Complete 
| 237|0x000000008ed00000, 0x000000008ed00000, 0x000000008ee00000|  0%| F|  |TAMS 0x000000008ed00000, 0x000000008ed00000| Untracked 
| 238|0x000000008ee00000, 0x000000008ef00000, 0x000000008ef00000|100%|HS|  |TAMS 0x000000008ee00000, 0x000000008ee00000| Complete 
| 239|0x000000008ef00000, 0x000000008ef00000, 0x000000008f000000|  0%| F|  |TAMS 0x000000008ef00000, 0x000000008ef00000| Untracked 
| 240|0x000000008f000000, 0x000000008f100000, 0x000000008f100000|100%|HS|  |TAMS 0x000000008f000000, 0x000000008f000000| Complete 
| 241|0x000000008f100000, 0x000000008f100000, 0x000000008f200000|  0%| F|  |TAMS 0x000000008f100000, 0x000000008f100000| Untracked 
| 242|0x000000008f200000, 0x000000008f200000, 0x000000008f300000|  0%| F|  |TAMS 0x000000008f200000, 0x000000008f200000| Untracked 
| 243|0x000000008f300000, 0x000000008f300000, 0x000000008f400000|  0%| F|  |TAMS 0x000000008f300000, 0x000000008f300000| Untracked 
| 244|0x000000008f400000, 0x000000008f400000, 0x000000008f500000|  0%| F|  |TAMS 0x000000008f400000, 0x000000008f400000| Untracked 
| 245|0x000000008f500000, 0x000000008f500000, 0x000000008f600000|  0%| F|  |TAMS 0x000000008f500000, 0x000000008f500000| Untracked 
| 246|0x000000008f600000, 0x000000008f600000, 0x000000008f700000|  0%| F|  |TAMS 0x000000008f600000, 0x000000008f600000| Untracked 
| 247|0x000000008f700000, 0x000000008f800000, 0x000000008f800000|100%|HS|  |TAMS 0x000000008f700000, 0x000000008f700000| Complete 
| 248|0x000000008f800000, 0x000000008f900000, 0x000000008f900000|100%|HC|  |TAMS 0x000000008f800000, 0x000000008f800000| Complete 
| 249|0x000000008f900000, 0x000000008fa00000, 0x000000008fa00000|100%|HC|  |TAMS 0x000000008f900000, 0x000000008f900000| Complete 
| 250|0x000000008fa00000, 0x000000008fa00000, 0x000000008fb00000|  0%| F|  |TAMS 0x000000008fa00000, 0x000000008fa00000| Untracked 
| 251|0x000000008fb00000, 0x000000008fb00000, 0x000000008fc00000|  0%| F|  |TAMS 0x000000008fb00000, 0x000000008fb00000| Untracked 
| 252|0x000000008fc00000, 0x000000008fc00000, 0x000000008fd00000|  0%| F|  |TAMS 0x000000008fc00000, 0x000000008fc00000| Untracked 
| 253|0x000000008fd00000, 0x000000008fd00000, 0x000000008fe00000|  0%| F|  |TAMS 0x000000008fd00000, 0x000000008fd00000| Untracked 
| 254|0x000000008fe00000, 0x000000008fe00000, 0x000000008ff00000|  0%| F|  |TAMS 0x000000008fe00000, 0x000000008fe00000| Untracked 
| 255|0x000000008ff00000, 0x000000008ff00000, 0x0000000090000000|  0%| F|  |TAMS 0x000000008ff00000, 0x000000008ff00000| Untracked 
| 256|0x0000000090000000, 0x0000000090100000, 0x0000000090100000|100%|HS|  |TAMS 0x0000000090000000, 0x0000000090000000| Complete 
| 257|0x0000000090100000, 0x0000000090200000, 0x0000000090200000|100%|HC|  |TAMS 0x0000000090100000, 0x0000000090100000| Complete 
| 258|0x0000000090200000, 0x0000000090300000, 0x0000000090300000|100%|HC|  |TAMS 0x0000000090200000, 0x0000000090200000| Complete 
| 259|0x0000000090300000, 0x0000000090300000, 0x0000000090400000|  0%| F|  |TAMS 0x0000000090300000, 0x0000000090300000| Untracked 
| 260|0x0000000090400000, 0x0000000090400000, 0x0000000090500000|  0%| F|  |TAMS 0x0000000090400000, 0x0000000090400000| Untracked 
| 261|0x0000000090500000, 0x0000000090500000, 0x0000000090600000|  0%| F|  |TAMS 0x0000000090500000, 0x0000000090500000| Untracked 
| 262|0x0000000090600000, 0x0000000090600000, 0x0000000090700000|  0%| F|  |TAMS 0x0000000090600000, 0x0000000090600000| Untracked 
| 263|0x0000000090700000, 0x0000000090700000, 0x0000000090800000|  0%| F|  |TAMS 0x0000000090700000, 0x0000000090700000| Untracked 
| 264|0x0000000090800000, 0x0000000090800000, 0x0000000090900000|  0%| F|  |TAMS 0x0000000090800000, 0x0000000090800000| Untracked 
| 265|0x0000000090900000, 0x0000000090900000, 0x0000000090a00000|  0%| F|  |TAMS 0x0000000090900000, 0x0000000090900000| Untracked 
| 266|0x0000000090a00000, 0x0000000090a00000, 0x0000000090b00000|  0%| F|  |TAMS 0x0000000090a00000, 0x0000000090a00000| Untracked 
| 267|0x0000000090b00000, 0x0000000090b00000, 0x0000000090c00000|  0%| F|  |TAMS 0x0000000090b00000, 0x0000000090b00000| Untracked 
| 268|0x0000000090c00000, 0x0000000090c00000, 0x0000000090d00000|  0%| F|  |TAMS 0x0000000090c00000, 0x0000000090c00000| Untracked 
| 269|0x0000000090d00000, 0x0000000090d00000, 0x0000000090e00000|  0%| F|  |TAMS 0x0000000090d00000, 0x0000000090d00000| Untracked 
| 270|0x0000000090e00000, 0x0000000090e00000, 0x0000000090f00000|  0%| F|  |TAMS 0x0000000090e00000, 0x0000000090e00000| Untracked 
| 271|0x0000000090f00000, 0x0000000090f00000, 0x0000000091000000|  0%| F|  |TAMS 0x0000000090f00000, 0x0000000090f00000| Untracked 
| 272|0x0000000091000000, 0x0000000091000000, 0x0000000091100000|  0%| F|  |TAMS 0x0000000091000000, 0x0000000091000000| Untracked 
| 273|0x0000000091100000, 0x0000000091100000, 0x0000000091200000|  0%| F|  |TAMS 0x0000000091100000, 0x0000000091100000| Untracked 
| 274|0x0000000091200000, 0x0000000091200000, 0x0000000091300000|  0%| F|  |TAMS 0x0000000091200000, 0x0000000091200000| Untracked 
| 275|0x0000000091300000, 0x00000000913f1238, 0x0000000091400000| 94%| E|  |TAMS 0x0000000091300000, 0x0000000091300000| Complete 
| 276|0x0000000091400000, 0x0000000091500000, 0x0000000091500000|100%| E|CS|TAMS 0x0000000091400000, 0x0000000091400000| Complete 
| 277|0x0000000091500000, 0x0000000091600000, 0x0000000091600000|100%| E|CS|TAMS 0x0000000091500000, 0x0000000091500000| Complete 
| 278|0x0000000091600000, 0x0000000091700000, 0x0000000091700000|100%| E|CS|TAMS 0x0000000091600000, 0x0000000091600000| Complete 
| 279|0x0000000091700000, 0x0000000091800000, 0x0000000091800000|100%| E|CS|TAMS 0x0000000091700000, 0x0000000091700000| Complete 
| 280|0x0000000091800000, 0x0000000091900000, 0x0000000091900000|100%| E|CS|TAMS 0x0000000091800000, 0x0000000091800000| Complete 
| 281|0x0000000091900000, 0x0000000091a00000, 0x0000000091a00000|100%| E|CS|TAMS 0x0000000091900000, 0x0000000091900000| Complete 
| 282|0x0000000091a00000, 0x0000000091b00000, 0x0000000091b00000|100%| S|CS|TAMS 0x0000000091a00000, 0x0000000091a00000| Complete 
| 283|0x0000000091b00000, 0x0000000091c00000, 0x0000000091c00000|100%| S|CS|TAMS 0x0000000091b00000, 0x0000000091b00000| Complete 
| 284|0x0000000091c00000, 0x0000000091d00000, 0x0000000091d00000|100%| E|CS|TAMS 0x0000000091c00000, 0x0000000091c00000| Complete 
| 285|0x0000000091d00000, 0x0000000091e00000, 0x0000000091e00000|100%| E|CS|TAMS 0x0000000091d00000, 0x0000000091d00000| Complete 
| 286|0x0000000091e00000, 0x0000000091f00000, 0x0000000091f00000|100%| E|CS|TAMS 0x0000000091e00000, 0x0000000091e00000| Complete 
| 287|0x0000000091f00000, 0x0000000092000000, 0x0000000092000000|100%| E|CS|TAMS 0x0000000091f00000, 0x0000000091f00000| Complete 
| 288|0x0000000092000000, 0x0000000092100000, 0x0000000092100000|100%| E|CS|TAMS 0x0000000092000000, 0x0000000092000000| Complete 
| 289|0x0000000092100000, 0x0000000092200000, 0x0000000092200000|100%| E|CS|TAMS 0x0000000092100000, 0x0000000092100000| Complete 
| 290|0x0000000092200000, 0x0000000092300000, 0x0000000092300000|100%| E|CS|TAMS 0x0000000092200000, 0x0000000092200000| Complete 
| 291|0x0000000092300000, 0x0000000092400000, 0x0000000092400000|100%| E|CS|TAMS 0x0000000092300000, 0x0000000092300000| Complete 
| 292|0x0000000092400000, 0x0000000092500000, 0x0000000092500000|100%| O|  |TAMS 0x0000000092400000, 0x0000000092400000| Untracked 
| 293|0x0000000092500000, 0x0000000092600000, 0x0000000092600000|100%| O|  |TAMS 0x0000000092500000, 0x0000000092500000| Untracked 
| 294|0x0000000092600000, 0x0000000092700000, 0x0000000092700000|100%| O|  |TAMS 0x0000000092600000, 0x0000000092600000| Untracked 
| 295|0x0000000092700000, 0x0000000092800000, 0x0000000092800000|100%| E|CS|TAMS 0x0000000092700000, 0x0000000092700000| Complete 
| 296|0x0000000092800000, 0x0000000092900000, 0x0000000092900000|100%| O|  |TAMS 0x0000000092800000, 0x0000000092800000| Untracked 
| 297|0x0000000092900000, 0x0000000092a00000, 0x0000000092a00000|100%| O|  |TAMS 0x0000000092900000, 0x0000000092900000| Untracked 
| 298|0x0000000092a00000, 0x0000000092b00000, 0x0000000092b00000|100%| O|  |TAMS 0x0000000092a00000, 0x0000000092a00000| Untracked 
| 299|0x0000000092b00000, 0x0000000092c00000, 0x0000000092c00000|100%| E|CS|TAMS 0x0000000092b00000, 0x0000000092b00000| Complete 
| 300|0x0000000092c00000, 0x0000000092d00000, 0x0000000092d00000|100%| E|CS|TAMS 0x0000000092c00000, 0x0000000092c00000| Complete 
| 301|0x0000000092d00000, 0x0000000092e00000, 0x0000000092e00000|100%| E|CS|TAMS 0x0000000092d00000, 0x0000000092d00000| Complete 
| 302|0x0000000092e00000, 0x0000000092f00000, 0x0000000092f00000|100%| E|CS|TAMS 0x0000000092e00000, 0x0000000092e00000| Complete 
| 303|0x0000000092f00000, 0x0000000093000000, 0x0000000093000000|100%| E|CS|TAMS 0x0000000092f00000, 0x0000000092f00000| Complete 
| 304|0x0000000093000000, 0x0000000093100000, 0x0000000093100000|100%| E|CS|TAMS 0x0000000093000000, 0x0000000093000000| Complete 

Card table byte_map: [0x000001e1504c0000,0x000001e1508c0000] _byte_map_base: 0x000001e1500c0000

Marking Bits (Prev, Next): (CMBitMap*) 0x000001e13b7e2d18, (CMBitMap*) 0x000001e13b7e2d50
 Prev Bits: [0x000001e150cc0000, 0x000001e152cc0000)
 Next Bits: [0x000001e152cc0000, 0x000001e154cc0000)

Polling page: 0x000001e13b880000

Metaspace:

Usage:
  Non-class:     99.65 MB capacity,    97.99 MB ( 98%) used,     1.30 MB (  1%) free+waste,   366.94 KB ( <1%) overhead. 
      Class:     15.24 MB capacity,    14.17 MB ( 93%) used,   932.80 KB (  6%) free+waste,   157.81 KB (  1%) overhead. 
       Both:    114.89 MB capacity,   112.17 MB ( 98%) used,     2.21 MB (  2%) free+waste,   524.75 KB ( <1%) overhead. 

Virtual space:
  Non-class space:      100.00 MB reserved,      99.84 MB (>99%) committed 
      Class space:        1.00 GB reserved,      15.32 MB (  1%) committed 
             Both:        1.10 GB reserved,     115.16 MB ( 10%) committed 

Chunk freelists:
   Non-Class:  0 bytes
       Class:  13.00 KB
        Both:  13.00 KB

MaxMetaspaceSize: 17179869184.00 GB
CompressedClassSpaceSize: 1.00 GB
Initial GC threshold: 20.80 MB
Current GC threshold: 191.52 MB
CDS: off

CodeHeap 'non-profiled nmethods': size=120064Kb used=13160Kb max_used=13160Kb free=106903Kb
 bounds [0x000001e148560000, 0x000001e149240000, 0x000001e14faa0000]
CodeHeap 'profiled nmethods': size=120000Kb used=41530Kb max_used=41530Kb free=78469Kb
 bounds [0x000001e141030000, 0x000001e1438c0000, 0x000001e148560000]
CodeHeap 'non-nmethods': size=5696Kb used=2433Kb max_used=2514Kb free=3263Kb
 bounds [0x000001e140aa0000, 0x000001e140d30000, 0x000001e141030000]
 total_blobs=18521 nmethods=17555 adapters=877
 compilation: enabled
              stopped_count=0, restarted_count=0
 full_count=0

Compilation events (20 events):
Event: 132.144 Thread 0x000001e157cdf000 18699       3       com.android.tools.r8.dex.i::a (77 bytes)
Event: 132.144 Thread 0x000001e157cdf000 nmethod 18699 0x000001e1438ba410 code [0x000001e1438ba620, 0x000001e1438bab58]
Event: 132.145 Thread 0x000001e15f256800 nmethod 18698 0x000001e149229490 code [0x000001e149229620, 0x000001e149229758]
Event: 132.150 Thread 0x000001e15f256800 18700   !   4       com.android.tools.r8.graph.a1::s0 (91 bytes)
Event: 132.169 Thread 0x000001e157cdf000 18701       3       com.android.tools.r8.internal.so::d (140 bytes)
Event: 132.170 Thread 0x000001e157cdf000 nmethod 18701 0x000001e1438bad90 code [0x000001e1438baf60, 0x000001e1438bb538]
Event: 132.170 Thread 0x000001e157cdf000 18702       3       com.android.tools.r8.internal.so::c (85 bytes)
Event: 132.170 Thread 0x000001e157cdf000 nmethod 18702 0x000001e1438bb610 code [0x000001e1438bb7e0, 0x000001e1438bbba8]
Event: 132.194 Thread 0x000001e15f256800 nmethod 18700 0x000001e149229810 code [0x000001e149229a20, 0x000001e14922aaf8]
Event: 132.194 Thread 0x000001e15f256800 18703       4       com.android.tools.r8.internal.so::c (85 bytes)
Event: 132.195 Thread 0x000001e15f256800 nmethod 18703 0x000001e14922b310 code [0x000001e14922b4a0, 0x000001e14922b538]
Event: 132.195 Thread 0x000001e15f256800 18704       4       com.android.tools.r8.internal.so::d (140 bytes)
Event: 132.197 Thread 0x000001e15f256800 nmethod 18704 0x000001e14922b610 code [0x000001e14922b7a0, 0x000001e14922b838]
Event: 132.203 Thread 0x000001e157cdf000 18705       3       com.android.tools.r8.internal.RC::a (290 bytes)
Event: 132.204 Thread 0x000001e15f256800 18706 %     4       com.android.tools.r8.dex.i::l @ 64 (2158 bytes)
Event: 132.205 Thread 0x000001e157cdf000 nmethod 18705 0x000001e1438bbc90 code [0x000001e1438bbfe0, 0x000001e1438bd478]
Event: 132.214 Thread 0x000001e157cdf000 18708       3       com.android.tools.r8.internal.RC::a (125 bytes)
Event: 132.215 Thread 0x000001e157cdf000 nmethod 18708 0x000001e1438bdb10 code [0x000001e1438bdd00, 0x000001e1438be2c8]
Event: 132.215 Thread 0x000001e157cdf000 18709       3       com.android.tools.r8.internal.ww::f (40 bytes)
Event: 132.216 Thread 0x000001e157cdf000 nmethod 18709 0x000001e1438be510 code [0x000001e1438be740, 0x000001e1438bf238]

GC Heap History (20 events):
Event: 118.133 GC heap before
{Heap before GC invocations=74 (full 0):
 garbage-first heap   total 247808K, used 215651K [0x0000000080000000, 0x0000000100000000)
  region size 1024K, 79 young (80896K), 3 survivors (3072K)
 Metaspace       used 108729K, capacity 111472K, committed 111524K, reserved 1146880K
  class space    used 13830K, capacity 14898K, committed 14924K, reserved 1048576K
}
Event: 118.144 GC heap after
{Heap after GC invocations=75 (full 0):
 garbage-first heap   total 247808K, used 139626K [0x0000000080000000, 0x0000000100000000)
  region size 1024K, 5 young (5120K), 5 survivors (5120K)
 Metaspace       used 108729K, capacity 111472K, committed 111524K, reserved 1146880K
  class space    used 13830K, capacity 14898K, committed 14924K, reserved 1048576K
}
Event: 118.974 GC heap before
{Heap before GC invocations=75 (full 0):
 garbage-first heap   total 247808K, used 214378K [0x0000000080000000, 0x0000000100000000)
  region size 1024K, 78 young (79872K), 5 survivors (5120K)
 Metaspace       used 108940K, capacity 111701K, committed 111908K, reserved 1146880K
  class space    used 13854K, capacity 14932K, committed 15052K, reserved 1048576K
}
Event: 119.003 GC heap after
{Heap after GC invocations=76 (full 0):
 garbage-first heap   total 247808K, used 138003K [0x0000000080000000, 0x0000000100000000)
  region size 1024K, 3 young (3072K), 3 survivors (3072K)
 Metaspace       used 108940K, capacity 111701K, committed 111908K, reserved 1146880K
  class space    used 13854K, capacity 14932K, committed 15052K, reserved 1048576K
}
Event: 119.632 GC heap before
{Heap before GC invocations=76 (full 0):
 garbage-first heap   total 247808K, used 215827K [0x0000000080000000, 0x0000000100000000)
  region size 1024K, 79 young (80896K), 3 survivors (3072K)
 Metaspace       used 109322K, capacity 112053K, committed 112420K, reserved 1146880K
  class space    used 13889K, capacity 14937K, committed 15052K, reserved 1048576K
}
Event: 119.644 GC heap after
{Heap after GC invocations=77 (full 0):
 garbage-first heap   total 297984K, used 139480K [0x0000000080000000, 0x0000000100000000)
  region size 1024K, 4 young (4096K), 4 survivors (4096K)
 Metaspace       used 109322K, capacity 112053K, committed 112420K, reserved 1146880K
  class space    used 13889K, capacity 14937K, committed 15052K, reserved 1048576K
}
Event: 120.496 GC heap before
{Heap before GC invocations=77 (full 0):
 garbage-first heap   total 297984K, used 247000K [0x0000000080000000, 0x0000000100000000)
  region size 1024K, 109 young (111616K), 4 survivors (4096K)
 Metaspace       used 109393K, capacity 112149K, committed 112420K, reserved 1146880K
  class space    used 13894K, capacity 14969K, committed 15052K, reserved 1048576K
}
Event: 120.512 GC heap after
{Heap after GC invocations=78 (full 0):
 garbage-first heap   total 297984K, used 142972K [0x0000000080000000, 0x0000000100000000)
  region size 1024K, 8 young (8192K), 8 survivors (8192K)
 Metaspace       used 109393K, capacity 112149K, committed 112420K, reserved 1146880K
  class space    used 13894K, capacity 14969K, committed 15052K, reserved 1048576K
}
Event: 121.674 GC heap before
{Heap before GC invocations=78 (full 0):
 garbage-first heap   total 297984K, used 249468K [0x0000000080000000, 0x0000000100000000)
  region size 1024K, 112 young (114688K), 8 survivors (8192K)
 Metaspace       used 109465K, capacity 112149K, committed 112420K, reserved 1146880K
  class space    used 13903K, capacity 14969K, committed 15052K, reserved 1048576K
}
Event: 121.697 GC heap after
{Heap after GC invocations=79 (full 0):
 garbage-first heap   total 297984K, used 145894K [0x0000000080000000, 0x0000000100000000)
  region size 1024K, 10 young (10240K), 10 survivors (10240K)
 Metaspace       used 109465K, capacity 112149K, committed 112420K, reserved 1146880K
  class space    used 13903K, capacity 14969K, committed 15052K, reserved 1048576K
}
Event: 122.974 GC heap before
{Heap before GC invocations=79 (full 0):
 garbage-first heap   total 297984K, used 251366K [0x0000000080000000, 0x0000000100000000)
  region size 1024K, 113 young (115712K), 10 survivors (10240K)
 Metaspace       used 110229K, capacity 112978K, committed 113316K, reserved 1146880K
  class space    used 13984K, capacity 15067K, committed 15180K, reserved 1048576K
}
Event: 122.991 GC heap after
{Heap after GC invocations=80 (full 0):
 garbage-first heap   total 297984K, used 143168K [0x0000000080000000, 0x0000000100000000)
  region size 1024K, 7 young (7168K), 7 survivors (7168K)
 Metaspace       used 110229K, capacity 112978K, committed 113316K, reserved 1146880K
  class space    used 13984K, capacity 15067K, committed 15180K, reserved 1048576K
}
Event: 129.834 GC heap before
{Heap before GC invocations=80 (full 0):
 garbage-first heap   total 297984K, used 251712K [0x0000000080000000, 0x0000000100000000)
  region size 1024K, 113 young (115712K), 7 survivors (7168K)
 Metaspace       used 114004K, capacity 116757K, committed 117028K, reserved 1150976K
  class space    used 14405K, capacity 15489K, committed 15564K, reserved 1048576K
}
Event: 129.863 GC heap after
{Heap after GC invocations=81 (full 0):
 garbage-first heap   total 297984K, used 150924K [0x0000000080000000, 0x0000000100000000)
  region size 1024K, 14 young (14336K), 14 survivors (14336K)
 Metaspace       used 114004K, capacity 116757K, committed 117028K, reserved 1150976K
  class space    used 14405K, capacity 15489K, committed 15564K, reserved 1048576K
}
Event: 130.861 GC heap before
{Heap before GC invocations=81 (full 0):
 garbage-first heap   total 297984K, used 198028K [0x0000000080000000, 0x0000000100000000)
  region size 1024K, 35 young (35840K), 14 survivors (14336K)
 Metaspace       used 114397K, capacity 117205K, committed 117412K, reserved 1150976K
  class space    used 14448K, capacity 15564K, committed 15692K, reserved 1048576K
}
Event: 130.887 GC heap after
{Heap after GC invocations=82 (full 0):
 garbage-first heap   total 297984K, used 182307K [0x0000000080000000, 0x0000000100000000)
  region size 1024K, 7 young (7168K), 7 survivors (7168K)
 Metaspace       used 114397K, capacity 117205K, committed 117412K, reserved 1150976K
  class space    used 14448K, capacity 15564K, committed 15692K, reserved 1048576K
}
Event: 131.626 GC heap before
{Heap before GC invocations=83 (full 0):
 garbage-first heap   total 297984K, used 295971K [0x0000000080000000, 0x0000000100000000)
  region size 1024K, 32 young (32768K), 7 survivors (7168K)
 Metaspace       used 114777K, capacity 117573K, committed 117668K, reserved 1150976K
  class space    used 14507K, capacity 15601K, committed 15692K, reserved 1048576K
}
Event: 131.641 GC heap after
{Heap after GC invocations=84 (full 0):
 garbage-first heap   total 312320K, used 223397K [0x0000000080000000, 0x0000000100000000)
  region size 1024K, 8 young (8192K), 8 survivors (8192K)
 Metaspace       used 114777K, capacity 117573K, committed 117668K, reserved 1150976K
  class space    used 14507K, capacity 15601K, committed 15692K, reserved 1048576K
}
Event: 131.855 GC heap before
{Heap before GC invocations=84 (full 0):
 garbage-first heap   total 312320K, used 231589K [0x0000000080000000, 0x0000000100000000)
  region size 1024K, 15 young (15360K), 8 survivors (8192K)
 Metaspace       used 114826K, capacity 117644K, committed 117924K, reserved 1150976K
  class space    used 14512K, capacity 15603K, committed 15692K, reserved 1048576K
}
Event: 131.872 GC heap after
{Heap after GC invocations=85 (full 0):
 garbage-first heap   total 312320K, used 203172K [0x0000000080000000, 0x0000000100000000)
  region size 1024K, 2 young (2048K), 2 survivors (2048K)
 Metaspace       used 114826K, capacity 117644K, committed 117924K, reserved 1150976K
  class space    used 14512K, capacity 15603K, committed 15692K, reserved 1048576K
}

Deoptimization events (20 events):
Event: 131.644 Thread 0x000001e15c135000 DEOPT PACKING pc=0x000001e14385b05d sp=0x000000250c5fd330
Event: 131.644 Thread 0x000001e15c135000 DEOPT UNPACKING pc=0x000001e140aea95e sp=0x000000250c5fc818 mode 0
Event: 131.661 Thread 0x000001e15c135000 Uncommon trap: trap_request=0xffffff4d fr.pc=0x000001e148d3c198 relative=0x0000000000000bf8
Event: 131.661 Thread 0x000001e15c135000 Uncommon trap: reason=unstable_if action=reinterpret pc=0x000001e148d3c198 method=com.android.tools.r8.internal.so.d(I)Z @ 45 c2
Event: 131.661 Thread 0x000001e15c135000 DEOPT PACKING pc=0x000001e148d3c198 sp=0x000000250c5fd270
Event: 131.661 Thread 0x000001e15c135000 DEOPT UNPACKING pc=0x000001e140aea1af sp=0x000000250c5fd180 mode 2
Event: 131.786 Thread 0x000001e15c135000 DEOPT PACKING pc=0x000001e143868b32 sp=0x000000250c5fd190
Event: 131.786 Thread 0x000001e15c135000 DEOPT UNPACKING pc=0x000001e140aea95e sp=0x000000250c5fc880 mode 0
Event: 131.855 Thread 0x000001e15c135000 Uncommon trap: trap_request=0xffffff4d fr.pc=0x000001e149220f84 relative=0x00000000000012c4
Event: 131.855 Thread 0x000001e15c135000 Uncommon trap: reason=unstable_if action=reinterpret pc=0x000001e149220f84 method=com.android.tools.r8.dex.i.l()V @ 22 c2
Event: 131.855 Thread 0x000001e15c135000 DEOPT PACKING pc=0x000001e149220f84 sp=0x000000250c5fd3c0
Event: 131.855 Thread 0x000001e15c135000 DEOPT UNPACKING pc=0x000001e140aea1af sp=0x000000250c5fd388 mode 2
Event: 132.169 Thread 0x000001e15c135000 Uncommon trap: trap_request=0xffffff4d fr.pc=0x000001e148d286b0 relative=0x0000000000000090
Event: 132.169 Thread 0x000001e15c135000 Uncommon trap: reason=unstable_if action=reinterpret pc=0x000001e148d286b0 method=com.android.tools.r8.internal.so.d(I)Z @ 45 c2
Event: 132.169 Thread 0x000001e15c135000 DEOPT PACKING pc=0x000001e148d286b0 sp=0x000000250c5fd040
Event: 132.169 Thread 0x000001e15c135000 DEOPT UNPACKING pc=0x000001e140aea1af sp=0x000000250c5fcf70 mode 2
Event: 132.169 Thread 0x000001e15c135000 Uncommon trap: trap_request=0xffffff4d fr.pc=0x000001e148d11624 relative=0x0000000000000084
Event: 132.169 Thread 0x000001e15c135000 Uncommon trap: reason=unstable_if action=reinterpret pc=0x000001e148d11624 method=com.android.tools.r8.internal.so.d(I)Z @ 45 c2
Event: 132.169 Thread 0x000001e15c135000 DEOPT PACKING pc=0x000001e148d11624 sp=0x000000250c5fcfd0
Event: 132.169 Thread 0x000001e15c135000 DEOPT UNPACKING pc=0x000001e140aea1af sp=0x000000250c5fcf68 mode 2

Classes redefined (0 events):
No events

Internal exceptions (20 events):
Event: 93.818 Thread 0x000001e15c133800 Exception <a 'java/lang/NoSuchMethodError'{0x000000008a97e0f0}: 'void java.lang.invoke.DirectMethodHandle$Holder.invokeSpecial(java.lang.Object, java.lang.Object, int, java.lang.Object)'> (0x000000008a97e0f0) thrown at [./src/hotspot/share/interpreter/linkResolver.cpp, line 773]
Event: 94.940 Thread 0x000001e15c132800 Exception <a 'java/lang/NoSuchMethodError'{0x00000000899d2140}: 'java.lang.Object java.lang.invoke.DirectMethodHandle$Holder.invokeInterface(java.lang.Object, java.lang.Object, int)'> (0x00000000899d2140) thrown at [./src/hotspot/share/interpreter/linkResolver.cpp, line 773]
Event: 95.211 Thread 0x000001e15c132800 Exception <a 'java/lang/NoSuchMethodError'{0x000000008b4e5ab0}: 'java.lang.Object java.lang.invoke.Invokers$Holder.linkToTargetMethod(java.lang.Object, int, java.lang.Object, java.lang.Object, java.lang.Object, java.lang.Object)'> (0x000000008b4e5ab0) thrown at [./src/hotspot/share/interpreter/linkResolver.cpp, line 773]
Event: 95.231 Thread 0x000001e15c132800 Exception <a 'java/lang/NoSuchMethodError'{0x000000008b374680}: 'void java.lang.invoke.DirectMethodHandle$Holder.invokeStatic(java.lang.Object, java.lang.Object, java.lang.Object, java.lang.Object, java.lang.Object, java.lang.Object, java.lang.Object, java.lang.Object)'> (0x000000008b374680) thrown at [./src/hotspot/share/interpreter/linkResolver.cpp, line 773]
Event: 95.606 Thread 0x000001e15c132800 Exception <a 'java/lang/IncompatibleClassChangeError'{0x000000008a8db448}: Found class java.lang.Object, but interface was expected> (0x000000008a8db448) thrown at [./src/hotspot/share/interpreter/linkResolver.cpp, line 839]
Event: 95.664 Thread 0x000001e15c132800 Exception <a 'java/lang/NoSuchMethodError'{0x000000008a599098}: 'void java.lang.invoke.DirectMethodHandle$Holder.invokeSpecial(java.lang.Object, java.lang.Object, int)'> (0x000000008a599098) thrown at [./src/hotspot/share/interpreter/linkResolver.cpp, line 773]
Event: 97.770 Thread 0x000001e15c132800 Exception <a 'java/lang/NoSuchMethodError'{0x0000000089d88448}: 'long java.lang.invoke.DirectMethodHandle$Holder.invokeStatic(java.lang.Object, java.lang.Object)'> (0x0000000089d88448) thrown at [./src/hotspot/share/interpreter/linkResolver.cpp, line 773]
Event: 105.292 Thread 0x000001e15c132800 Implicit null exception at 0x000001e1487052eb to 0x000001e14870530c
Event: 107.543 Thread 0x000001e15c132800 Exception <a 'java/lang/NoSuchMethodError'{0x000000008d5f2b98}: 'int java.lang.invoke.DirectMethodHandle$Holder.invokeInterface(java.lang.Object, java.lang.Object, int)'> (0x000000008d5f2b98) thrown at [./src/hotspot/share/interpreter/linkResolver.cpp, line 773]
Event: 121.817 Thread 0x000001e15c138800 Exception <a 'sun/nio/fs/WindowsException'{0x000000009103d6a0}> (0x000000009103d6a0) thrown at [./src/hotspot/share/prims/jni.cpp, line 616]
Event: 121.821 Thread 0x000001e15c138800 Exception <a 'sun/nio/fs/WindowsException'{0x0000000091062fa8}> (0x0000000091062fa8) thrown at [./src/hotspot/share/prims/jni.cpp, line 616]
Event: 121.821 Thread 0x000001e15c138800 Exception <a 'sun/nio/fs/WindowsException'{0x0000000091063090}> (0x0000000091063090) thrown at [./src/hotspot/share/prims/jni.cpp, line 616]
Event: 121.853 Thread 0x000001e15bbfc800 Implicit null exception at 0x000001e148e0dd4c to 0x000001e148e0dd94
Event: 128.864 Thread 0x000001e15a86e000 Implicit null exception at 0x000001e1488ad9f7 to 0x000001e1488adfe0
Event: 128.997 Thread 0x000001e15a86e000 Exception <a 'java/lang/NoSuchMethodError'{0x000000008d55d530}: <clinit>> (0x000000008d55d530) thrown at [./src/hotspot/share/prims/jni.cpp, line 1366]
Event: 129.001 Thread 0x000001e15a86e000 Exception <a 'java/lang/NoSuchMethodError'{0x000000008d59b538}: <clinit>> (0x000000008d59b538) thrown at [./src/hotspot/share/prims/jni.cpp, line 1366]
Event: 129.001 Thread 0x000001e15a86e000 Exception <a 'java/lang/NoSuchMethodError'{0x000000008d59cdb0}: <clinit>> (0x000000008d59cdb0) thrown at [./src/hotspot/share/prims/jni.cpp, line 1366]
Event: 129.016 Thread 0x000001e15a86e000 Exception <a 'java/lang/NoSuchMethodError'{0x000000008d5fbec8}: <clinit>> (0x000000008d5fbec8) thrown at [./src/hotspot/share/prims/jni.cpp, line 1366]
Event: 130.238 Thread 0x000001e15a86e800 Exception <a 'java/lang/NoSuchMethodError'{0x0000000091660938}: <clinit>> (0x0000000091660938) thrown at [./src/hotspot/share/prims/jni.cpp, line 1366]
Event: 131.005 Thread 0x000001e15c135000 Exception <a 'sun/nio/fs/WindowsException'{0x00000000920dc838}> (0x00000000920dc838) thrown at [./src/hotspot/share/prims/jni.cpp, line 616]

Events (20 events):
Event: 131.645 loading class com/android/tools/r8/internal/vw
Event: 131.645 loading class com/android/tools/r8/internal/vw done
Event: 131.645 loading class com/android/tools/r8/internal/gE
Event: 131.645 loading class com/android/tools/r8/internal/gE done
Event: 131.646 loading class com/android/tools/r8/internal/zw
Event: 131.646 loading class com/android/tools/r8/internal/zw done
Event: 131.647 loading class com/android/tools/r8/internal/xw
Event: 131.647 loading class com/android/tools/r8/internal/xw done
Event: 131.652 loading class com/android/tools/r8/internal/pb
Event: 131.652 loading class com/android/tools/r8/internal/pb done
Event: 131.653 loading class com/android/tools/r8/graph/c1
Event: 131.653 loading class com/android/tools/r8/graph/c1 done
Event: 131.653 loading class com/android/tools/r8/graph/c1
Event: 131.653 loading class com/android/tools/r8/graph/c1 done
Event: 131.653 loading class com/android/tools/r8/dex/i
Event: 131.653 loading class com/android/tools/r8/dex/i done
Event: 131.663 Thread 0x000001e15f256800 Thread added: 0x000001e15f256800
Event: 131.855 Executing VM operation: G1CollectForAllocation
Event: 131.873 Executing VM operation: G1CollectForAllocation done
Event: 132.763 Executing VM operation: RevokeBias


Dynamic libraries:
0x00007ff7035d0000 - 0x00007ff7035da000 	C:\Program Files\Android\Android Studio1\jre\bin\java.exe
0x00007ff99ad10000 - 0x00007ff99af08000 	C:\Windows\SYSTEM32\ntdll.dll
0x00007ff99a5d0000 - 0x00007ff99a68d000 	C:\Windows\System32\KERNEL32.DLL
0x00007ff9988a0000 - 0x00007ff998b96000 	C:\Windows\System32\KERNELBASE.dll
0x00007ff998710000 - 0x00007ff998810000 	C:\Windows\System32\ucrtbase.dll
0x00007ff9914c0000 - 0x00007ff9914d9000 	C:\Program Files\Android\Android Studio1\jre\bin\jli.dll
0x00007ff98f660000 - 0x00007ff98f677000 	C:\Program Files\Android\Android Studio1\jre\bin\VCRUNTIME140.dll
0x00007ff99a430000 - 0x00007ff99a5ce000 	C:\Windows\System32\USER32.dll
0x00007ff9984a0000 - 0x00007ff9984c2000 	C:\Windows\System32\win32u.dll
0x00007ff9990b0000 - 0x00007ff9990db000 	C:\Windows\System32\GDI32.dll
0x00007ff988490000 - 0x00007ff98872a000 	C:\Windows\WinSxS\amd64_microsoft.windows.common-controls_6595b64144ccf1df_6.0.19041.3636_none_60b6a03d71f818d5\COMCTL32.dll
0x00007ff998580000 - 0x00007ff998697000 	C:\Windows\System32\gdi32full.dll
0x00007ff998400000 - 0x00007ff99849d000 	C:\Windows\System32\msvcp_win.dll
0x00007ff99a390000 - 0x00007ff99a42e000 	C:\Windows\System32\msvcrt.dll
0x00007ff9990e0000 - 0x00007ff999112000 	C:\Windows\System32\IMM32.DLL
0x00007ff975870000 - 0x00007ff97590d000 	C:\Program Files\Android\Android Studio1\jre\bin\msvcp140.dll
0x00007ff93cd60000 - 0x00007ff93d862000 	C:\Program Files\Android\Android Studio1\jre\bin\server\jvm.dll
0x00007ff999b70000 - 0x00007ff999c23000 	C:\Windows\System32\ADVAPI32.dll
0x00007ff999460000 - 0x00007ff9994ff000 	C:\Windows\System32\sechost.dll
0x00007ff999180000 - 0x00007ff9992a6000 	C:\Windows\System32\RPCRT4.dll
0x00007ff9983d0000 - 0x00007ff9983f7000 	C:\Windows\System32\bcrypt.dll
0x00007ff998f40000 - 0x00007ff998f48000 	C:\Windows\System32\PSAPI.DLL
0x00007ff940b40000 - 0x00007ff940b49000 	C:\Windows\SYSTEM32\WSOCK32.dll
0x00007ff988860000 - 0x00007ff988887000 	C:\Windows\SYSTEM32\WINMM.dll
0x00007ff999040000 - 0x00007ff9990ab000 	C:\Windows\System32\WS2_32.dll
0x00007ff987e30000 - 0x00007ff987e3a000 	C:\Windows\SYSTEM32\VERSION.dll
0x00007ff996280000 - 0x00007ff996292000 	C:\Windows\SYSTEM32\kernel.appcore.dll
0x00007ff93da80000 - 0x00007ff93da91000 	C:\Program Files\Android\Android Studio1\jre\bin\verify.dll
0x00007ff981f40000 - 0x00007ff982124000 	C:\Windows\SYSTEM32\DBGHELP.DLL
0x00007ff981f00000 - 0x00007ff981f34000 	C:\Windows\SYSTEM32\dbgcore.DLL
0x00007ff998810000 - 0x00007ff998892000 	C:\Windows\System32\bcryptPrimitives.dll
0x00007ff93da50000 - 0x00007ff93da79000 	C:\Program Files\Android\Android Studio1\jre\bin\java.dll
0x00007ff940650000 - 0x00007ff94065b000 	C:\Program Files\Android\Android Studio1\jre\bin\jimage.dll
0x00007ff93da30000 - 0x00007ff93da48000 	C:\Program Files\Android\Android Studio1\jre\bin\zip.dll
0x00007ff999c40000 - 0x00007ff99a385000 	C:\Windows\System32\SHELL32.dll
0x00007ff996480000 - 0x00007ff996c1c000 	C:\Windows\SYSTEM32\windows.storage.dll
0x00007ff999510000 - 0x00007ff999864000 	C:\Windows\System32\combase.dll
0x00007ff997e00000 - 0x00007ff997e2e000 	C:\Windows\SYSTEM32\Wldp.dll
0x00007ff998f70000 - 0x00007ff99903d000 	C:\Windows\System32\OLEAUT32.dll
0x00007ff999870000 - 0x00007ff99991d000 	C:\Windows\System32\SHCORE.dll
0x00007ff998dd0000 - 0x00007ff998e25000 	C:\Windows\System32\shlwapi.dll
0x00007ff998300000 - 0x00007ff998325000 	C:\Windows\SYSTEM32\profapi.dll
0x00007ff93da10000 - 0x00007ff93da2a000 	C:\Program Files\Android\Android Studio1\jre\bin\net.dll
0x00007ff98a7c0000 - 0x00007ff98a8ca000 	C:\Windows\SYSTEM32\WINHTTP.dll
0x00007ff997b60000 - 0x00007ff997bca000 	C:\Windows\system32\mswsock.dll
0x00007ff93d9f0000 - 0x00007ff93da04000 	C:\Program Files\Android\Android Studio1\jre\bin\nio.dll
0x00007ff98f7e0000 - 0x00007ff98f807000 	C:\Users\Admin\.gradle\wrapper\dists\gradle-7.3.2-bin\native\e1d6ef7f7dcc3fd88c89a11ec53ec762bb8ba0a96d01ffa2cd45eb1d1d8dd5c5\windows-amd64\native-platform.dll
0x00007ff96c020000 - 0x00007ff96c164000 	C:\Users\Admin\.gradle\wrapper\dists\gradle-7.3.2-bin\native\0d407fdbe67a94daf76414ababcb853783967236a71b16ec16e742cd7a986fd3\windows-amd64\native-platform-file-events.dll
0x00007ff98f8a0000 - 0x00007ff98f8aa000 	C:\Program Files\Android\Android Studio1\jre\bin\management.dll
0x00007ff98f890000 - 0x00007ff98f89d000 	C:\Program Files\Android\Android Studio1\jre\bin\management_ext.dll
0x00007ff997d60000 - 0x00007ff997d78000 	C:\Windows\SYSTEM32\CRYPTSP.dll
0x00007ff997420000 - 0x00007ff997454000 	C:\Windows\system32\rsaenh.dll
0x00007ff998280000 - 0x00007ff9982ae000 	C:\Windows\SYSTEM32\USERENV.dll
0x00007ff997d50000 - 0x00007ff997d5c000 	C:\Windows\SYSTEM32\CRYPTBASE.dll
0x00007ff997800000 - 0x00007ff99783b000 	C:\Windows\SYSTEM32\IPHLPAPI.DLL
0x00007ff999500000 - 0x00007ff999508000 	C:\Windows\System32\NSI.dll
0x00007ff98c470000 - 0x00007ff98c487000 	C:\Windows\SYSTEM32\dhcpcsvc6.DLL
0x00007ff98d4b0000 - 0x00007ff98d4cd000 	C:\Windows\SYSTEM32\dhcpcsvc.DLL
0x00007ff997850000 - 0x00007ff99791a000 	C:\Windows\SYSTEM32\DNSAPI.dll
0x00007ff993c60000 - 0x00007ff993c7e000 	C:\Users\Admin\AppData\Local\Temp\native-platform7756723984977567224dir\native-platform.dll

dbghelp: loaded successfully - version: 4.0.5 - missing functions: none
symbol engine: initialized successfully - sym options: 0x614 - pdb path: .;C:\Program Files\Android\Android Studio1\jre\bin;C:\Windows\SYSTEM32;C:\Windows\WinSxS\amd64_microsoft.windows.common-controls_6595b64144ccf1df_6.0.19041.3636_none_60b6a03d71f818d5;C:\Program Files\Android\Android Studio1\jre\bin\server;C:\Users\Admin\.gradle\wrapper\dists\gradle-7.3.2-bin\native\e1d6ef7f7dcc3fd88c89a11ec53ec762bb8ba0a96d01ffa2cd45eb1d1d8dd5c5\windows-amd64;C:\Users\Admin\.gradle\wrapper\dists\gradle-7.3.2-bin\native\0d407fdbe67a94daf76414ababcb853783967236a71b16ec16e742cd7a986fd3\windows-amd64;C:\Users\Admin\AppData\Local\Temp\native-platform7756723984977567224dir

VM Arguments:
jvm_args: --add-opens=java.base/java.util=ALL-UNNAMED --add-opens=java.base/java.lang=ALL-UNNAMED --add-opens=java.base/java.lang.invoke=ALL-UNNAMED --add-opens=java.base/java.util=ALL-UNNAMED --add-opens=java.prefs/java.util.prefs=ALL-UNNAMED --add-opens=java.prefs/java.util.prefs=ALL-UNNAMED --add-opens=java.base/java.nio.charset=ALL-UNNAMED --add-opens=java.base/java.net=ALL-UNNAMED --add-opens=java.base/java.util.concurrent.atomic=ALL-UNNAMED -Xmx2048m -Dfile.encoding=UTF-8 -Duser.country=IN -Duser.language=en -Duser.variant 
java_command: org.gradle.launcher.daemon.bootstrap.GradleDaemon 7.4
java_class_path (initial): C:\Users\Admin\.gradle\wrapper\dists\gradle-7.3.2-bin\wrapper\dists\gradle-7.4-bin\c0gwcg53nkjbqw7r0h0umtfvt\gradle-7.4\lib\gradle-launcher-7.4.jar
Launcher Type: SUN_STANDARD

[Global flags]
     intx CICompilerCount                          = 3                                         {product} {ergonomic}
     uint ConcGCThreads                            = 1                                         {product} {ergonomic}
     uint G1ConcRefinementThreads                  = 4                                         {product} {ergonomic}
   size_t G1HeapRegionSize                         = 1048576                                   {product} {ergonomic}
    uintx GCDrainStackTargetSize                   = 64                                        {product} {ergonomic}
   size_t InitialHeapSize                          = 134217728                                 {product} {ergonomic}
   size_t MarkStackSize                            = 4194304                                   {product} {ergonomic}
   size_t MaxHeapSize                              = 2147483648                                {product} {command line}
   size_t MaxNewSize                               = 1287651328                                {product} {ergonomic}
   size_t MinHeapDeltaBytes                        = 1048576                                   {product} {ergonomic}
    uintx NonNMethodCodeHeapSize                   = 5830732                                {pd product} {ergonomic}
    uintx NonProfiledCodeHeapSize                  = 122913754                              {pd product} {ergonomic}
    uintx ProfiledCodeHeapSize                     = 122913754                              {pd product} {ergonomic}
    uintx ReservedCodeCacheSize                    = 251658240                              {pd product} {ergonomic}
     bool SegmentedCodeCache                       = true                                      {product} {ergonomic}
     bool UseCompressedClassPointers               = true                                 {lp64_product} {ergonomic}
     bool UseCompressedOops                        = true                                 {lp64_product} {ergonomic}
     bool UseG1GC                                  = true                                      {product} {ergonomic}
     bool UseLargePagesIndividualAllocation        = false                                  {pd product} {ergonomic}

Logging:
Log output configuration:
 #0: stdout all=warning uptime,level,tags
 #1: stderr all=off uptime,level,tags

Environment Variables:
JAVA_HOME=C:\Users\Admin
PATH=C:\Program Files\Common Files\Oracle\Java\javapath;C:\Program Files (x86)\Common Files\Oracle\Java\javapath;C:\Windows\system32;C:\Windows;C:\Windows\System32\Wbem;C:\Windows\System32\WindowsPowerShell\v1.0\;C:\Windows\System32\OpenSSH\;C:\Program Files\Git\cmd;C:\Program Files\dotnet\;C:\Program Files (x86)\dotnet\;C:\Users\Admin\AppData\Local\Microsoft\WindowsApps;C:\Program Files (x86)\Nmap
USERNAME=Admin
OS=Windows_NT
PROCESSOR_IDENTIFIER=Intel64 Family 6 Model 69 Stepping 1, GenuineIntel



---------------  S Y S T E M  ---------------

OS: Windows 10 , 64 bit Build 19041 (10.0.19041.3636)
OS uptime: 8 days 10:52 hours

CPU:total 4 (initial active 4) (2 cores per cpu, 2 threads per core) family 6 model 69 stepping 1 microcode 0x25, cmov, cx8, fxsr, mmx, sse, sse2, sse3, ssse3, sse4.1, sse4.2, popcnt, avx, avx2, aes, clmul, erms, lzcnt, ht, tsc, tscinvbit, bmi1, bmi2, fma

Memory: 4k page, system-wide physical 8113M (493M free)
TotalPageFile size 15537M (AvailPageFile size 14M)
current process WorkingSet (physical memory assigned to process): 664M, peak: 672M
current process commit charge ("private bytes"): 697M, peak: 709M

vm_info: OpenJDK 64-Bit Server VM (11.0.13+0-b1751.21-8125866) for windows-amd64 JRE (11.0.13+0-b1751.21-8125866), built on Feb  2 2022 03:00:22 by "builder" with MS VC++ 14.0 (VS2015)

END.
