#
# There is insufficient memory for the Java Runtime Environment to continue.
# Native memory allocation (mmap) failed to map 36700160 bytes for Failed to commit area from 0x000000008ad00000 to 0x000000008d000000 of length 36700160.
# Possible reasons:
#   The system is out of physical RAM or swap space
#   The process is running with CompressedOops enabled, and the Java Heap may be blocking the growth of the native heap
# Possible solutions:
#   Reduce memory load on the system
#   Increase physical memory or swap space
#   Check if swap backing store is full
#   Decrease Java heap size (-Xmx/-Xms)
#   Decrease number of Java threads
#   Decrease Java thread stack sizes (-Xss)
#   Set larger code cache with -XX:ReservedCodeCacheSize=
#   JVM is running with Unscaled Compressed Oops mode in which the Java heap is
#     placed in the first 4GB address space. The Java Heap base address is the
#     maximum limit for the native heap growth. Please use -XX:HeapBaseMinAddress
#     to set the Java Heap base and to place the Java Heap above 4GB virtual address.
# This output file may be truncated or incomplete.
#
#  Out of Memory Error (./src/hotspot/os/windows/os_windows.cpp:3619), pid=4456, tid=14420
#
# JRE version: OpenJDK Runtime Environment (11.0.13) (build 11.0.13+0-b1751.21-8125866)
# Java VM: OpenJDK 64-Bit Server VM (11.0.13+0-b1751.21-8125866, mixed mode, tiered, compressed oops, g1 gc, windows-amd64)
# No core dump will be written. Minidumps are not enabled by default on client versions of Windows
#

---------------  S U M M A R Y ------------

Command Line: --add-opens=java.base/java.util=ALL-UNNAMED --add-opens=java.base/java.lang=ALL-UNNAMED --add-opens=java.base/java.lang.invoke=ALL-UNNAMED --add-opens=java.base/java.util=ALL-UNNAMED --add-opens=java.prefs/java.util.prefs=ALL-UNNAMED --add-opens=java.prefs/java.util.prefs=ALL-UNNAMED --add-opens=java.base/java.nio.charset=ALL-UNNAMED --add-opens=java.base/java.net=ALL-UNNAMED --add-opens=java.base/java.util.concurrent.atomic=ALL-UNNAMED -Xmx2048m -Dfile.encoding=UTF-8 -Duser.country=IN -Duser.language=en -Duser.variant org.gradle.launcher.daemon.bootstrap.GradleDaemon 7.4

Host: Intel(R) Core(TM) i5-4210U CPU @ 1.70GHz, 4 cores, 7G,  Windows 10 , 64 bit Build 19041 (10.0.19041.3636)
Time: Thu Feb 22 10:21:16 2024 India Standard Time elapsed time: 155.391931 seconds (0d 0h 2m 35s)

---------------  T H R E A D  ---------------

Current thread (0x000001d9aef7e000):  VMThread "VM Thread" [stack: 0x00000098e4e00000,0x00000098e4f00000] [id=14420]

Stack: [0x00000098e4e00000,0x00000098e4f00000]
[error occurred during error reporting (printing stack bounds), id 0xc0000005, EXCEPTION_ACCESS_VIOLATION (0xc0000005) at pc=0x000001d998ea112d]

Native frames: (J=compiled Java code, j=interpreted, Vv=VM code, C=native code)
V  [jvm.dll+0x6100fa]
V  [jvm.dll+0x747090]
V  [jvm.dll+0x7486ad]
V  [jvm.dll+0x748ce5]
V  [jvm.dll+0x748c9b]
V  [jvm.dll+0x60f224]
V  [jvm.dll+0x60f9b8]
C  [ntdll.dll+0xa23af]
C  [ntdll.dll+0x514b4]
C  [ntdll.dll+0xa0ebe]
C  0x000001d998ea112d

VM_Operation (0x00000098e63f3580): G1CollectForAllocation, mode: safepoint, requested by thread 0x000001d9b13a4800


---------------  P R O C E S S  ---------------

Threads class SMR info:
_java_thread_list=0x000001d9b3b285e0, length=80, elements={
0x000001d995383000, 0x000001d9aef82800, 0x000001d9aef83800, 0x000001d9aef9e800,
0x000001d9aefa0000, 0x000001d9aefa2800, 0x000001d9aefa5800, 0x000001d9aefcc800,
0x000001d9af953800, 0x000001d9afa54000, 0x000001d9b0bd9000, 0x000001d9b1cf6800,
0x000001d9b1df5800, 0x000001d9b0a3c000, 0x000001d9b0959000, 0x000001d9b07dc000,
0x000001d9b13a4800, 0x000001d9b13a5800, 0x000001d9b1c91800, 0x000001d9b115f800,
0x000001d9b1160800, 0x000001d9b115d000, 0x000001d9b115f000, 0x000001d9b115a800,
0x000001d9b1161000, 0x000001d9b115b800, 0x000001d9b115c800, 0x000001d9b2663000,
0x000001d9b265f800, 0x000001d9b2661000, 0x000001d9b2663800, 0x000001d9b2664800,
0x000001d9b2662000, 0x000001d9b265f000, 0x000001d9b2660800, 0x000001d9b2668800,
0x000001d9b2668000, 0x000001d9b266a000, 0x000001d9b2666000, 0x000001d9b2669800,
0x000001d9b266d800, 0x000001d9b266b000, 0x000001d9b266c000, 0x000001d9b266c800,
0x000001d9b4299000, 0x000001d9b429a000, 0x000001d9b4296000, 0x000001d9b4296800,
0x000001d9b4297800, 0x000001d9b429a800, 0x000001d9b4295000, 0x000001d9b429d000,
0x000001d9b429e000, 0x000001d9b4298800, 0x000001d9b429f000, 0x000001d9b429f800,
0x000001d9b42a0800, 0x000001d9b42a1800, 0x000001d9b429c800, 0x000001d9b429b800,
0x000001d9b42a2000, 0x000001d9b42a3000, 0x000001d9b42a3800, 0x000001d9b23c6000,
0x000001d9b23c8800, 0x000001d9b23c9000, 0x000001d9b23cb800, 0x000001d9b23ca000,
0x000001d9b23cb000, 0x000001d9b23cc800, 0x000001d9b23c6800, 0x000001d9b23cd000,
0x000001d9b23c7800, 0x000001d9b23d3800, 0x000001d9b23d3000, 0x000001d9b23cf800,
0x000001d9b23ce000, 0x000001d9b23d4800, 0x000001d9b23cf000, 0x000001d9b115e000
}

Java Threads: ( => current thread )
  0x000001d995383000 JavaThread "main" [_thread_blocked, id=13380, stack(0x00000098e4800000,0x00000098e4900000)]
  0x000001d9aef82800 JavaThread "Reference Handler" daemon [_thread_blocked, id=5788, stack(0x00000098e4f00000,0x00000098e5000000)]
  0x000001d9aef83800 JavaThread "Finalizer" daemon [_thread_blocked, id=1360, stack(0x00000098e5000000,0x00000098e5100000)]
  0x000001d9aef9e800 JavaThread "Signal Dispatcher" daemon [_thread_blocked, id=8524, stack(0x00000098e5100000,0x00000098e5200000)]
  0x000001d9aefa0000 JavaThread "Attach Listener" daemon [_thread_blocked, id=8780, stack(0x00000098e5200000,0x00000098e5300000)]
  0x000001d9aefa2800 JavaThread "Service Thread" daemon [_thread_blocked, id=6660, stack(0x00000098e5300000,0x00000098e5400000)]
  0x000001d9aefa5800 JavaThread "C2 CompilerThread0" daemon [_thread_in_native, id=9360, stack(0x00000098e5400000,0x00000098e5500000)]
  0x000001d9aefcc800 JavaThread "C1 CompilerThread0" daemon [_thread_blocked, id=3548, stack(0x00000098e5500000,0x00000098e5600000)]
  0x000001d9af953800 JavaThread "Sweeper thread" daemon [_thread_blocked, id=15132, stack(0x00000098e5600000,0x00000098e5700000)]
  0x000001d9afa54000 JavaThread "Common-Cleaner" daemon [_thread_blocked, id=15348, stack(0x00000098e5700000,0x00000098e5800000)]
  0x000001d9b0bd9000 JavaThread "Daemon health stats" [_thread_blocked, id=2072, stack(0x00000098e5b00000,0x00000098e5c00000)]
  0x000001d9b1cf6800 JavaThread "Incoming local TCP Connector on port 37694" [_thread_in_native, id=16136, stack(0x00000098e5e00000,0x00000098e5f00000)]
  0x000001d9b1df5800 JavaThread "Daemon periodic checks" [_thread_blocked, id=9576, stack(0x00000098e5f00000,0x00000098e6000000)]
  0x000001d9b0a3c000 JavaThread "Daemon" [_thread_blocked, id=1080, stack(0x00000098e6000000,0x00000098e6100000)]
  0x000001d9b0959000 JavaThread "Handler for socket connection from /127.0.0.1:37694 to /127.0.0.1:37695" [_thread_in_native, id=14136, stack(0x00000098e6100000,0x00000098e6200000)]
  0x000001d9b07dc000 JavaThread "Cancel handler" [_thread_blocked, id=4628, stack(0x00000098e6200000,0x00000098e6300000)]
  0x000001d9b13a4800 JavaThread "Daemon worker" [_thread_blocked, id=3112, stack(0x00000098e6300000,0x00000098e6400000)]
  0x000001d9b13a5800 JavaThread "Asynchronous log dispatcher for DefaultDaemonConnection: socket connection from /127.0.0.1:37694 to /127.0.0.1:37695" [_thread_blocked, id=7276, stack(0x00000098e6400000,0x00000098e6500000)]
  0x000001d9b1c91800 JavaThread "Daemon client event forwarder" [_thread_blocked, id=15584, stack(0x00000098e6600000,0x00000098e6700000)]
  0x000001d9b115f800 JavaThread "Cache worker for journal cache (C:\Users\Admin\.gradle\wrapper\dists\gradle-7.3.2-bin\caches\journal-1)" [_thread_blocked, id=9132, stack(0x00000098e6700000,0x00000098e6800000)]
  0x000001d9b1160800 JavaThread "File lock request listener" [_thread_in_native, id=1572, stack(0x00000098e6800000,0x00000098e6900000)]
  0x000001d9b115d000 JavaThread "Cache worker for file hash cache (C:\Users\Admin\.gradle\wrapper\dists\gradle-7.3.2-bin\caches\7.4\fileHashes)" [_thread_blocked, id=14380, stack(0x00000098e6900000,0x00000098e6a00000)]
  0x000001d9b115f000 JavaThread "File watcher server" daemon [_thread_in_native, id=10812, stack(0x00000098e6b00000,0x00000098e6c00000)]
  0x000001d9b115a800 JavaThread "File watcher consumer" daemon [_thread_blocked, id=10828, stack(0x00000098e6c00000,0x00000098e6d00000)]
  0x000001d9b1161000 JavaThread "jar transforms" [_thread_blocked, id=7220, stack(0x00000098e6e00000,0x00000098e6f00000)]
  0x000001d9b115b800 JavaThread "jar transforms Thread 2" [_thread_blocked, id=10820, stack(0x00000098e6f00000,0x00000098e7000000)]
  0x000001d9b115c800 JavaThread "jar transforms Thread 3" [_thread_blocked, id=328, stack(0x00000098e7000000,0x00000098e7100000)]
  0x000001d9b2663000 JavaThread "jar transforms Thread 4" [_thread_blocked, id=11000, stack(0x00000098e7100000,0x00000098e7200000)]
  0x000001d9b265f800 JavaThread "File lock release action executor Thread 2" [_thread_blocked, id=10776, stack(0x00000098e7200000,0x00000098e7300000)]
  0x000001d9b2661000 JavaThread "Cache worker for checksums cache (C:\Users\Admin\AndroidStudioProjects\IRDE\.gradle\7.4\checksums)" [_thread_blocked, id=5996, stack(0x00000098e6d00000,0x00000098e6e00000)]
  0x000001d9b2663800 JavaThread "Cache worker for cache directory md-rule (C:\Users\Admin\.gradle\wrapper\dists\gradle-7.3.2-bin\caches\7.4\md-rule)" [_thread_blocked, id=14516, stack(0x00000098e7300000,0x00000098e7400000)]
  0x000001d9b2664800 JavaThread "Cache worker for file hash cache (C:\Users\Admin\AndroidStudioProjects\IRDE\.gradle\7.4\fileHashes)" [_thread_blocked, id=11368, stack(0x00000098e7400000,0x00000098e7500000)]
  0x000001d9b2662000 JavaThread "Cache worker for cache directory md-supplier (C:\Users\Admin\.gradle\wrapper\dists\gradle-7.3.2-bin\caches\7.4\md-supplier)" [_thread_blocked, id=14624, stack(0x00000098e7500000,0x00000098e7600000)]
  0x000001d9b265f000 JavaThread "Cache worker for execution history cache (C:\Users\Admin\.gradle\wrapper\dists\gradle-7.3.2-bin\caches\7.4\executionHistory)" [_thread_blocked, id=852, stack(0x00000098e7600000,0x00000098e7700000)]
  0x000001d9b2660800 JavaThread "Cache worker for file content cache (C:\Users\Admin\.gradle\wrapper\dists\gradle-7.3.2-bin\caches\7.4\fileContent)" [_thread_blocked, id=4744, stack(0x00000098e7700000,0x00000098e7800000)]
  0x000001d9b2668800 JavaThread "Cache worker for dependencies-accessors (C:\Users\Admin\AndroidStudioProjects\IRDE\.gradle\7.4\dependencies-accessors)" [_thread_blocked, id=14632, stack(0x00000098e4700000,0x00000098e4800000)]
  0x000001d9b2668000 JavaThread "Cache worker for Build Output Cleanup Cache (C:\Users\Admin\AndroidStudioProjects\IRDE\.gradle\buildOutputCleanup)" [_thread_blocked, id=13052, stack(0x00000098e7a00000,0x00000098e7b00000)]
  0x000001d9b266a000 JavaThread "Unconstrained build operations" [_thread_blocked, id=1128, stack(0x00000098e7b00000,0x00000098e7c00000)]
  0x000001d9b2666000 JavaThread "Unconstrained build operations Thread 2" [_thread_blocked, id=3120, stack(0x00000098e7c00000,0x00000098e7d00000)]
  0x000001d9b2669800 JavaThread "Unconstrained build operations Thread 3" [_thread_blocked, id=12724, stack(0x00000098e7d00000,0x00000098e7e00000)]
  0x000001d9b266d800 JavaThread "Unconstrained build operations Thread 4" [_thread_blocked, id=12880, stack(0x00000098e7e00000,0x00000098e7f00000)]
  0x000001d9b266b000 JavaThread "Unconstrained build operations Thread 5" [_thread_blocked, id=10500, stack(0x00000098e7f00000,0x00000098e8000000)]
  0x000001d9b266c000 JavaThread "Unconstrained build operations Thread 6" [_thread_blocked, id=12664, stack(0x00000098e8000000,0x00000098e8100000)]
  0x000001d9b266c800 JavaThread "Unconstrained build operations Thread 7" [_thread_blocked, id=2244, stack(0x00000098e8100000,0x00000098e8200000)]
  0x000001d9b4299000 JavaThread "Unconstrained build operations Thread 8" [_thread_blocked, id=1276, stack(0x00000098e8200000,0x00000098e8300000)]
  0x000001d9b429a000 JavaThread "Unconstrained build operations Thread 9" [_thread_blocked, id=9004, stack(0x00000098e8300000,0x00000098e8400000)]
  0x000001d9b4296000 JavaThread "Unconstrained build operations Thread 10" [_thread_blocked, id=12804, stack(0x00000098e8400000,0x00000098e8500000)]
  0x000001d9b4296800 JavaThread "Unconstrained build operations Thread 11" [_thread_blocked, id=9904, stack(0x00000098e8500000,0x00000098e8600000)]
  0x000001d9b4297800 JavaThread "Unconstrained build operations Thread 12" [_thread_blocked, id=3340, stack(0x00000098e8600000,0x00000098e8700000)]
  0x000001d9b429a800 JavaThread "Unconstrained build operations Thread 13" [_thread_blocked, id=1492, stack(0x00000098e8700000,0x00000098e8800000)]
  0x000001d9b4295000 JavaThread "Unconstrained build operations Thread 14" [_thread_blocked, id=14976, stack(0x00000098e8800000,0x00000098e8900000)]
  0x000001d9b429d000 JavaThread "Unconstrained build operations Thread 15" [_thread_blocked, id=15536, stack(0x00000098e8900000,0x00000098e8a00000)]
  0x000001d9b429e000 JavaThread "Unconstrained build operations Thread 16" [_thread_blocked, id=5588, stack(0x00000098e8a00000,0x00000098e8b00000)]
  0x000001d9b4298800 JavaThread "Unconstrained build operations Thread 17" [_thread_blocked, id=15928, stack(0x00000098e8b00000,0x00000098e8c00000)]
  0x000001d9b429f000 JavaThread "Unconstrained build operations Thread 18" [_thread_blocked, id=7828, stack(0x00000098e8c00000,0x00000098e8d00000)]
  0x000001d9b429f800 JavaThread "Unconstrained build operations Thread 19" [_thread_blocked, id=7528, stack(0x00000098e8d00000,0x00000098e8e00000)]
  0x000001d9b42a0800 JavaThread "Unconstrained build operations Thread 20" [_thread_blocked, id=14360, stack(0x00000098e8e00000,0x00000098e8f00000)]
  0x000001d9b42a1800 JavaThread "Unconstrained build operations Thread 21" [_thread_blocked, id=380, stack(0x00000098e8f00000,0x00000098e9000000)]
  0x000001d9b429c800 JavaThread "Unconstrained build operations Thread 22" [_thread_blocked, id=12624, stack(0x00000098e9000000,0x00000098e9100000)]
  0x000001d9b429b800 JavaThread "Unconstrained build operations Thread 23" [_thread_blocked, id=11096, stack(0x00000098e9100000,0x00000098e9200000)]
  0x000001d9b42a2000 JavaThread "Unconstrained build operations Thread 24" [_thread_blocked, id=14980, stack(0x00000098e9200000,0x00000098e9300000)]
  0x000001d9b42a3000 JavaThread "Unconstrained build operations Thread 25" [_thread_blocked, id=516, stack(0x00000098e9300000,0x00000098e9400000)]
  0x000001d9b42a3800 JavaThread "Unconstrained build operations Thread 26" [_thread_blocked, id=12780, stack(0x00000098e9400000,0x00000098e9500000)]
  0x000001d9b23c6000 JavaThread "Unconstrained build operations Thread 27" [_thread_blocked, id=1472, stack(0x00000098e9500000,0x00000098e9600000)]
  0x000001d9b23c8800 JavaThread "Unconstrained build operations Thread 28" [_thread_blocked, id=7172, stack(0x00000098e9600000,0x00000098e9700000)]
  0x000001d9b23c9000 JavaThread "Unconstrained build operations Thread 29" [_thread_blocked, id=16228, stack(0x00000098e9700000,0x00000098e9800000)]
  0x000001d9b23cb800 JavaThread "Unconstrained build operations Thread 30" [_thread_blocked, id=8968, stack(0x00000098e9800000,0x00000098e9900000)]
  0x000001d9b23ca000 JavaThread "Unconstrained build operations Thread 31" [_thread_blocked, id=15432, stack(0x00000098e9900000,0x00000098e9a00000)]
  0x000001d9b23cb000 JavaThread "Unconstrained build operations Thread 32" [_thread_blocked, id=14160, stack(0x00000098e9a00000,0x00000098e9b00000)]
  0x000001d9b23cc800 JavaThread "Unconstrained build operations Thread 33" [_thread_blocked, id=8984, stack(0x00000098e9b00000,0x00000098e9c00000)]
  0x000001d9b23c6800 JavaThread "Unconstrained build operations Thread 34" [_thread_blocked, id=6160, stack(0x00000098e9c00000,0x00000098e9d00000)]
  0x000001d9b23cd000 JavaThread "Unconstrained build operations Thread 35" [_thread_blocked, id=9720, stack(0x00000098e9d00000,0x00000098e9e00000)]
  0x000001d9b23c7800 JavaThread "Unconstrained build operations Thread 36" [_thread_blocked, id=5492, stack(0x00000098e9e00000,0x00000098e9f00000)]
  0x000001d9b23d3800 JavaThread "Unconstrained build operations Thread 37" [_thread_blocked, id=5676, stack(0x00000098e9f00000,0x00000098ea000000)]
  0x000001d9b23d3000 JavaThread "Unconstrained build operations Thread 38" [_thread_blocked, id=12260, stack(0x00000098ea000000,0x00000098ea100000)]
  0x000001d9b23cf800 JavaThread "Unconstrained build operations Thread 39" [_thread_blocked, id=8088, stack(0x00000098ea100000,0x00000098ea200000)]
  0x000001d9b23ce000 JavaThread "Unconstrained build operations Thread 40" [_thread_blocked, id=15280, stack(0x00000098ea200000,0x00000098ea300000)]
  0x000001d9b23d4800 JavaThread "Memory manager" [_thread_blocked, id=6368, stack(0x00000098e4500000,0x00000098e4600000)]
  0x000001d9b23cf000 JavaThread "included builds" [_thread_blocked, id=15712, stack(0x00000098e4600000,0x00000098e4700000)]
  0x000001d9b115e000 JavaThread "Cache worker for execution history cache (C:\Users\Admin\AndroidStudioProjects\IRDE\.gradle\7.4\executionHistory)" [_thread_blocked, id=16084, stack(0x00000098ea300000,0x00000098ea400000)]

Other Threads:
=>0x000001d9aef7e000 VMThread "VM Thread" [stack: 0x00000098e4e00000,0x00000098e4f00000] [id=14420]
  0x000001d9afaad800 WatcherThread [stack: 0x00000098e5800000,0x00000098e5900000] [id=13008]
  0x000001d99539c800 GCTaskThread "GC Thread#0" [stack: 0x00000098e4900000,0x00000098e4a00000] [id=5780]
  0x000001d9afe05800 GCTaskThread "GC Thread#1" [stack: 0x00000098e5900000,0x00000098e5a00000] [id=3564]
  0x000001d9afe06000 GCTaskThread "GC Thread#2" [stack: 0x00000098e5a00000,0x00000098e5b00000] [id=4080]
  0x000001d9b1175800 GCTaskThread "GC Thread#3" [stack: 0x00000098e5c00000,0x00000098e5d00000] [id=14972]
  0x000001d9953cc000 ConcurrentGCThread "G1 Main Marker" [stack: 0x00000098e4a00000,0x00000098e4b00000] [id=14568]
  0x000001d9953ce000 ConcurrentGCThread "G1 Conc#0" [stack: 0x00000098e4b00000,0x00000098e4c00000] [id=16372]
  0x000001d99545a800 ConcurrentGCThread "G1 Refine#0" [stack: 0x00000098e4c00000,0x00000098e4d00000] [id=14984]
  0x000001d9b0042000 ConcurrentGCThread "G1 Refine#1" [stack: 0x00000098e5d00000,0x00000098e5e00000] [id=7928]
  0x000001d99545b800 ConcurrentGCThread "G1 Young RemSet Sampling" [stack: 0x00000098e4d00000,0x00000098e4e00000] [id=13108]

Threads with active compile tasks:
C2 CompilerThread0 155423 8735   !   4       org.gradle.internal.classloader.CachingClassLoader::loadClass (85 bytes)

VM state:at safepoint (normal execution)

VM Mutex/Monitor currently owned by a thread:  ([mutex/lock_event])
[0x000001d99537f8c0] Threads_lock - owner thread: 0x000001d9aef7e000
[0x000001d99537fd40] Heap_lock - owner thread: 0x000001d9b13a4800

Heap address: 0x0000000080000000, size: 2048 MB, Compressed Oops mode: 32-bit
Narrow klass base: 0x0000000000000000, Narrow klass shift: 3
Compressed class space size: 1073741824 Address: 0x0000000100000000

Heap:
 garbage-first heap   total 212992K, used 141507K [0x0000000080000000, 0x0000000100000000)
  region size 1024K, 2 young (2048K), 2 survivors (2048K)
 Metaspace       used 87253K, capacity 89284K, committed 89468K, reserved 1126400K
  class space    used 11188K, capacity 11936K, committed 11980K, reserved 1048576K
Heap Regions: E=young(eden), S=young(survivor), O=old, HS=humongous(starts), HC=humongous(continues), CS=collection set, F=free, A=archive, TAMS=top-at-mark-start (previous, next)
|   0|0x0000000080000000, 0x0000000080100000, 0x0000000080100000|100%|HS|  |TAMS 0x0000000080100000, 0x0000000080100000| Complete 
|   1|0x0000000080100000, 0x0000000080200000, 0x0000000080200000|100%|HC|  |TAMS 0x0000000080200000, 0x0000000080200000| Complete 
|   2|0x0000000080200000, 0x0000000080300000, 0x0000000080300000|100%|HC|  |TAMS 0x0000000080300000, 0x0000000080300000| Complete 
|   3|0x0000000080300000, 0x0000000080400000, 0x0000000080400000|100%| O|  |TAMS 0x0000000080400000, 0x0000000080400000| Untracked 
|   4|0x0000000080400000, 0x0000000080500000, 0x0000000080500000|100%| O|  |TAMS 0x0000000080500000, 0x0000000080500000| Untracked 
|   5|0x0000000080500000, 0x0000000080600000, 0x0000000080600000|100%| O|  |TAMS 0x0000000080600000, 0x0000000080600000| Untracked 
|   6|0x0000000080600000, 0x0000000080700000, 0x0000000080700000|100%| O|  |TAMS 0x0000000080700000, 0x0000000080700000| Untracked 
|   7|0x0000000080700000, 0x0000000080800000, 0x0000000080800000|100%| O|  |TAMS 0x0000000080800000, 0x0000000080800000| Untracked 
|   8|0x0000000080800000, 0x0000000080900000, 0x0000000080900000|100%| O|  |TAMS 0x0000000080900000, 0x0000000080900000| Untracked 
|   9|0x0000000080900000, 0x0000000080a00000, 0x0000000080a00000|100%| O|  |TAMS 0x0000000080a00000, 0x0000000080a00000| Untracked 
|  10|0x0000000080a00000, 0x0000000080b00000, 0x0000000080b00000|100%| O|  |TAMS 0x0000000080b00000, 0x0000000080b00000| Untracked 
|  11|0x0000000080b00000, 0x0000000080c00000, 0x0000000080c00000|100%| O|  |TAMS 0x0000000080c00000, 0x0000000080c00000| Untracked 
|  12|0x0000000080c00000, 0x0000000080d00000, 0x0000000080d00000|100%| O|  |TAMS 0x0000000080d00000, 0x0000000080d00000| Untracked 
|  13|0x0000000080d00000, 0x0000000080e00000, 0x0000000080e00000|100%| O|  |TAMS 0x0000000080e00000, 0x0000000080e00000| Untracked 
|  14|0x0000000080e00000, 0x0000000080f00000, 0x0000000080f00000|100%| O|  |TAMS 0x0000000080f00000, 0x0000000080f00000| Untracked 
|  15|0x0000000080f00000, 0x0000000081000000, 0x0000000081000000|100%|HS|  |TAMS 0x0000000081000000, 0x0000000081000000| Complete 
|  16|0x0000000081000000, 0x0000000081100000, 0x0000000081100000|100%|HC|  |TAMS 0x0000000081100000, 0x0000000081100000| Complete 
|  17|0x0000000081100000, 0x0000000081200000, 0x0000000081200000|100%|HS|  |TAMS 0x0000000081200000, 0x0000000081200000| Complete 
|  18|0x0000000081200000, 0x0000000081300000, 0x0000000081300000|100%|HC|  |TAMS 0x0000000081300000, 0x0000000081300000| Complete 
|  19|0x0000000081300000, 0x0000000081400000, 0x0000000081400000|100%|HC|  |TAMS 0x0000000081400000, 0x0000000081400000| Complete 
|  20|0x0000000081400000, 0x0000000081500000, 0x0000000081500000|100%|HS|  |TAMS 0x0000000081500000, 0x0000000081500000| Complete 
|  21|0x0000000081500000, 0x0000000081600000, 0x0000000081600000|100%|HC|  |TAMS 0x0000000081600000, 0x0000000081600000| Complete 
|  22|0x0000000081600000, 0x0000000081700000, 0x0000000081700000|100%|HC|  |TAMS 0x0000000081700000, 0x0000000081700000| Complete 
|  23|0x0000000081700000, 0x0000000081800000, 0x0000000081800000|100%|HS|  |TAMS 0x0000000081800000, 0x0000000081800000| Complete 
|  24|0x0000000081800000, 0x0000000081900000, 0x0000000081900000|100%|HC|  |TAMS 0x0000000081900000, 0x0000000081900000| Complete 
|  25|0x0000000081900000, 0x0000000081a00000, 0x0000000081a00000|100%|HC|  |TAMS 0x0000000081a00000, 0x0000000081a00000| Complete 
|  26|0x0000000081a00000, 0x0000000081b00000, 0x0000000081b00000|100%|HC|  |TAMS 0x0000000081b00000, 0x0000000081b00000| Complete 
|  27|0x0000000081b00000, 0x0000000081c00000, 0x0000000081c00000|100%|HS|  |TAMS 0x0000000081c00000, 0x0000000081c00000| Complete 
|  28|0x0000000081c00000, 0x0000000081d00000, 0x0000000081d00000|100%|HC|  |TAMS 0x0000000081d00000, 0x0000000081d00000| Complete 
|  29|0x0000000081d00000, 0x0000000081e00000, 0x0000000081e00000|100%|HC|  |TAMS 0x0000000081e00000, 0x0000000081e00000| Complete 
|  30|0x0000000081e00000, 0x0000000081f00000, 0x0000000081f00000|100%|HC|  |TAMS 0x0000000081f00000, 0x0000000081f00000| Complete 
|  31|0x0000000081f00000, 0x0000000082000000, 0x0000000082000000|100%|HC|  |TAMS 0x0000000082000000, 0x0000000082000000| Complete 
|  32|0x0000000082000000, 0x0000000082100000, 0x0000000082100000|100%|HS|  |TAMS 0x0000000082100000, 0x0000000082100000| Complete 
|  33|0x0000000082100000, 0x0000000082200000, 0x0000000082200000|100%| O|  |TAMS 0x0000000082200000, 0x0000000082200000| Untracked 
|  34|0x0000000082200000, 0x0000000082300000, 0x0000000082300000|100%| O|  |TAMS 0x0000000082300000, 0x0000000082300000| Untracked 
|  35|0x0000000082300000, 0x0000000082400000, 0x0000000082400000|100%| O|  |TAMS 0x0000000082400000, 0x0000000082400000| Untracked 
|  36|0x0000000082400000, 0x0000000082500000, 0x0000000082500000|100%| O|  |TAMS 0x0000000082500000, 0x0000000082500000| Untracked 
|  37|0x0000000082500000, 0x0000000082600000, 0x0000000082600000|100%| O|  |TAMS 0x0000000082600000, 0x0000000082600000| Untracked 
|  38|0x0000000082600000, 0x0000000082700000, 0x0000000082700000|100%| O|  |TAMS 0x0000000082700000, 0x0000000082700000| Untracked 
|  39|0x0000000082700000, 0x0000000082800000, 0x0000000082800000|100%| O|  |TAMS 0x0000000082800000, 0x0000000082800000| Untracked 
|  40|0x0000000082800000, 0x0000000082900000, 0x0000000082900000|100%| O|  |TAMS 0x0000000082900000, 0x0000000082900000| Untracked 
|  41|0x0000000082900000, 0x0000000082a00000, 0x0000000082a00000|100%| O|  |TAMS 0x0000000082a00000, 0x0000000082a00000| Untracked 
|  42|0x0000000082a00000, 0x0000000082b00000, 0x0000000082b00000|100%| O|  |TAMS 0x0000000082b00000, 0x0000000082b00000| Untracked 
|  43|0x0000000082b00000, 0x0000000082c00000, 0x0000000082c00000|100%| O|  |TAMS 0x0000000082c00000, 0x0000000082c00000| Untracked 
|  44|0x0000000082c00000, 0x0000000082d00000, 0x0000000082d00000|100%| O|  |TAMS 0x0000000082d00000, 0x0000000082d00000| Untracked 
|  45|0x0000000082d00000, 0x0000000082e00000, 0x0000000082e00000|100%| O|  |TAMS 0x0000000082e00000, 0x0000000082e00000| Untracked 
|  46|0x0000000082e00000, 0x0000000082f00000, 0x0000000082f00000|100%| O|  |TAMS 0x0000000082f00000, 0x0000000082f00000| Untracked 
|  47|0x0000000082f00000, 0x0000000083000000, 0x0000000083000000|100%|HS|  |TAMS 0x0000000083000000, 0x0000000083000000| Complete 
|  48|0x0000000083000000, 0x0000000083100000, 0x0000000083100000|100%|HC|  |TAMS 0x0000000083100000, 0x0000000083100000| Complete 
|  49|0x0000000083100000, 0x0000000083200000, 0x0000000083200000|100%|HC|  |TAMS 0x0000000083200000, 0x0000000083200000| Complete 
|  50|0x0000000083200000, 0x0000000083300000, 0x0000000083300000|100%|HS|  |TAMS 0x0000000083300000, 0x0000000083300000| Complete 
|  51|0x0000000083300000, 0x0000000083400000, 0x0000000083400000|100%|HC|  |TAMS 0x0000000083400000, 0x0000000083400000| Complete 
|  52|0x0000000083400000, 0x0000000083500000, 0x0000000083500000|100%|HS|  |TAMS 0x0000000083500000, 0x0000000083500000| Complete 
|  53|0x0000000083500000, 0x0000000083600000, 0x0000000083600000|100%|HC|  |TAMS 0x0000000083600000, 0x0000000083600000| Complete 
|  54|0x0000000083600000, 0x0000000083700000, 0x0000000083700000|100%|HC|  |TAMS 0x0000000083700000, 0x0000000083700000| Complete 
|  55|0x0000000083700000, 0x0000000083800000, 0x0000000083800000|100%|HS|  |TAMS 0x0000000083800000, 0x0000000083800000| Complete 
|  56|0x0000000083800000, 0x0000000083900000, 0x0000000083900000|100%|HC|  |TAMS 0x0000000083900000, 0x0000000083900000| Complete 
|  57|0x0000000083900000, 0x0000000083a00000, 0x0000000083a00000|100%|HC|  |TAMS 0x0000000083a00000, 0x0000000083a00000| Complete 
|  58|0x0000000083a00000, 0x0000000083b00000, 0x0000000083b00000|100%|HC|  |TAMS 0x0000000083b00000, 0x0000000083b00000| Complete 
|  59|0x0000000083b00000, 0x0000000083c00000, 0x0000000083c00000|100%| O|  |TAMS 0x0000000083c00000, 0x0000000083c00000| Untracked 
|  60|0x0000000083c00000, 0x0000000083d00000, 0x0000000083d00000|100%| O|  |TAMS 0x0000000083d00000, 0x0000000083d00000| Untracked 
|  61|0x0000000083d00000, 0x0000000083e00000, 0x0000000083e00000|100%| O|  |TAMS 0x0000000083e00000, 0x0000000083e00000| Untracked 
|  62|0x0000000083e00000, 0x0000000083f00000, 0x0000000083f00000|100%| O|  |TAMS 0x0000000083f00000, 0x0000000083f00000| Untracked 
|  63|0x0000000083f00000, 0x0000000084000000, 0x0000000084000000|100%| O|  |TAMS 0x0000000084000000, 0x0000000084000000| Untracked 
|  64|0x0000000084000000, 0x0000000084100000, 0x0000000084100000|100%| O|  |TAMS 0x0000000084100000, 0x0000000084100000| Untracked 
|  65|0x0000000084100000, 0x0000000084200000, 0x0000000084200000|100%| O|  |TAMS 0x0000000084200000, 0x0000000084200000| Untracked 
|  66|0x0000000084200000, 0x0000000084300000, 0x0000000084300000|100%|HS|  |TAMS 0x0000000084300000, 0x0000000084300000| Complete 
|  67|0x0000000084300000, 0x0000000084400000, 0x0000000084400000|100%|HC|  |TAMS 0x0000000084400000, 0x0000000084400000| Complete 
|  68|0x0000000084400000, 0x0000000084500000, 0x0000000084500000|100%|HC|  |TAMS 0x0000000084500000, 0x0000000084500000| Complete 
|  69|0x0000000084500000, 0x0000000084600000, 0x0000000084600000|100%|HC|  |TAMS 0x0000000084600000, 0x0000000084600000| Complete 
|  70|0x0000000084600000, 0x0000000084700000, 0x0000000084700000|100%|HC|  |TAMS 0x0000000084700000, 0x0000000084700000| Complete 
|  71|0x0000000084700000, 0x0000000084800000, 0x0000000084800000|100%| O|  |TAMS 0x0000000084800000, 0x0000000084800000| Untracked 
|  72|0x0000000084800000, 0x0000000084900000, 0x0000000084900000|100%| O|  |TAMS 0x0000000084900000, 0x0000000084900000| Untracked 
|  73|0x0000000084900000, 0x0000000084a00000, 0x0000000084a00000|100%| O|  |TAMS 0x0000000084a00000, 0x0000000084a00000| Untracked 
|  74|0x0000000084a00000, 0x0000000084b00000, 0x0000000084b00000|100%| O|  |TAMS 0x0000000084b00000, 0x0000000084b00000| Untracked 
|  75|0x0000000084b00000, 0x0000000084c00000, 0x0000000084c00000|100%|HS|  |TAMS 0x0000000084c00000, 0x0000000084c00000| Complete 
|  76|0x0000000084c00000, 0x0000000084d00000, 0x0000000084d00000|100%|HS|  |TAMS 0x0000000084d00000, 0x0000000084d00000| Complete 
|  77|0x0000000084d00000, 0x0000000084e00000, 0x0000000084e00000|100%|HS|  |TAMS 0x0000000084e00000, 0x0000000084e00000| Complete 
|  78|0x0000000084e00000, 0x0000000084f00000, 0x0000000084f00000|100%| O|  |TAMS 0x0000000084f00000, 0x0000000084f00000| Untracked 
|  79|0x0000000084f00000, 0x0000000085000000, 0x0000000085000000|100%|HS|  |TAMS 0x0000000085000000, 0x0000000085000000| Complete 
|  80|0x0000000085000000, 0x0000000085100000, 0x0000000085100000|100%|HC|  |TAMS 0x0000000085100000, 0x0000000085100000| Complete 
|  81|0x0000000085100000, 0x0000000085200000, 0x0000000085200000|100%|HC|  |TAMS 0x0000000085200000, 0x0000000085200000| Complete 
|  82|0x0000000085200000, 0x0000000085300000, 0x0000000085300000|100%|HC|  |TAMS 0x0000000085300000, 0x0000000085300000| Complete 
|  83|0x0000000085300000, 0x0000000085400000, 0x0000000085400000|100%| O|  |TAMS 0x0000000085400000, 0x0000000085400000| Untracked 
|  84|0x0000000085400000, 0x0000000085500000, 0x0000000085500000|100%| O|  |TAMS 0x0000000085500000, 0x0000000085500000| Untracked 
|  85|0x0000000085500000, 0x0000000085600000, 0x0000000085600000|100%| O|  |TAMS 0x0000000085600000, 0x0000000085600000| Untracked 
|  86|0x0000000085600000, 0x0000000085700000, 0x0000000085700000|100%| O|  |TAMS 0x0000000085700000, 0x0000000085700000| Untracked 
|  87|0x0000000085700000, 0x0000000085800000, 0x0000000085800000|100%| O|  |TAMS 0x0000000085800000, 0x0000000085800000| Untracked 
|  88|0x0000000085800000, 0x0000000085900000, 0x0000000085900000|100%| O|  |TAMS 0x0000000085900000, 0x0000000085900000| Untracked 
|  89|0x0000000085900000, 0x0000000085a00000, 0x0000000085a00000|100%|HS|  |TAMS 0x0000000085a00000, 0x0000000085a00000| Complete 
|  90|0x0000000085a00000, 0x0000000085b00000, 0x0000000085b00000|100%|HC|  |TAMS 0x0000000085b00000, 0x0000000085b00000| Complete 
|  91|0x0000000085b00000, 0x0000000085c00000, 0x0000000085c00000|100%| O|  |TAMS 0x0000000085c00000, 0x0000000085c00000| Untracked 
|  92|0x0000000085c00000, 0x0000000085d00000, 0x0000000085d00000|100%| O|  |TAMS 0x0000000085d00000, 0x0000000085d00000| Untracked 
|  93|0x0000000085d00000, 0x0000000085e00000, 0x0000000085e00000|100%| O|  |TAMS 0x0000000085e00000, 0x0000000085e00000| Untracked 
|  94|0x0000000085e00000, 0x0000000085f00000, 0x0000000085f00000|100%| O|  |TAMS 0x0000000085f00000, 0x0000000085f00000| Untracked 
|  95|0x0000000085f00000, 0x0000000086000000, 0x0000000086000000|100%| O|  |TAMS 0x0000000086000000, 0x0000000086000000| Untracked 
|  96|0x0000000086000000, 0x0000000086100000, 0x0000000086100000|100%| O|  |TAMS 0x0000000086100000, 0x0000000086100000| Untracked 
|  97|0x0000000086100000, 0x0000000086200000, 0x0000000086200000|100%| O|  |TAMS 0x0000000086200000, 0x0000000086200000| Untracked 
|  98|0x0000000086200000, 0x0000000086300000, 0x0000000086300000|100%| O|  |TAMS 0x0000000086300000, 0x0000000086300000| Untracked 
|  99|0x0000000086300000, 0x0000000086400000, 0x0000000086400000|100%| O|  |TAMS 0x0000000086400000, 0x0000000086400000| Untracked 
| 100|0x0000000086400000, 0x0000000086500000, 0x0000000086500000|100%| O|  |TAMS 0x0000000086500000, 0x0000000086500000| Untracked 
| 101|0x0000000086500000, 0x0000000086600000, 0x0000000086600000|100%| O|  |TAMS 0x0000000086600000, 0x0000000086600000| Untracked 
| 102|0x0000000086600000, 0x0000000086700000, 0x0000000086700000|100%| O|  |TAMS 0x0000000086700000, 0x0000000086700000| Untracked 
| 103|0x0000000086700000, 0x0000000086800000, 0x0000000086800000|100%| O|  |TAMS 0x0000000086800000, 0x0000000086800000| Untracked 
| 104|0x0000000086800000, 0x0000000086900000, 0x0000000086900000|100%| O|  |TAMS 0x0000000086900000, 0x0000000086900000| Untracked 
| 105|0x0000000086900000, 0x0000000086a00000, 0x0000000086a00000|100%| O|  |TAMS 0x0000000086a00000, 0x0000000086a00000| Untracked 
| 106|0x0000000086a00000, 0x0000000086b00000, 0x0000000086b00000|100%| O|  |TAMS 0x0000000086b00000, 0x0000000086b00000| Untracked 
| 107|0x0000000086b00000, 0x0000000086c00000, 0x0000000086c00000|100%| O|  |TAMS 0x0000000086c00000, 0x0000000086c00000| Untracked 
| 108|0x0000000086c00000, 0x0000000086d00000, 0x0000000086d00000|100%| O|  |TAMS 0x0000000086d00000, 0x0000000086d00000| Untracked 
| 109|0x0000000086d00000, 0x0000000086e00000, 0x0000000086e00000|100%| O|  |TAMS 0x0000000086e00000, 0x0000000086e00000| Untracked 
| 110|0x0000000086e00000, 0x0000000086f00000, 0x0000000086f00000|100%|HS|  |TAMS 0x0000000086f00000, 0x0000000086f00000| Complete 
| 111|0x0000000086f00000, 0x0000000087000000, 0x0000000087000000|100%|HC|  |TAMS 0x0000000087000000, 0x0000000087000000| Complete 
| 112|0x0000000087000000, 0x0000000087100000, 0x0000000087100000|100%|HS|  |TAMS 0x0000000087100000, 0x0000000087100000| Complete 
| 113|0x0000000087100000, 0x0000000087200000, 0x0000000087200000|100%|HC|  |TAMS 0x0000000087200000, 0x0000000087200000| Complete 
| 114|0x0000000087200000, 0x0000000087300000, 0x0000000087300000|100%|HC|  |TAMS 0x0000000087300000, 0x0000000087300000| Complete 
| 115|0x0000000087300000, 0x0000000087400000, 0x0000000087400000|100%| O|  |TAMS 0x0000000087400000, 0x0000000087400000| Untracked 
| 116|0x0000000087400000, 0x0000000087500000, 0x0000000087500000|100%|HS|  |TAMS 0x0000000087500000, 0x0000000087500000| Complete 
| 117|0x0000000087500000, 0x0000000087600000, 0x0000000087600000|100%|HC|  |TAMS 0x0000000087600000, 0x0000000087600000| Complete 
| 118|0x0000000087600000, 0x0000000087700000, 0x0000000087700000|100%|HC|  |TAMS 0x0000000087700000, 0x0000000087700000| Complete 
| 119|0x0000000087700000, 0x0000000087800000, 0x0000000087800000|100%|HS|  |TAMS 0x0000000087800000, 0x0000000087800000| Complete 
| 120|0x0000000087800000, 0x0000000087900000, 0x0000000087900000|100%|HC|  |TAMS 0x0000000087900000, 0x0000000087900000| Complete 
| 121|0x0000000087900000, 0x0000000087a00000, 0x0000000087a00000|100%|HC|  |TAMS 0x0000000087a00000, 0x0000000087a00000| Complete 
| 122|0x0000000087a00000, 0x0000000087b00000, 0x0000000087b00000|100%|HC|  |TAMS 0x0000000087b00000, 0x0000000087b00000| Complete 
| 123|0x0000000087b00000, 0x0000000087bc7800, 0x0000000087c00000| 77%| O|  |TAMS 0x0000000087b88a00, 0x0000000087bc7800| Untracked 
| 124|0x0000000087c00000, 0x0000000087d00000, 0x0000000087d00000|100%|HS|  |TAMS 0x0000000087d00000, 0x0000000087d00000| Complete 
| 125|0x0000000087d00000, 0x0000000087d00000, 0x0000000087e00000|  0%| F|  |TAMS 0x0000000087d00000, 0x0000000087d00000| Untracked 
| 126|0x0000000087e00000, 0x0000000087e00000, 0x0000000087f00000|  0%| F|  |TAMS 0x0000000087e00000, 0x0000000087e00000| Untracked 
| 127|0x0000000087f00000, 0x0000000087f00000, 0x0000000088000000|  0%| F|  |TAMS 0x0000000087f00000, 0x0000000087f00000| Untracked 
| 128|0x0000000088000000, 0x0000000088100000, 0x0000000088100000|100%|HS|  |TAMS 0x0000000088100000, 0x0000000088100000| Complete 
| 129|0x0000000088100000, 0x0000000088200000, 0x0000000088200000|100%|HC|  |TAMS 0x0000000088200000, 0x0000000088200000| Complete 
| 130|0x0000000088200000, 0x0000000088300000, 0x0000000088300000|100%|HC|  |TAMS 0x0000000088300000, 0x0000000088300000| Complete 
| 131|0x0000000088300000, 0x0000000088400000, 0x0000000088400000|100%|HC|  |TAMS 0x0000000088400000, 0x0000000088400000| Complete 
| 132|0x0000000088400000, 0x0000000088500000, 0x0000000088500000|100%|HC|  |TAMS 0x0000000088500000, 0x0000000088500000| Complete 
| 133|0x0000000088500000, 0x0000000088600000, 0x0000000088600000|100%| O|  |TAMS 0x0000000088600000, 0x0000000088600000| Untracked 
| 134|0x0000000088600000, 0x0000000088700000, 0x0000000088700000|100%| O|  |TAMS 0x0000000088700000, 0x0000000088700000| Untracked 
| 135|0x0000000088700000, 0x0000000088700000, 0x0000000088800000|  0%| F|  |TAMS 0x0000000088700000, 0x0000000088700000| Untracked 
| 136|0x0000000088800000, 0x0000000088900000, 0x0000000088900000|100%| O|  |TAMS 0x0000000088900000, 0x0000000088900000| Untracked 
| 137|0x0000000088900000, 0x0000000088900000, 0x0000000088a00000|  0%| F|  |TAMS 0x0000000088900000, 0x0000000088900000| Untracked 
| 138|0x0000000088a00000, 0x0000000088b00000, 0x0000000088b00000|100%| O|  |TAMS 0x0000000088b00000, 0x0000000088b00000| Untracked 
| 139|0x0000000088b00000, 0x0000000088b00000, 0x0000000088c00000|  0%| F|  |TAMS 0x0000000088b00000, 0x0000000088b00000| Untracked 
| 140|0x0000000088c00000, 0x0000000088c00000, 0x0000000088d00000|  0%| F|  |TAMS 0x0000000088c00000, 0x0000000088c00000| Untracked 
| 141|0x0000000088d00000, 0x0000000088e00000, 0x0000000088e00000|100%| O|  |TAMS 0x0000000088e00000, 0x0000000088e00000| Untracked 
| 142|0x0000000088e00000, 0x0000000088f00000, 0x0000000088f00000|100%| O|  |TAMS 0x0000000088f00000, 0x0000000088f00000| Untracked 
| 143|0x0000000088f00000, 0x0000000089000000, 0x0000000089000000|100%| O|  |TAMS 0x0000000089000000, 0x0000000089000000| Untracked 
| 144|0x0000000089000000, 0x0000000089000000, 0x0000000089100000|  0%| F|  |TAMS 0x0000000089000000, 0x0000000089000000| Untracked 
| 145|0x0000000089100000, 0x0000000089100000, 0x0000000089200000|  0%| F|  |TAMS 0x0000000089100000, 0x0000000089100000| Untracked 
| 146|0x0000000089200000, 0x0000000089200000, 0x0000000089300000|  0%| F|  |TAMS 0x0000000089200000, 0x0000000089200000| Untracked 
| 147|0x0000000089300000, 0x0000000089300000, 0x0000000089400000|  0%| F|  |TAMS 0x0000000089300000, 0x0000000089300000| Untracked 
| 148|0x0000000089400000, 0x0000000089400000, 0x0000000089500000|  0%| F|  |TAMS 0x0000000089400000, 0x0000000089400000| Untracked 
| 149|0x0000000089500000, 0x0000000089500000, 0x0000000089600000|  0%| F|  |TAMS 0x0000000089500000, 0x0000000089500000| Untracked 
| 150|0x0000000089600000, 0x0000000089600000, 0x0000000089700000|  0%| F|  |TAMS 0x0000000089600000, 0x0000000089600000| Untracked 
| 151|0x0000000089700000, 0x0000000089700000, 0x0000000089800000|  0%| F|  |TAMS 0x0000000089700000, 0x0000000089700000| Untracked 
| 152|0x0000000089800000, 0x0000000089800000, 0x0000000089900000|  0%| F|  |TAMS 0x0000000089800000, 0x0000000089800000| Untracked 
| 153|0x0000000089900000, 0x0000000089900000, 0x0000000089a00000|  0%| F|  |TAMS 0x0000000089900000, 0x0000000089900000| Untracked 
| 154|0x0000000089a00000, 0x0000000089a00000, 0x0000000089b00000|  0%| F|  |TAMS 0x0000000089a00000, 0x0000000089a00000| Untracked 
| 155|0x0000000089b00000, 0x0000000089b00000, 0x0000000089c00000|  0%| F|  |TAMS 0x0000000089b00000, 0x0000000089b00000| Untracked 
| 156|0x0000000089c00000, 0x0000000089c00000, 0x0000000089d00000|  0%| F|  |TAMS 0x0000000089c00000, 0x0000000089c00000| Untracked 
| 157|0x0000000089d00000, 0x0000000089d00000, 0x0000000089e00000|  0%| F|  |TAMS 0x0000000089d00000, 0x0000000089d00000| Untracked 
| 158|0x0000000089e00000, 0x0000000089e00000, 0x0000000089f00000|  0%| F|  |TAMS 0x0000000089e00000, 0x0000000089e00000| Untracked 
| 159|0x0000000089f00000, 0x0000000089f00000, 0x000000008a000000|  0%| F|  |TAMS 0x0000000089f00000, 0x0000000089f00000| Untracked 
| 160|0x000000008a000000, 0x000000008a069488, 0x000000008a100000| 41%| S|CS|TAMS 0x000000008a000000, 0x000000008a000000| Complete 
| 161|0x000000008a100000, 0x000000008a100000, 0x000000008a200000|  0%| F|  |TAMS 0x000000008a100000, 0x000000008a100000| Untracked 
| 162|0x000000008a200000, 0x000000008a200000, 0x000000008a300000|  0%| F|  |TAMS 0x000000008a200000, 0x000000008a200000| Untracked 
| 163|0x000000008a300000, 0x000000008a400000, 0x000000008a400000|100%| S|CS|TAMS 0x000000008a300000, 0x000000008a300000| Complete 
| 164|0x000000008a400000, 0x000000008a400000, 0x000000008a500000|  0%| F|  |TAMS 0x000000008a400000, 0x000000008a400000| Untracked 
| 165|0x000000008a500000, 0x000000008a500000, 0x000000008a600000|  0%| F|  |TAMS 0x000000008a500000, 0x000000008a500000| Untracked 
| 166|0x000000008a600000, 0x000000008a600000, 0x000000008a700000|  0%| F|  |TAMS 0x000000008a600000, 0x000000008a600000| Untracked 
| 167|0x000000008a700000, 0x000000008a700000, 0x000000008a800000|  0%| F|  |TAMS 0x000000008a700000, 0x000000008a700000| Untracked 
| 168|0x000000008a800000, 0x000000008a800000, 0x000000008a900000|  0%| F|  |TAMS 0x000000008a800000, 0x000000008a800000| Untracked 
| 169|0x000000008a900000, 0x000000008a900000, 0x000000008aa00000|  0%| F|  |TAMS 0x000000008a900000, 0x000000008a900000| Untracked 
| 170|0x000000008aa00000, 0x000000008aa00000, 0x000000008ab00000|  0%| F|  |TAMS 0x000000008aa00000, 0x000000008aa00000| Untracked 
| 171|0x000000008ab00000, 0x000000008ab00000, 0x000000008ac00000|  0%| F|  |TAMS 0x000000008ab00000, 0x000000008ab00000| Untracked 
| 172|0x000000008ac00000, 0x000000008ac00000, 0x000000008ad00000|  0%| F|  |TAMS 0x000000008ac00000, 0x000000008ac00000| Untracked 

Card table byte_map: [0x000001d9a82a0000,0x000001d9a86a0000] _byte_map_base: 0x000001d9a7ea0000

Marking Bits (Prev, Next): (CMBitMap*) 0x000001d9953c3360, (CMBitMap*) 0x000001d9953c3328
 Prev Bits: [0x000001d9aaaa0000, 0x000001d9acaa0000)
 Next Bits: [0x000001d9a8aa0000, 0x000001d9aaaa0000)

Polling page: 0x000001d993530000

Metaspace:

Usage:
  Non-class:     75.54 MB capacity,    74.28 MB ( 98%) used,     1.03 MB (  1%) free+waste,   227.19 KB ( <1%) overhead. 
      Class:     11.66 MB capacity,    10.93 MB ( 94%) used,   643.28 KB (  5%) free+waste,   104.50 KB ( <1%) overhead. 
       Both:     87.19 MB capacity,    85.21 MB ( 98%) used,     1.66 MB (  2%) free+waste,   331.69 KB ( <1%) overhead. 

Virtual space:
  Non-class space:       76.00 MB reserved,      75.67 MB (>99%) committed 
      Class space:        1.00 GB reserved,      11.70 MB (  1%) committed 
             Both:        1.07 GB reserved,      87.37 MB (  8%) committed 

Chunk freelists:
   Non-Class:  12.00 KB
       Class:  0 bytes
        Both:  12.00 KB

MaxMetaspaceSize: 17179869184.00 GB
CompressedClassSpaceSize: 1.00 GB
Initial GC threshold: 20.80 MB
Current GC threshold: 143.12 MB
CDS: off

CodeHeap 'non-profiled nmethods': size=120064Kb used=5559Kb max_used=5559Kb free=114504Kb
 bounds [0x000001d9a0960000, 0x000001d9a0ed0000, 0x000001d9a7ea0000]
CodeHeap 'profiled nmethods': size=120000Kb used=19622Kb max_used=19622Kb free=100377Kb
 bounds [0x000001d999430000, 0x000001d99a760000, 0x000001d9a0960000]
CodeHeap 'non-nmethods': size=5696Kb used=2371Kb max_used=2411Kb free=3324Kb
 bounds [0x000001d998ea0000, 0x000001d999110000, 0x000001d999430000]
 total_blobs=9632 nmethods=8736 adapters=807
 compilation: enabled
              stopped_count=0, restarted_count=0
 full_count=0

Compilation events (20 events):
Event: 155.358 Thread 0x000001d9aefcc800 8762       3       java.lang.reflect.AccessibleObject::isAnnotationPresent (6 bytes)
Event: 155.358 Thread 0x000001d9aefcc800 nmethod 8762 0x000001d99a755290 code [0x000001d99a755460, 0x000001d99a7556c8]
Event: 155.359 Thread 0x000001d9aefcc800 8763       3       com.sun.xml.bind.v2.model.impl.PropertyInfoImpl::nav (8 bytes)
Event: 155.359 Thread 0x000001d9aefcc800 nmethod 8763 0x000001d99a755790 code [0x000001d99a755940, 0x000001d99a755ab8]
Event: 155.360 Thread 0x000001d9aefcc800 8764       3       com.sun.xml.bind.v2.model.impl.ClassInfoImpl::getPropertyNameFromSetMethod (26 bytes)
Event: 155.360 Thread 0x000001d9aefcc800 nmethod 8764 0x000001d99a755b90 code [0x000001d99a755d80, 0x000001d99a7560d8]
Event: 155.367 Thread 0x000001d9aefcc800 8766       3       sun.reflect.generics.reflectiveObjects.TypeVariableImpl::equals (67 bytes)
Event: 155.368 Thread 0x000001d9aefcc800 nmethod 8766 0x000001d99a756290 code [0x000001d99a7564c0, 0x000001d99a756e18]
Event: 155.372 Thread 0x000001d9aefcc800 8767       3       com.sun.xml.bind.v2.model.nav.ReflectionNavigator::erasure (12 bytes)
Event: 155.372 Thread 0x000001d9aefcc800 nmethod 8767 0x000001d99a757010 code [0x000001d99a7571e0, 0x000001d99a757408]
Event: 155.372 Thread 0x000001d9aefcc800 8768       3       com.sun.xml.bind.v2.model.nav.ReflectionNavigator$6::onClass (10 bytes)
Event: 155.372 Thread 0x000001d9aefcc800 nmethod 8768 0x000001d99a757510 code [0x000001d99a7576c0, 0x000001d99a757918]
Event: 155.372 Thread 0x000001d9aefcc800 8769       3       com.sun.xml.bind.v2.model.impl.PropertyInfoImpl::reader (8 bytes)
Event: 155.373 Thread 0x000001d9aefcc800 nmethod 8769 0x000001d99a757a10 code [0x000001d99a757bc0, 0x000001d99a757d38]
Event: 155.373 Thread 0x000001d9aefcc800 8770       1       com.sun.xml.bind.v2.model.impl.PropertyInfoImpl::isCollection (5 bytes)
Event: 155.373 Thread 0x000001d9aefcc800 nmethod 8770 0x000001d9a0ecda10 code [0x000001d9a0ecdbc0, 0x000001d9a0ecdc78]
Event: 155.373 Thread 0x000001d9aefcc800 8771       3       com.sun.xml.bind.v2.model.annotation.RuntimeInlineAnnotationReader::getPackageAnnotation (11 bytes)
Event: 155.374 Thread 0x000001d9aefcc800 nmethod 8771 0x000001d99a757e10 code [0x000001d99a757fe0, 0x000001d99a7581e8]
Event: 155.374 Thread 0x000001d9aefcc800 8772       3       com.sun.xml.bind.v2.model.annotation.RuntimeInlineAnnotationReader::getPackageAnnotation (107 bytes)
Event: 155.375 Thread 0x000001d9aefcc800 nmethod 8772 0x000001d99a758290 code [0x000001d99a758560, 0x000001d99a7593e8]

GC Heap History (20 events):
Event: 151.540 GC heap after
{Heap after GC invocations=109 (full 0):
 garbage-first heap   total 177152K, used 139825K [0x0000000080000000, 0x0000000100000000)
  region size 1024K, 1 young (1024K), 1 survivors (1024K)
 Metaspace       used 81144K, capacity 83141K, committed 83324K, reserved 1122304K
  class space    used 10446K, capacity 11140K, committed 11212K, reserved 1048576K
}
Event: 151.758 GC heap before
{Heap before GC invocations=109 (full 0):
 garbage-first heap   total 177152K, used 149041K [0x0000000080000000, 0x0000000100000000)
  region size 1024K, 10 young (10240K), 1 survivors (1024K)
 Metaspace       used 81269K, capacity 83296K, committed 83452K, reserved 1122304K
  class space    used 10459K, capacity 11209K, committed 11340K, reserved 1048576K
}
Event: 151.763 GC heap after
{Heap after GC invocations=110 (full 0):
 garbage-first heap   total 177152K, used 140118K [0x0000000080000000, 0x0000000100000000)
  region size 1024K, 2 young (2048K), 2 survivors (2048K)
 Metaspace       used 81269K, capacity 83296K, committed 83452K, reserved 1122304K
  class space    used 10459K, capacity 11209K, committed 11340K, reserved 1048576K
}
Event: 152.118 GC heap before
{Heap before GC invocations=110 (full 0):
 garbage-first heap   total 177152K, used 149334K [0x0000000080000000, 0x0000000100000000)
  region size 1024K, 11 young (11264K), 2 survivors (2048K)
 Metaspace       used 81423K, capacity 83424K, committed 83708K, reserved 1122304K
  class space    used 10484K, capacity 11209K, committed 11340K, reserved 1048576K
}
Event: 152.123 GC heap after
{Heap after GC invocations=111 (full 0):
 garbage-first heap   total 177152K, used 140258K [0x0000000080000000, 0x0000000100000000)
  region size 1024K, 1 young (1024K), 1 survivors (1024K)
 Metaspace       used 81423K, capacity 83424K, committed 83708K, reserved 1122304K
  class space    used 10484K, capacity 11209K, committed 11340K, reserved 1048576K
}
Event: 152.227 GC heap before
{Heap before GC invocations=112 (full 0):
 garbage-first heap   total 177152K, used 149474K [0x0000000080000000, 0x0000000100000000)
  region size 1024K, 10 young (10240K), 1 survivors (1024K)
 Metaspace       used 81723K, capacity 83776K, committed 83964K, reserved 1122304K
  class space    used 10513K, capacity 11241K, committed 11340K, reserved 1048576K
}
Event: 152.231 GC heap after
{Heap after GC invocations=113 (full 0):
 garbage-first heap   total 177152K, used 140240K [0x0000000080000000, 0x0000000100000000)
  region size 1024K, 1 young (1024K), 1 survivors (1024K)
 Metaspace       used 81723K, capacity 83776K, committed 83964K, reserved 1122304K
  class space    used 10513K, capacity 11241K, committed 11340K, reserved 1048576K
}
Event: 152.341 GC heap before
{Heap before GC invocations=113 (full 0):
 garbage-first heap   total 177152K, used 150480K [0x0000000080000000, 0x0000000100000000)
  region size 1024K, 11 young (11264K), 1 survivors (1024K)
 Metaspace       used 82051K, capacity 84160K, committed 84220K, reserved 1122304K
  class space    used 10558K, capacity 11305K, committed 11340K, reserved 1048576K
}
Event: 152.346 GC heap after
{Heap after GC invocations=114 (full 0):
 garbage-first heap   total 177152K, used 140190K [0x0000000080000000, 0x0000000100000000)
  region size 1024K, 1 young (1024K), 1 survivors (1024K)
 Metaspace       used 82051K, capacity 84160K, committed 84220K, reserved 1122304K
  class space    used 10558K, capacity 11305K, committed 11340K, reserved 1048576K
}
Event: 152.809 GC heap before
{Heap before GC invocations=115 (full 0):
 garbage-first heap   total 177152K, used 149406K [0x0000000080000000, 0x0000000100000000)
  region size 1024K, 11 young (11264K), 1 survivors (1024K)
 Metaspace       used 82362K, capacity 84460K, committed 84604K, reserved 1122304K
  class space    used 10595K, capacity 11339K, committed 11468K, reserved 1048576K
}
Event: 152.817 GC heap after
{Heap after GC invocations=116 (full 0):
 garbage-first heap   total 177152K, used 140298K [0x0000000080000000, 0x0000000100000000)
  region size 1024K, 1 young (1024K), 1 survivors (1024K)
 Metaspace       used 82362K, capacity 84460K, committed 84604K, reserved 1122304K
  class space    used 10595K, capacity 11339K, committed 11468K, reserved 1048576K
}
Event: 153.013 GC heap before
{Heap before GC invocations=116 (full 0):
 garbage-first heap   total 177152K, used 142346K [0x0000000080000000, 0x0000000100000000)
  region size 1024K, 4 young (4096K), 1 survivors (1024K)
 Metaspace       used 82794K, capacity 84818K, committed 85116K, reserved 1122304K
  class space    used 10632K, capacity 11372K, committed 11468K, reserved 1048576K
}
Event: 153.017 GC heap after
{Heap after GC invocations=117 (full 0):
 garbage-first heap   total 177152K, used 140884K [0x0000000080000000, 0x0000000100000000)
  region size 1024K, 2 young (2048K), 2 survivors (2048K)
 Metaspace       used 82794K, capacity 84818K, committed 85116K, reserved 1122304K
  class space    used 10632K, capacity 11372K, committed 11468K, reserved 1048576K
}
Event: 153.682 GC heap before
{Heap before GC invocations=118 (full 0):
 garbage-first heap   total 177152K, used 150100K [0x0000000080000000, 0x0000000100000000)
  region size 1024K, 10 young (10240K), 2 survivors (2048K)
 Metaspace       used 83978K, capacity 86040K, committed 86140K, reserved 1124352K
  class space    used 10699K, capacity 11438K, committed 11468K, reserved 1048576K
}
Event: 153.689 GC heap after
{Heap after GC invocations=119 (full 0):
 garbage-first heap   total 177152K, used 140622K [0x0000000080000000, 0x0000000100000000)
  region size 1024K, 1 young (1024K), 1 survivors (1024K)
 Metaspace       used 83978K, capacity 86040K, committed 86140K, reserved 1124352K
  class space    used 10699K, capacity 11438K, committed 11468K, reserved 1048576K
}
Event: 154.387 GC heap before
{Heap before GC invocations=119 (full 0):
 garbage-first heap   total 177152K, used 149838K [0x0000000080000000, 0x0000000100000000)
  region size 1024K, 10 young (10240K), 1 survivors (1024K)
 Metaspace       used 85278K, capacity 87362K, committed 87676K, reserved 1126400K
  class space    used 10865K, capacity 11601K, committed 11724K, reserved 1048576K
}
Event: 154.394 GC heap after
{Heap after GC invocations=120 (full 0):
 garbage-first heap   total 177152K, used 140750K [0x0000000080000000, 0x0000000100000000)
  region size 1024K, 1 young (1024K), 1 survivors (1024K)
 Metaspace       used 85278K, capacity 87362K, committed 87676K, reserved 1126400K
  class space    used 10865K, capacity 11601K, committed 11724K, reserved 1048576K
}
Event: 155.044 GC heap before
{Heap before GC invocations=121 (full 0):
 garbage-first heap   total 177152K, used 149966K [0x0000000080000000, 0x0000000100000000)
  region size 1024K, 10 young (10240K), 1 survivors (1024K)
 Metaspace       used 86287K, capacity 88334K, committed 88572K, reserved 1126400K
  class space    used 11010K, capacity 11732K, committed 11852K, reserved 1048576K
}
Event: 155.050 GC heap after
{Heap after GC invocations=122 (full 0):
 garbage-first heap   total 177152K, used 141188K [0x0000000080000000, 0x0000000100000000)
  region size 1024K, 2 young (2048K), 2 survivors (2048K)
 Metaspace       used 86287K, capacity 88334K, committed 88572K, reserved 1126400K
  class space    used 11010K, capacity 11732K, committed 11852K, reserved 1048576K
}
Event: 155.377 GC heap before
{Heap before GC invocations=122 (full 0):
 garbage-first heap   total 177152K, used 150404K [0x0000000080000000, 0x0000000100000000)
  region size 1024K, 11 young (11264K), 2 survivors (2048K)
 Metaspace       used 87253K, capacity 89284K, committed 89468K, reserved 1126400K
  class space    used 11188K, capacity 11936K, committed 11980K, reserved 1048576K
}

Deoptimization events (20 events):
Event: 154.327 Thread 0x000001d9b13a4800 Uncommon trap: trap_request=0xffffff4d fr.pc=0x000001d9a0d2c1c4 relative=0x00000000000000a4
Event: 154.327 Thread 0x000001d9b13a4800 Uncommon trap: reason=unstable_if action=reinterpret pc=0x000001d9a0d2c1c4 method=java.lang.CharacterDataLatin1.digit(II)I @ 12 c2
Event: 154.327 Thread 0x000001d9b13a4800 DEOPT PACKING pc=0x000001d9a0d2c1c4 sp=0x00000098e63fa5f0
Event: 154.327 Thread 0x000001d9b13a4800 DEOPT UNPACKING pc=0x000001d998eea1af sp=0x00000098e63fa568 mode 2
Event: 154.441 Thread 0x000001d9b13a4800 Uncommon trap: trap_request=0xffffff4d fr.pc=0x000001d9a0eaf454 relative=0x0000000000000034
Event: 154.441 Thread 0x000001d9b13a4800 Uncommon trap: reason=unstable_if action=reinterpret pc=0x000001d9a0eaf454 method=java.util.Formatter$Conversion.isGeneral(C)Z @ 1 c2
Event: 154.441 Thread 0x000001d9b13a4800 DEOPT PACKING pc=0x000001d9a0eaf454 sp=0x00000098e63f9380
Event: 154.441 Thread 0x000001d9b13a4800 DEOPT UNPACKING pc=0x000001d998eea1af sp=0x00000098e63f9308 mode 2
Event: 154.549 Thread 0x000001d9b13a4800 Uncommon trap: trap_request=0xffffff4d fr.pc=0x000001d9a0c90c00 relative=0x0000000000001b60
Event: 154.549 Thread 0x000001d9b13a4800 Uncommon trap: reason=unstable_if action=reinterpret pc=0x000001d9a0c90c00 method=sun.nio.fs.WindowsPathParser.normalize(Ljava/lang/StringBuilder;Ljava/lang/String;I)Ljava/lang/String; @ 172 c2
Event: 154.549 Thread 0x000001d9b13a4800 DEOPT PACKING pc=0x000001d9a0c90c00 sp=0x00000098e63f9420
Event: 154.549 Thread 0x000001d9b13a4800 DEOPT UNPACKING pc=0x000001d998eea1af sp=0x00000098e63f9410 mode 2
Event: 155.169 Thread 0x000001d9b13a4800 Uncommon trap: trap_request=0xffffffde fr.pc=0x000001d9a0d6e42c relative=0x00000000000019ac
Event: 155.169 Thread 0x000001d9b13a4800 Uncommon trap: reason=class_check action=maybe_recompile pc=0x000001d9a0d6e42c method=java.lang.Class.createAnnotationData(I)Ljava/lang/Class$AnnotationData; @ 103 c2
Event: 155.169 Thread 0x000001d9b13a4800 DEOPT PACKING pc=0x000001d9a0d6e42c sp=0x00000098e63f88e0
Event: 155.169 Thread 0x000001d9b13a4800 DEOPT UNPACKING pc=0x000001d998eea1af sp=0x00000098e63f8768 mode 2
Event: 155.289 Thread 0x000001d9b13a4800 Uncommon trap: trap_request=0xfffffff4 fr.pc=0x000001d9a0d6e5dc relative=0x0000000000001b5c
Event: 155.289 Thread 0x000001d9b13a4800 Uncommon trap: reason=null_check action=make_not_entrant pc=0x000001d9a0d6e5dc method=java.lang.Class.createAnnotationData(I)Ljava/lang/Class$AnnotationData; @ 14 c2
Event: 155.289 Thread 0x000001d9b13a4800 DEOPT PACKING pc=0x000001d9a0d6e5dc sp=0x00000098e63f7db0
Event: 155.290 Thread 0x000001d9b13a4800 DEOPT UNPACKING pc=0x000001d998eea1af sp=0x00000098e63f7d60 mode 2

Classes redefined (0 events):
No events

Internal exceptions (20 events):
Event: 151.466 Thread 0x000001d9b13a4800 Exception <a 'java/lang/ClassNotFoundException'{0x0000000088752a38}: org/gradle/internal/extensibility/DefaultConventionCustomizer> (0x0000000088752a38) thrown at [./src/hotspot/share/classfile/systemDictionary.cpp, line 231]
Event: 151.483 Thread 0x000001d9b13a4800 Exception <a 'java/lang/ClassNotFoundException'{0x00000000887fad70}: org/gradle/internal/extensibility/DefaultExtensionsSchemaBeanInfo> (0x00000000887fad70) thrown at [./src/hotspot/share/classfile/systemDictionary.cpp, line 231]
Event: 151.484 Thread 0x000001d9b13a4800 Exception <a 'java/lang/ClassNotFoundException'{0x0000000087f12a80}: org/gradle/internal/extensibility/DefaultExtensionsSchemaCustomizer> (0x0000000087f12a80) thrown at [./src/hotspot/share/classfile/systemDictionary.cpp, line 231]
Event: 151.490 Thread 0x000001d9b13a4800 Exception <a 'java/lang/ClassNotFoundException'{0x0000000087f52c48}: org/gradle/internal/extensibility/ExtensionsStorage$ExtensionHolderBeanInfo> (0x0000000087f52c48) thrown at [./src/hotspot/share/classfile/systemDictionary.cpp, line 231]
Event: 151.492 Thread 0x000001d9b13a4800 Exception <a 'java/lang/ClassNotFoundException'{0x0000000087f6bac8}: org/gradle/internal/extensibility/ExtensionsStorage$ExtensionHolderCustomizer> (0x0000000087f6bac8) thrown at [./src/hotspot/share/classfile/systemDictionary.cpp, line 231]
Event: 151.548 Thread 0x000001d9b13a4800 Exception <a 'java/lang/ClassNotFoundException'{0x000000008aca7cb0}: org/codehaus/groovy/runtime/NullObjectBeanInfo> (0x000000008aca7cb0) thrown at [./src/hotspot/share/classfile/systemDictionary.cpp, line 231]
Event: 151.558 Thread 0x000001d9b13a4800 Exception <a 'java/lang/ClassNotFoundException'{0x000000008aa7ef28}: org/codehaus/groovy/runtime/NullObjectCustomizer> (0x000000008aa7ef28) thrown at [./src/hotspot/share/classfile/systemDictionary.cpp, line 231]
Event: 151.649 Thread 0x000001d9b13a4800 Exception <a 'java/lang/ClassNotFoundException'{0x000000008a69d898}: org/gradle/api/internal/tasks/DefaultSourceSetContainer_DecoratedBeanInfo> (0x000000008a69d898) thrown at [./src/hotspot/share/classfile/systemDictionary.cpp, line 231]
Event: 151.723 Thread 0x000001d9b13a4800 Exception <a 'java/lang/ClassNotFoundException'{0x000000008a6bfc98}: org/gradle/api/internal/tasks/DefaultSourceSetContainerBeanInfo> (0x000000008a6bfc98) thrown at [./src/hotspot/share/classfile/systemDictionary.cpp, line 231]
Event: 151.724 Thread 0x000001d9b13a4800 Exception <a 'java/lang/ClassNotFoundException'{0x000000008a6e20f0}: org/gradle/api/internal/tasks/DefaultSourceSetContainerCustomizer> (0x000000008a6e20f0) thrown at [./src/hotspot/share/classfile/systemDictionary.cpp, line 231]
Event: 151.726 Thread 0x000001d9b13a4800 Exception <a 'java/lang/ClassNotFoundException'{0x000000008a5138a0}: org/gradle/api/internal/tasks/DefaultSourceSetContainer_DecoratedCustomizer> (0x000000008a5138a0) thrown at [./src/hotspot/share/classfile/systemDictionary.cpp, line 231]
Event: 151.734 Thread 0x000001d9b13a4800 Exception <a 'java/lang/NoSuchMethodError'{0x000000008a556d20}: <clinit>> (0x000000008a556d20) thrown at [./src/hotspot/share/prims/jni.cpp, line 1366]
Event: 151.743 Thread 0x000001d9b13a4800 Exception <a 'java/lang/NoSuchMethodError'{0x000000008a579f90}: <clinit>> (0x000000008a579f90) thrown at [./src/hotspot/share/prims/jni.cpp, line 1366]
Event: 151.745 Thread 0x000001d9b13a4800 Exception <a 'java/lang/NoSuchMethodError'{0x000000008a590200}: <clinit>> (0x000000008a590200) thrown at [./src/hotspot/share/prims/jni.cpp, line 1366]
Event: 152.718 Thread 0x000001d9b13a4800 Exception <a 'java/lang/NoSuchMethodError'{0x000000008a676758}: <clinit>> (0x000000008a676758) thrown at [./src/hotspot/share/prims/jni.cpp, line 1366]
Event: 152.720 Thread 0x000001d9b13a4800 Exception <a 'java/lang/NoSuchMethodError'{0x000000008a684660}: <clinit>> (0x000000008a684660) thrown at [./src/hotspot/share/prims/jni.cpp, line 1366]
Event: 152.868 Thread 0x000001d9b13a4800 Exception <a 'java/lang/NoSuchMethodError'{0x000000008ac5f8c8}: <clinit>> (0x000000008ac5f8c8) thrown at [./src/hotspot/share/prims/jni.cpp, line 1366]
Event: 154.367 Thread 0x000001d9b13a4800 Exception <a 'sun/nio/fs/WindowsException'{0x000000008a497560}> (0x000000008a497560) thrown at [./src/hotspot/share/prims/jni.cpp, line 616]
Event: 155.059 Thread 0x000001d9b13a4800 Exception <a 'java/lang/NullPointerException'{0x000000008ac6d600}> (0x000000008ac6d600) thrown at [./src/hotspot/share/interpreter/linkResolver.cpp, line 1440]
Event: 155.289 Thread 0x000001d9b13a4800 Implicit null exception at 0x000001d9a0d6cb6b to 0x000001d9a0d6e5b4

Events (20 events):
Event: 155.312 loading class com/sun/xml/bind/v2/model/core/Adapter done
Event: 155.313 loading class com/sun/xml/bind/v2/runtime/reflect/Utils
Event: 155.313 loading class com/sun/xml/bind/v2/runtime/reflect/Utils done
Event: 155.314 loading class com/sun/xml/bind/v2/runtime/reflect/Utils$1
Event: 155.314 loading class com/sun/xml/bind/v2/runtime/reflect/Utils$1 done
Event: 155.315 loading class javax/xml/bind/annotation/adapters/CollapsedStringAdapter
Event: 155.315 loading class javax/xml/bind/annotation/adapters/CollapsedStringAdapter done
Event: 155.317 loading class javax/xml/bind/annotation/XmlSchemaType$DEFAULT
Event: 155.317 loading class javax/xml/bind/annotation/XmlSchemaType$DEFAULT done
Event: 155.327 loading class com/android/repository/api/RepositorySource
Event: 155.327 loading class com/android/repository/api/RepositorySource done
Event: 155.343 loading class com/sun/xml/bind/v2/model/impl/GetterSetterPropertySeed
Event: 155.343 loading class com/sun/xml/bind/v2/model/impl/GetterSetterPropertySeed done
Event: 155.370 loading class com/android/repository/impl/meta/Archive$HostConfig
Event: 155.370 loading class com/android/repository/impl/meta/Archive$HostConfig done
Event: 155.376 loading class com/sun/xml/bind/api/impl/NameConverter
Event: 155.376 loading class com/sun/xml/bind/api/impl/NameConverter done
Event: 155.377 loading class com/sun/xml/bind/api/impl/NameConverter$Standard
Event: 155.377 loading class com/sun/xml/bind/api/impl/NameConverter$Standard done
Event: 155.377 Executing VM operation: G1CollectForAllocation


Dynamic libraries:
0x00007ff7035d0000 - 0x00007ff7035da000 	C:\Program Files\Android\Android Studio1\jre\bin\java.exe
0x00007ff99ad10000 - 0x00007ff99af08000 	C:\Windows\SYSTEM32\ntdll.dll
0x00007ff99a5d0000 - 0x00007ff99a68d000 	C:\Windows\System32\KERNEL32.DLL
0x00007ff9988a0000 - 0x00007ff998b96000 	C:\Windows\System32\KERNELBASE.dll
0x00007ff998710000 - 0x00007ff998810000 	C:\Windows\System32\ucrtbase.dll
0x00007ff995dc0000 - 0x00007ff995dd9000 	C:\Program Files\Android\Android Studio1\jre\bin\jli.dll
0x00007ff99a430000 - 0x00007ff99a5ce000 	C:\Windows\System32\USER32.dll
0x00007ff993c50000 - 0x00007ff993c67000 	C:\Program Files\Android\Android Studio1\jre\bin\VCRUNTIME140.dll
0x00007ff9984a0000 - 0x00007ff9984c2000 	C:\Windows\System32\win32u.dll
0x00007ff9990b0000 - 0x00007ff9990db000 	C:\Windows\System32\GDI32.dll
0x00007ff998580000 - 0x00007ff998697000 	C:\Windows\System32\gdi32full.dll
0x00007ff998400000 - 0x00007ff99849d000 	C:\Windows\System32\msvcp_win.dll
0x00007ff988490000 - 0x00007ff98872a000 	C:\Windows\WinSxS\amd64_microsoft.windows.common-controls_6595b64144ccf1df_6.0.19041.3636_none_60b6a03d71f818d5\COMCTL32.dll
0x00007ff99a390000 - 0x00007ff99a42e000 	C:\Windows\System32\msvcrt.dll
0x00007ff9990e0000 - 0x00007ff999112000 	C:\Windows\System32\IMM32.DLL
0x00007ff976130000 - 0x00007ff9761cd000 	C:\Program Files\Android\Android Studio1\jre\bin\msvcp140.dll
0x00007ff93cd60000 - 0x00007ff93d862000 	C:\Program Files\Android\Android Studio1\jre\bin\server\jvm.dll
0x00007ff999b70000 - 0x00007ff999c23000 	C:\Windows\System32\ADVAPI32.dll
0x00007ff999460000 - 0x00007ff9994ff000 	C:\Windows\System32\sechost.dll
0x00007ff999180000 - 0x00007ff9992a6000 	C:\Windows\System32\RPCRT4.dll
0x00007ff9983d0000 - 0x00007ff9983f7000 	C:\Windows\System32\bcrypt.dll
0x00007ff998f40000 - 0x00007ff998f48000 	C:\Windows\System32\PSAPI.DLL
0x00007ff940b40000 - 0x00007ff940b49000 	C:\Windows\SYSTEM32\WSOCK32.dll
0x00007ff999040000 - 0x00007ff9990ab000 	C:\Windows\System32\WS2_32.dll
0x00007ff988860000 - 0x00007ff988887000 	C:\Windows\SYSTEM32\WINMM.dll
0x00007ff987e30000 - 0x00007ff987e3a000 	C:\Windows\SYSTEM32\VERSION.dll
0x00007ff996280000 - 0x00007ff996292000 	C:\Windows\SYSTEM32\kernel.appcore.dll
0x00007ff93da80000 - 0x00007ff93da91000 	C:\Program Files\Android\Android Studio1\jre\bin\verify.dll
0x00007ff981f40000 - 0x00007ff982124000 	C:\Windows\SYSTEM32\DBGHELP.DLL
0x00007ff981f00000 - 0x00007ff981f34000 	C:\Windows\SYSTEM32\dbgcore.DLL
0x00007ff998810000 - 0x00007ff998892000 	C:\Windows\System32\bcryptPrimitives.dll
0x00007ff93da50000 - 0x00007ff93da79000 	C:\Program Files\Android\Android Studio1\jre\bin\java.dll
0x00007ff940650000 - 0x00007ff94065b000 	C:\Program Files\Android\Android Studio1\jre\bin\jimage.dll
0x00007ff93da30000 - 0x00007ff93da48000 	C:\Program Files\Android\Android Studio1\jre\bin\zip.dll
0x00007ff999c40000 - 0x00007ff99a385000 	C:\Windows\System32\SHELL32.dll
0x00007ff996480000 - 0x00007ff996c1c000 	C:\Windows\SYSTEM32\windows.storage.dll
0x00007ff999510000 - 0x00007ff999864000 	C:\Windows\System32\combase.dll
0x00007ff997e00000 - 0x00007ff997e2e000 	C:\Windows\SYSTEM32\Wldp.dll
0x00007ff998f70000 - 0x00007ff99903d000 	C:\Windows\System32\OLEAUT32.dll
0x00007ff999870000 - 0x00007ff99991d000 	C:\Windows\System32\SHCORE.dll
0x00007ff998dd0000 - 0x00007ff998e25000 	C:\Windows\System32\shlwapi.dll
0x00007ff998300000 - 0x00007ff998325000 	C:\Windows\SYSTEM32\profapi.dll
0x00007ff93da10000 - 0x00007ff93da2a000 	C:\Program Files\Android\Android Studio1\jre\bin\net.dll
0x00007ff98a7c0000 - 0x00007ff98a8ca000 	C:\Windows\SYSTEM32\WINHTTP.dll
0x00007ff997b60000 - 0x00007ff997bca000 	C:\Windows\system32\mswsock.dll
0x00007ff93d9f0000 - 0x00007ff93da04000 	C:\Program Files\Android\Android Studio1\jre\bin\nio.dll
0x00007ff98f7e0000 - 0x00007ff98f807000 	C:\Users\Admin\.gradle\wrapper\dists\gradle-7.3.2-bin\native\e1d6ef7f7dcc3fd88c89a11ec53ec762bb8ba0a96d01ffa2cd45eb1d1d8dd5c5\windows-amd64\native-platform.dll
0x00007ff973d30000 - 0x00007ff973e74000 	C:\Users\Admin\.gradle\wrapper\dists\gradle-7.3.2-bin\native\0d407fdbe67a94daf76414ababcb853783967236a71b16ec16e742cd7a986fd3\windows-amd64\native-platform-file-events.dll
0x00007ff98f8a0000 - 0x00007ff98f8aa000 	C:\Program Files\Android\Android Studio1\jre\bin\management.dll
0x00007ff98f890000 - 0x00007ff98f89d000 	C:\Program Files\Android\Android Studio1\jre\bin\management_ext.dll
0x00007ff997d60000 - 0x00007ff997d78000 	C:\Windows\SYSTEM32\CRYPTSP.dll
0x00007ff997420000 - 0x00007ff997454000 	C:\Windows\system32\rsaenh.dll
0x00007ff998280000 - 0x00007ff9982ae000 	C:\Windows\SYSTEM32\USERENV.dll
0x00007ff997d50000 - 0x00007ff997d5c000 	C:\Windows\SYSTEM32\CRYPTBASE.dll
0x00007ff997800000 - 0x00007ff99783b000 	C:\Windows\SYSTEM32\IPHLPAPI.DLL
0x00007ff999500000 - 0x00007ff999508000 	C:\Windows\System32\NSI.dll
0x00007ff98c470000 - 0x00007ff98c487000 	C:\Windows\SYSTEM32\dhcpcsvc6.DLL
0x00007ff98d4b0000 - 0x00007ff98d4cd000 	C:\Windows\SYSTEM32\dhcpcsvc.DLL
0x00007ff997850000 - 0x00007ff99791a000 	C:\Windows\SYSTEM32\DNSAPI.dll

dbghelp: loaded successfully - version: 4.0.5 - missing functions: none
symbol engine: initialized successfully - sym options: 0x614 - pdb path: .;C:\Program Files\Android\Android Studio1\jre\bin;C:\Windows\SYSTEM32;C:\Windows\WinSxS\amd64_microsoft.windows.common-controls_6595b64144ccf1df_6.0.19041.3636_none_60b6a03d71f818d5;C:\Program Files\Android\Android Studio1\jre\bin\server;C:\Users\Admin\.gradle\wrapper\dists\gradle-7.3.2-bin\native\e1d6ef7f7dcc3fd88c89a11ec53ec762bb8ba0a96d01ffa2cd45eb1d1d8dd5c5\windows-amd64;C:\Users\Admin\.gradle\wrapper\dists\gradle-7.3.2-bin\native\0d407fdbe67a94daf76414ababcb853783967236a71b16ec16e742cd7a986fd3\windows-amd64

VM Arguments:
jvm_args: --add-opens=java.base/java.util=ALL-UNNAMED --add-opens=java.base/java.lang=ALL-UNNAMED --add-opens=java.base/java.lang.invoke=ALL-UNNAMED --add-opens=java.base/java.util=ALL-UNNAMED --add-opens=java.prefs/java.util.prefs=ALL-UNNAMED --add-opens=java.prefs/java.util.prefs=ALL-UNNAMED --add-opens=java.base/java.nio.charset=ALL-UNNAMED --add-opens=java.base/java.net=ALL-UNNAMED --add-opens=java.base/java.util.concurrent.atomic=ALL-UNNAMED -Xmx2048m -Dfile.encoding=UTF-8 -Duser.country=IN -Duser.language=en -Duser.variant 
java_command: org.gradle.launcher.daemon.bootstrap.GradleDaemon 7.4
java_class_path (initial): C:\Users\Admin\.gradle\wrapper\dists\gradle-7.3.2-bin\wrapper\dists\gradle-7.4-bin\c0gwcg53nkjbqw7r0h0umtfvt\gradle-7.4\lib\gradle-launcher-7.4.jar
Launcher Type: SUN_STANDARD

[Global flags]
     intx CICompilerCount                          = 3                                         {product} {ergonomic}
     uint ConcGCThreads                            = 1                                         {product} {ergonomic}
     uint G1ConcRefinementThreads                  = 4                                         {product} {ergonomic}
   size_t G1HeapRegionSize                         = 1048576                                   {product} {ergonomic}
    uintx GCDrainStackTargetSize                   = 64                                        {product} {ergonomic}
   size_t InitialHeapSize                          = 134217728                                 {product} {ergonomic}
   size_t MarkStackSize                            = 4194304                                   {product} {ergonomic}
   size_t MaxHeapSize                              = 2147483648                                {product} {command line}
   size_t MaxNewSize                               = 1287651328                                {product} {ergonomic}
   size_t MinHeapDeltaBytes                        = 1048576                                   {product} {ergonomic}
    uintx NonNMethodCodeHeapSize                   = 5830732                                {pd product} {ergonomic}
    uintx NonProfiledCodeHeapSize                  = 122913754                              {pd product} {ergonomic}
    uintx ProfiledCodeHeapSize                     = 122913754                              {pd product} {ergonomic}
    uintx ReservedCodeCacheSize                    = 251658240                              {pd product} {ergonomic}
     bool SegmentedCodeCache                       = true                                      {product} {ergonomic}
     bool UseCompressedClassPointers               = true                                 {lp64_product} {ergonomic}
     bool UseCompressedOops                        = true                                 {lp64_product} {ergonomic}
     bool UseG1GC                                  = true                                      {product} {ergonomic}
     bool UseLargePagesIndividualAllocation        = false                                  {pd product} {ergonomic}

Logging:
Log output configuration:
 #0: stdout all=warning uptime,level,tags
 #1: stderr all=off uptime,level,tags

Environment Variables:
JAVA_HOME=C:\Users\Admin
PATH=C:\Program Files\Common Files\Oracle\Java\javapath;C:\Program Files (x86)\Common Files\Oracle\Java\javapath;C:\Windows\system32;C:\Windows;C:\Windows\System32\Wbem;C:\Windows\System32\WindowsPowerShell\v1.0\;C:\Windows\System32\OpenSSH\;C:\Program Files\Git\cmd;C:\Program Files\dotnet\;C:\Program Files (x86)\dotnet\;C:\Users\Admin\AppData\Local\Microsoft\WindowsApps;C:\Program Files (x86)\Nmap
USERNAME=Admin
OS=Windows_NT
PROCESSOR_IDENTIFIER=Intel64 Family 6 Model 69 Stepping 1, GenuineIntel



---------------  S Y S T E M  ---------------

OS: Windows 10 , 64 bit Build 19041 (10.0.19041.3636)
OS uptime: 8 days 10:19 hours

CPU:total 4 (initial active 4) (2 cores per cpu, 2 threads per core) family 6 model 69 stepping 1 microcode 0x25, cmov, cx8, fxsr, mmx, sse, sse2, sse3, ssse3, sse4.1, sse4.2, popcnt, avx, avx2, aes, clmul, erms, lzcnt, ht, tsc, tscinvbit, bmi1, bmi2, fma

Memory: 4k page, system-wide physical 8113M (244M free)
TotalPageFile size 15537M (AvailPageFile size 19M)
current process WorkingSet (physical memory assigned to process): 383M, peak: 386M
current process commit charge ("private bytes"): 433M, peak: 471M

vm_info: OpenJDK 64-Bit Server VM (11.0.13+0-b1751.21-8125866) for windows-amd64 JRE (11.0.13+0-b1751.21-8125866), built on Feb  2 2022 03:00:22 by "builder" with MS VC++ 14.0 (VS2015)

END.
